<?xml version="1.0" encoding="UTF-8"?>
<coverage generated="1759785152920" clover="3.2.0">
  <project timestamp="1759785152920" name="All files">
    <metrics statements="279" coveredstatements="245" conditionals="91" coveredconditionals="75" methods="53" coveredmethods="48" elements="423" coveredelements="368" complexity="0" loc="279" ncloc="279" packages="3" files="4" classes="4"/>
    <package name="memory">
      <metrics statements="163" coveredstatements="130" conditionals="69" coveredconditionals="55" methods="32" coveredmethods="27"/>
      <file name="MemoryService.ts" path="/home/runner/work/sallie-project/sallie-project/src/core/memory/MemoryService.ts">
        <metrics statements="163" coveredstatements="130" conditionals="69" coveredconditionals="55" methods="32" coveredmethods="27"/>
        <line num="6" count="1" type="stmt"/>
        <line num="20" count="1" type="stmt"/>
        <line num="21" count="1" type="stmt"/>
        <line num="22" count="1" type="stmt"/>
        <line num="38" count="1" type="stmt"/>
        <line num="39" count="32" type="stmt"/>
        <line num="40" count="32" type="stmt"/>
        <line num="41" count="32" type="stmt"/>
        <line num="45" count="32" type="stmt"/>
        <line num="52" count="32" type="stmt"/>
        <line num="59" count="32" type="stmt"/>
        <line num="60" count="32" type="stmt"/>
        <line num="62" count="32" type="cond" truecount="1" falsecount="0"/>
        <line num="63" count="30" type="stmt"/>
        <line num="66" count="32" type="stmt"/>
        <line num="75" count="161" type="stmt"/>
        <line num="77" count="161" type="stmt"/>
        <line num="84" count="161" type="stmt"/>
        <line num="85" count="161" type="stmt"/>
        <line num="88" count="161" type="cond" truecount="0" falsecount="1"/>
        <line num="89" count="0" type="stmt"/>
        <line num="92" count="161" type="stmt"/>
        <line num="94" count="161" type="cond" truecount="0" falsecount="1"/>
        <line num="95" count="0" type="stmt"/>
        <line num="98" count="161" type="stmt"/>
        <line num="107" count="12" type="stmt"/>
        <line num="108" count="12" type="stmt"/>
        <line num="109" count="12" type="stmt"/>
        <line num="111" count="12" type="stmt"/>
        <line num="112" count="122" type="stmt"/>
        <line num="113" count="122" type="cond" truecount="1" falsecount="0"/>
        <line num="114" count="109" type="stmt"/>
        <line num="115" count="109" type="stmt"/>
        <line num="120" count="12" type="stmt"/>
        <line num="121" count="101" type="cond" truecount="2" falsecount="2"/>
        <line num="125" count="12" type="cond" truecount="2" falsecount="0"/>
        <line num="126" count="12" type="cond" truecount="2" falsecount="0"/>
        <line num="127" count="12" type="stmt"/>
        <line num="129" count="12" type="stmt"/>
        <line num="131" count="12" type="cond" truecount="0" falsecount="1"/>
        <line num="132" count="0" type="stmt"/>
        <line num="135" count="12" type="stmt"/>
        <line num="150" count="122" type="stmt"/>
        <line num="153" count="122" type="cond" truecount="3" falsecount="0"/>
        <line num="154" count="4" type="cond" truecount="1" falsecount="0"/>
        <line num="155" count="2" type="stmt"/>
        <line num="157" count="2" type="stmt"/>
        <line num="161" count="120" type="cond" truecount="3" falsecount="0"/>
        <line num="162" count="109" type="stmt"/>
        <line num="163" count="109" type="stmt"/>
        <line num="164" count="110" type="stmt"/>
        <line num="166" count="109" type="stmt"/>
        <line num="170" count="120" type="cond" truecount="1" falsecount="0"/>
        <line num="171" count="4" type="stmt"/>
        <line num="172" count="4" type="stmt"/>
        <line num="173" count="4" type="stmt"/>
        <line num="175" count="4" type="cond" truecount="3" falsecount="0"/>
        <line num="176" count="4" type="stmt"/>
        <line num="181" count="120" type="cond" truecount="1" falsecount="0"/>
        <line num="182" count="4" type="cond" truecount="1" falsecount="0"/>
        <line num="183" count="2" type="stmt"/>
        <line num="188" count="120" type="cond" truecount="3" falsecount="0"/>
        <line num="189" count="1" type="stmt"/>
        <line num="190" count="1" type="stmt"/>
        <line num="191" count="1" type="stmt"/>
        <line num="193" count="1" type="stmt"/>
        <line num="196" count="120" type="stmt"/>
        <line num="210" count="11" type="stmt"/>
        <line num="232" count="11" type="stmt"/>
        <line num="246" count="138" type="stmt"/>
        <line num="267" count="138" type="stmt"/>
        <line num="281" count="7" type="stmt"/>
        <line num="302" count="7" type="stmt"/>
        <line num="316" count="5" type="stmt"/>
        <line num="337" count="5" type="stmt"/>
        <line num="353" count="21" type="stmt"/>
        <line num="354" count="21" type="cond" truecount="1" falsecount="0"/>
        <line num="355" count="1" type="stmt"/>
        <line num="358" count="20" type="stmt"/>
        <line num="366" count="20" type="stmt"/>
        <line num="368" count="20" type="cond" truecount="2" falsecount="0"/>
        <line num="369" count="20" type="stmt"/>
        <line num="370" count="20" type="stmt"/>
        <line num="383" count="7" type="stmt"/>
        <line num="384" count="7" type="stmt"/>
        <line num="386" count="7" type="stmt"/>
        <line num="387" count="28" type="cond" truecount="3" falsecount="0"/>
        <line num="388" count="2" type="stmt"/>
        <line num="391" count="26" type="stmt"/>
        <line num="392" count="26" type="cond" truecount="2" falsecount="0"/>
        <line num="394" count="26" type="stmt"/>
        <line num="395" count="22" type="stmt"/>
        <line num="396" count="22" type="cond" truecount="3" falsecount="0"/>
        <line num="397" count="21" type="stmt"/>
        <line num="398" count="21" type="stmt"/>
        <line num="403" count="7" type="stmt"/>
        <line num="404" count="7" type="stmt"/>
        <line num="412" count="2" type="stmt"/>
        <line num="413" count="2" type="stmt"/>
        <line num="420" count="2" type="stmt"/>
        <line num="421" count="2" type="stmt"/>
        <line num="422" count="2" type="stmt"/>
        <line num="424" count="2" type="stmt"/>
        <line num="425" count="2" type="stmt"/>
        <line num="426" count="2" type="stmt"/>
        <line num="427" count="2" type="cond" truecount="1" falsecount="0"/>
        <line num="428" count="2" type="cond" truecount="1" falsecount="0"/>
        <line num="431" count="2" type="stmt"/>
        <line num="436" count="0" type="stmt"/>
        <line num="447" count="0" type="cond" truecount="0" falsecount="1"/>
        <line num="448" count="0" type="stmt"/>
        <line num="451" count="0" type="stmt"/>
        <line num="452" count="0" type="stmt"/>
        <line num="453" count="0" type="stmt"/>
        <line num="456" count="0" type="stmt"/>
        <line num="457" count="0" type="stmt"/>
        <line num="458" count="0" type="stmt"/>
        <line num="463" count="0" type="cond" truecount="0" falsecount="1"/>
        <line num="464" count="0" type="stmt"/>
        <line num="474" count="0" type="stmt"/>
        <line num="475" count="0" type="stmt"/>
        <line num="485" count="0" type="stmt"/>
        <line num="488" count="0" type="cond" truecount="0" falsecount="1"/>
        <line num="489" count="0" type="stmt"/>
        <line num="493" count="0" type="stmt"/>
        <line num="496" count="0" type="stmt"/>
        <line num="497" count="0" type="cond" truecount="0" falsecount="2"/>
        <line num="498" count="0" type="stmt"/>
        <line num="499" count="0" type="cond" truecount="0" falsecount="1"/>
        <line num="500" count="0" type="stmt"/>
        <line num="504" count="0" type="stmt"/>
        <line num="505" count="0" type="stmt"/>
        <line num="506" count="0" type="stmt"/>
        <line num="507" count="0" type="stmt"/>
        <line num="508" count="0" type="stmt"/>
        <line num="510" count="0" type="stmt"/>
        <line num="519" count="5" type="stmt"/>
        <line num="520" count="5" type="stmt"/>
        <line num="522" count="5" type="cond" truecount="1" falsecount="0"/>
        <line num="523" count="1" type="cond" truecount="1" falsecount="0"/>
        <line num="524" count="0" type="stmt"/>
        <line num="532" count="2" type="stmt"/>
        <line num="533" count="2" type="stmt"/>
        <line num="534" count="2" type="stmt"/>
        <line num="536" count="2" type="stmt"/>
        <line num="544" count="11" type="stmt"/>
        <line num="545" count="1" type="stmt"/>
        <line num="547" count="11" type="cond" truecount="1" falsecount="0"/>
        <line num="549" count="1" type="stmt"/>
        <line num="557" count="161" type="stmt"/>
        <line num="564" count="32" type="stmt"/>
        <line num="565" count="0" type="stmt"/>
        <line num="574" count="32" type="cond" truecount="1" falsecount="0"/>
        <line num="575" count="32" type="stmt"/>
        <line num="576" count="32" type="stmt"/>
        <line num="585" count="3" type="stmt"/>
        <line num="590" count="3" type="stmt"/>
        <line num="598" count="2" type="stmt"/>
        <line num="600" count="2" type="stmt"/>
        <line num="602" count="2" type="stmt"/>
        <line num="603" count="2" type="stmt"/>
        <line num="604" count="2" type="stmt"/>
        <line num="607" count="2" type="stmt"/>
      </file>
    </package>
    <package name="memory.storage">
      <metrics statements="70" coveredstatements="69" conditionals="10" coveredconditionals="8" methods="15" coveredmethods="15"/>
      <file name="compression.ts" path="/home/runner/work/sallie-project/sallie-project/src/core/memory/storage/compression.ts">
        <metrics statements="35" coveredstatements="34" conditionals="9" coveredconditionals="7" methods="7" coveredmethods="7"/>
        <line num="6" count="2" type="stmt"/>
        <line num="7" count="2" type="stmt"/>
        <line num="9" count="2" type="stmt"/>
        <line num="10" count="2" type="stmt"/>
        <line num="15" count="2" type="cond" truecount="2" falsecount="0"/>
        <line num="16" count="2" type="stmt"/>
        <line num="17" count="2" type="stmt"/>
        <line num="18" count="2" type="stmt"/>
        <line num="35" count="2" type="stmt"/>
        <line num="42" count="6" type="stmt"/>
        <line num="43" count="6" type="stmt"/>
        <line num="44" count="6" type="stmt"/>
        <line num="46" count="6" type="stmt"/>
        <line num="61" count="4" type="stmt"/>
        <line num="62" count="4" type="stmt"/>
        <line num="63" count="4" type="stmt"/>
        <line num="72" count="5" type="stmt"/>
        <line num="75" count="5" type="stmt"/>
        <line num="82" count="5" type="stmt"/>
        <line num="84" count="5" type="stmt"/>
        <line num="105" count="3" type="stmt"/>
        <line num="107" count="3" type="cond" truecount="1" falsecount="0"/>
        <line num="108" count="1" type="stmt"/>
        <line num="117" count="2" type="cond" truecount="1" falsecount="0"/>
        <line num="118" count="1" type="stmt"/>
        <line num="121" count="1" type="stmt"/>
        <line num="130" count="3" type="cond" truecount="3" falsecount="1"/>
        <line num="132" count="1" type="stmt"/>
        <line num="134" count="1" type="stmt"/>
        <line num="136" count="1" type="stmt"/>
        <line num="138" count="0" type="stmt"/>
        <line num="149" count="3" type="stmt"/>
        <line num="150" count="3" type="stmt"/>
        <line num="151" count="3" type="stmt"/>
        <line num="158" count="2" type="stmt"/>
      </file>
      <file name="encryption.ts" path="/home/runner/work/sallie-project/sallie-project/src/core/memory/storage/encryption.ts">
        <metrics statements="35" coveredstatements="35" conditionals="1" coveredconditionals="1" methods="8" coveredmethods="8"/>
        <line num="6" count="2" type="stmt"/>
        <line num="8" count="2" type="stmt"/>
        <line num="9" count="2" type="stmt"/>
        <line num="10" count="2" type="stmt"/>
        <line num="11" count="2" type="stmt"/>
        <line num="12" count="2" type="stmt"/>
        <line num="13" count="2" type="stmt"/>
        <line num="28" count="2" type="stmt"/>
        <line num="29" count="48" type="stmt"/>
        <line num="36" count="31" type="stmt"/>
        <line num="37" count="31" type="stmt"/>
        <line num="53" count="12" type="stmt"/>
        <line num="63" count="7" type="stmt"/>
        <line num="64" count="7" type="stmt"/>
        <line num="65" count="7" type="stmt"/>
        <line num="67" count="7" type="stmt"/>
        <line num="69" count="7" type="stmt"/>
        <line num="70" count="7" type="stmt"/>
        <line num="72" count="7" type="stmt"/>
        <line num="74" count="7" type="stmt"/>
        <line num="90" count="5" type="stmt"/>
        <line num="91" count="5" type="stmt"/>
        <line num="92" count="5" type="stmt"/>
        <line num="93" count="5" type="stmt"/>
        <line num="94" count="5" type="stmt"/>
        <line num="96" count="5" type="stmt"/>
        <line num="97" count="5" type="stmt"/>
        <line num="99" count="5" type="stmt"/>
        <line num="100" count="5" type="stmt"/>
        <line num="102" count="4" type="stmt"/>
        <line num="104" count="1" type="stmt"/>
        <line num="114" count="4" type="stmt"/>
        <line num="123" count="8" type="stmt"/>
        <line num="133" count="2" type="stmt"/>
        <line num="140" count="2" type="stmt"/>
      </file>
    </package>
    <package name="memory.types">
      <metrics statements="46" coveredstatements="46" conditionals="12" coveredconditionals="12" methods="6" coveredmethods="6"/>
      <file name="index.ts" path="/home/runner/work/sallie-project/sallie-project/src/core/memory/types/index.ts">
        <metrics statements="46" coveredstatements="46" conditionals="12" coveredconditionals="12" methods="6" coveredmethods="6"/>
        <line num="9" count="1" type="cond" truecount="2" falsecount="0"/>
        <line num="10" count="1" type="stmt"/>
        <line num="11" count="1" type="stmt"/>
        <line num="12" count="1" type="stmt"/>
        <line num="13" count="1" type="stmt"/>
        <line num="19" count="1" type="cond" truecount="2" falsecount="0"/>
        <line num="20" count="1" type="stmt"/>
        <line num="21" count="1" type="stmt"/>
        <line num="22" count="1" type="stmt"/>
        <line num="23" count="1" type="stmt"/>
        <line num="29" count="1" type="cond" truecount="2" falsecount="0"/>
        <line num="30" count="1" type="stmt"/>
        <line num="31" count="1" type="stmt"/>
        <line num="32" count="1" type="stmt"/>
        <line num="33" count="1" type="stmt"/>
        <line num="34" count="1" type="stmt"/>
        <line num="40" count="1" type="cond" truecount="2" falsecount="0"/>
        <line num="41" count="1" type="stmt"/>
        <line num="42" count="1" type="stmt"/>
        <line num="43" count="1" type="stmt"/>
        <line num="44" count="1" type="stmt"/>
        <line num="45" count="1" type="stmt"/>
        <line num="46" count="1" type="stmt"/>
        <line num="47" count="1" type="stmt"/>
        <line num="48" count="1" type="stmt"/>
        <line num="49" count="1" type="stmt"/>
        <line num="50" count="1" type="stmt"/>
        <line num="51" count="1" type="stmt"/>
        <line num="52" count="1" type="stmt"/>
        <line num="53" count="1" type="stmt"/>
        <line num="54" count="1" type="stmt"/>
        <line num="55" count="1" type="stmt"/>
        <line num="56" count="1" type="stmt"/>
        <line num="57" count="1" type="stmt"/>
        <line num="58" count="1" type="stmt"/>
        <line num="64" count="1" type="cond" truecount="2" falsecount="0"/>
        <line num="65" count="1" type="stmt"/>
        <line num="66" count="1" type="stmt"/>
        <line num="67" count="1" type="stmt"/>
        <line num="68" count="1" type="stmt"/>
        <line num="69" count="1" type="stmt"/>
        <line num="274" count="1" type="cond" truecount="2" falsecount="0"/>
        <line num="275" count="1" type="stmt"/>
        <line num="276" count="1" type="stmt"/>
        <line num="277" count="1" type="stmt"/>
        <line num="278" count="1" type="stmt"/>
      </file>
    </package>
  </project>
</coverage>
