{"/home/runner/work/sallie-project/sallie-project/src/core/memory/MemoryService.ts": {"path":"/home/runner/work/sallie-project/sallie-project/src/core/memory/MemoryService.ts","statementMap":{"0":{"start":{"line":6,"column":0},"end":{"line":6,"column":null}},"1":{"start":{"line":20,"column":0},"end":{"line":20,"column":57}},"2":{"start":{"line":21,"column":0},"end":{"line":21,"column":59}},"3":{"start":{"line":22,"column":0},"end":{"line":22,"column":28}},"4":{"start":{"line":39,"column":10},"end":{"line":39,"column":52}},"5":{"start":{"line":40,"column":10},"end":{"line":40,"column":63}},"6":{"start":{"line":41,"column":10},"end":{"line":41,"column":45}},"7":{"start":{"line":45,"column":10},"end":{"line":45,"column":59}},"8":{"start":{"line":52,"column":4},"end":{"line":57,"column":6}},"9":{"start":{"line":59,"column":4},"end":{"line":59,"column":53}},"10":{"start":{"line":60,"column":4},"end":{"line":60,"column":55}},"11":{"start":{"line":62,"column":4},"end":{"line":64,"column":5}},"12":{"start":{"line":63,"column":6},"end":{"line":63,"column":72}},"13":{"start":{"line":66,"column":4},"end":{"line":66,"column":35}},"14":{"start":{"line":75,"column":22},"end":{"line":75,"column":32}},"15":{"start":{"line":77,"column":31},"end":{"line":82,"column":6}},"16":{"start":{"line":84,"column":4},"end":{"line":84,"column":49}},"17":{"start":{"line":85,"column":4},"end":{"line":85,"column":46}},"18":{"start":{"line":88,"column":4},"end":{"line":90,"column":5}},"19":{"start":{"line":89,"column":6},"end":{"line":89,"column":68}},"20":{"start":{"line":92,"column":21},"end":{"line":92,"column":43}},"21":{"start":{"line":94,"column":4},"end":{"line":96,"column":5}},"22":{"start":{"line":95,"column":6},"end":{"line":95,"column":79}},"23":{"start":{"line":98,"column":4},"end":{"line":98,"column":22}},"24":{"start":{"line":107,"column":22},"end":{"line":107,"column":32}},"25":{"start":{"line":108,"column":30},"end":{"line":108,"column":32}},"26":{"start":{"line":109,"column":28},"end":{"line":109,"column":53}},"27":{"start":{"line":111,"column":4},"end":{"line":117,"column":5}},"28":{"start":{"line":112,"column":20},"end":{"line":112,"column":58}},"29":{"start":{"line":113,"column":6},"end":{"line":116,"column":7}},"30":{"start":{"line":114,"column":8},"end":{"line":114,"column":29}},"31":{"start":{"line":115,"column":8},"end":{"line":115,"column":39}},"32":{"start":{"line":120,"column":4},"end":{"line":122,"column":6}},"33":{"start":{"line":121,"column":6},"end":{"line":121,"column":73}},"34":{"start":{"line":125,"column":19},"end":{"line":125,"column":36}},"35":{"start":{"line":126,"column":18},"end":{"line":126,"column":35}},"36":{"start":{"line":127,"column":29},"end":{"line":127,"column":66}},"37":{"start":{"line":129,"column":26},"end":{"line":129,"column":48}},"38":{"start":{"line":131,"column":4},"end":{"line":133,"column":5}},"39":{"start":{"line":132,"column":6},"end":{"line":132,"column":80}},"40":{"start":{"line":135,"column":4},"end":{"line":140,"column":6}},"41":{"start":{"line":150,"column":16},"end":{"line":150,"column":17}},"42":{"start":{"line":153,"column":4},"end":{"line":158,"column":5}},"43":{"start":{"line":154,"column":6},"end":{"line":156,"column":7}},"44":{"start":{"line":155,"column":8},"end":{"line":155,"column":17}},"45":{"start":{"line":157,"column":6},"end":{"line":157,"column":19}},"46":{"start":{"line":161,"column":4},"end":{"line":167,"column":5}},"47":{"start":{"line":162,"column":22},"end":{"line":162,"column":50}},"48":{"start":{"line":163,"column":30},"end":{"line":165,"column":14}},"49":{"start":{"line":164,"column":8},"end":{"line":164,"column":41}},"50":{"start":{"line":166,"column":6},"end":{"line":166,"column":63}},"51":{"start":{"line":170,"column":4},"end":{"line":178,"column":5}},"52":{"start":{"line":171,"column":24},"end":{"line":171,"column":50}},"53":{"start":{"line":172,"column":20},"end":{"line":172,"column":51}},"54":{"start":{"line":173,"column":18},"end":{"line":173,"column":47}},"55":{"start":{"line":175,"column":6},"end":{"line":177,"column":7}},"56":{"start":{"line":176,"column":8},"end":{"line":176,"column":21}},"57":{"start":{"line":181,"column":4},"end":{"line":185,"column":5}},"58":{"start":{"line":182,"column":6},"end":{"line":184,"column":7}},"59":{"start":{"line":183,"column":8},"end":{"line":183,"column":22}},"60":{"start":{"line":188,"column":4},"end":{"line":194,"column":5}},"61":{"start":{"line":189,"column":29},"end":{"line":189,"column":85}},"62":{"start":{"line":189,"column":63},"end":{"line":189,"column":84}},"63":{"start":{"line":190,"column":30},"end":{"line":192,"column":14}},"64":{"start":{"line":191,"column":8},"end":{"line":191,"column":48}},"65":{"start":{"line":193,"column":6},"end":{"line":193,"column":64}},"66":{"start":{"line":196,"column":4},"end":{"line":196,"column":30}},"67":{"start":{"line":210,"column":59},"end":{"line":230,"column":6}},"68":{"start":{"line":232,"column":4},"end":{"line":232,"column":63}},"69":{"start":{"line":246,"column":59},"end":{"line":265,"column":6}},"70":{"start":{"line":267,"column":4},"end":{"line":267,"column":63}},"71":{"start":{"line":281,"column":61},"end":{"line":300,"column":6}},"72":{"start":{"line":302,"column":4},"end":{"line":302,"column":65}},"73":{"start":{"line":316,"column":60},"end":{"line":335,"column":6}},"74":{"start":{"line":337,"column":4},"end":{"line":337,"column":64}},"75":{"start":{"line":353,"column":25},"end":{"line":353,"column":52}},"76":{"start":{"line":354,"column":4},"end":{"line":356,"column":5}},"77":{"start":{"line":355,"column":6},"end":{"line":355,"column":61}},"78":{"start":{"line":358,"column":37},"end":{"line":364,"column":6}},"79":{"start":{"line":366,"column":4},"end":{"line":366,"column":48}},"80":{"start":{"line":368,"column":33},"end":{"line":368,"column":70}},"81":{"start":{"line":369,"column":4},"end":{"line":369,"column":43}},"82":{"start":{"line":370,"column":4},"end":{"line":370,"column":58}},"83":{"start":{"line":383,"column":20},"end":{"line":383,"column":37}},"84":{"start":{"line":384,"column":30},"end":{"line":384,"column":32}},"85":{"start":{"line":386,"column":21},"end":{"line":401,"column":5}},"86":{"start":{"line":387,"column":6},"end":{"line":389,"column":7}},"87":{"start":{"line":388,"column":8},"end":{"line":388,"column":15}},"88":{"start":{"line":391,"column":6},"end":{"line":391,"column":22}},"89":{"start":{"line":392,"column":27},"end":{"line":392,"column":58}},"90":{"start":{"line":394,"column":6},"end":{"line":400,"column":7}},"91":{"start":{"line":395,"column":23},"end":{"line":395,"column":56}},"92":{"start":{"line":396,"column":8},"end":{"line":399,"column":9}},"93":{"start":{"line":397,"column":10},"end":{"line":397,"column":31}},"94":{"start":{"line":398,"column":10},"end":{"line":398,"column":41}},"95":{"start":{"line":403,"column":4},"end":{"line":403,"column":26}},"96":{"start":{"line":404,"column":4},"end":{"line":404,"column":19}},"97":{"start":{"line":412,"column":24},"end":{"line":412,"column":58}},"98":{"start":{"line":413,"column":53},"end":{"line":418,"column":6}},"99":{"start":{"line":420,"column":26},"end":{"line":420,"column":27}},"100":{"start":{"line":421,"column":21},"end":{"line":421,"column":31}},"101":{"start":{"line":422,"column":21},"end":{"line":422,"column":32}},"102":{"start":{"line":424,"column":4},"end":{"line":429,"column":5}},"103":{"start":{"line":425,"column":6},"end":{"line":425,"column":34}},"104":{"start":{"line":426,"column":6},"end":{"line":426,"column":43}},"105":{"start":{"line":427,"column":6},"end":{"line":427,"column":71}},"106":{"start":{"line":427,"column":41},"end":{"line":427,"column":71}},"107":{"start":{"line":428,"column":6},"end":{"line":428,"column":71}},"108":{"start":{"line":428,"column":41},"end":{"line":428,"column":71}},"109":{"start":{"line":431,"column":4},"end":{"line":440,"column":6}},"110":{"start":{"line":436,"column":30},"end":{"line":436,"column":46}},"111":{"start":{"line":447,"column":4},"end":{"line":449,"column":5}},"112":{"start":{"line":448,"column":6},"end":{"line":448,"column":13}},"113":{"start":{"line":451,"column":22},"end":{"line":451,"column":32}},"114":{"start":{"line":452,"column":26},"end":{"line":452,"column":55}},"115":{"start":{"line":453,"column":4},"end":{"line":453,"column":34}},"116":{"start":{"line":456,"column":4},"end":{"line":472,"column":5}},"117":{"start":{"line":456,"column":17},"end":{"line":456,"column":18}},"118":{"start":{"line":457,"column":6},"end":{"line":471,"column":7}},"119":{"start":{"line":457,"column":19},"end":{"line":457,"column":24}},"120":{"start":{"line":458,"column":27},"end":{"line":460,"column":null}},"121":{"start":{"line":463,"column":8},"end":{"line":470,"column":9}},"122":{"start":{"line":464,"column":10},"end":{"line":469,"column":12}},"123":{"start":{"line":474,"column":21},"end":{"line":474,"column":43}},"124":{"start":{"line":475,"column":4},"end":{"line":475,"column":82}},"125":{"start":{"line":485,"column":16},"end":{"line":485,"column":17}},"126":{"start":{"line":488,"column":4},"end":{"line":490,"column":5}},"127":{"start":{"line":489,"column":6},"end":{"line":489,"column":19}},"128":{"start":{"line":493,"column":21},"end":{"line":494,"column":null}},"129":{"start":{"line":496,"column":21},"end":{"line":496,"column":53}},"130":{"start":{"line":497,"column":4},"end":{"line":501,"column":5}},"131":{"start":{"line":498,"column":6},"end":{"line":498,"column":19}},"132":{"start":{"line":499,"column":11},"end":{"line":501,"column":5}},"133":{"start":{"line":500,"column":6},"end":{"line":500,"column":20}},"134":{"start":{"line":504,"column":19},"end":{"line":504,"column":70}},"135":{"start":{"line":505,"column":19},"end":{"line":505,"column":70}},"136":{"start":{"line":506,"column":25},"end":{"line":506,"column":72}},"137":{"start":{"line":506,"column":57},"end":{"line":506,"column":70}},"138":{"start":{"line":507,"column":18},"end":{"line":507,"column":49}},"139":{"start":{"line":508,"column":4},"end":{"line":508,"column":52}},"140":{"start":{"line":510,"column":4},"end":{"line":510,"column":30}},"141":{"start":{"line":519,"column":29},"end":{"line":519,"column":109}},"142":{"start":{"line":520,"column":29},"end":{"line":520,"column":112}},"143":{"start":{"line":522,"column":4},"end":{"line":522,"column":55}},"144":{"start":{"line":522,"column":44},"end":{"line":522,"column":55}},"145":{"start":{"line":523,"column":4},"end":{"line":523,"column":56}},"146":{"start":{"line":523,"column":44},"end":{"line":523,"column":56}},"147":{"start":{"line":524,"column":4},"end":{"line":524,"column":13}},"148":{"start":{"line":532,"column":16},"end":{"line":532,"column":17}},"149":{"start":{"line":533,"column":4},"end":{"line":535,"column":5}},"150":{"start":{"line":534,"column":6},"end":{"line":534,"column":45}},"151":{"start":{"line":536,"column":4},"end":{"line":536,"column":17}},"152":{"start":{"line":544,"column":29},"end":{"line":545,"column":70}},"153":{"start":{"line":545,"column":19},"end":{"line":545,"column":49}},"154":{"start":{"line":547,"column":4},"end":{"line":547,"column":48}},"155":{"start":{"line":547,"column":39},"end":{"line":547,"column":48}},"156":{"start":{"line":549,"column":4},"end":{"line":549,"column":66}},"157":{"start":{"line":549,"column":49},"end":{"line":549,"column":59}},"158":{"start":{"line":557,"column":4},"end":{"line":557,"column":31}},"159":{"start":{"line":564,"column":4},"end":{"line":567,"column":6}},"160":{"start":{"line":565,"column":12},"end":{"line":565,"column":30}},"161":{"start":{"line":574,"column":4},"end":{"line":577,"column":5}},"162":{"start":{"line":575,"column":6},"end":{"line":575,"column":45}},"163":{"start":{"line":576,"column":6},"end":{"line":576,"column":37}},"164":{"start":{"line":585,"column":17},"end":{"line":589,"column":6}},"165":{"start":{"line":590,"column":4},"end":{"line":590,"column":41}},"166":{"start":{"line":598,"column":19},"end":{"line":598,"column":35}},"167":{"start":{"line":600,"column":4},"end":{"line":605,"column":8}},"168":{"start":{"line":602,"column":6},"end":{"line":602,"column":46}},"169":{"start":{"line":603,"column":6},"end":{"line":603,"column":70}},"170":{"start":{"line":604,"column":6},"end":{"line":604,"column":23}},"171":{"start":{"line":607,"column":4},"end":{"line":607,"column":53}},"172":{"start":{"line":38,"column":0},"end":{"line":38,"column":13}}},"fnMap":{"0":{"name":"(anonymous_1)","decl":{"start":{"line":51,"column":2},"end":{"line":51,"column":14}},"loc":{"start":{"line":51,"column":46},"end":{"line":67,"column":3}}},"1":{"name":"(anonymous_2)","decl":{"start":{"line":74,"column":9},"end":{"line":74,"column":14}},"loc":{"start":{"line":74,"column":65},"end":{"line":99,"column":3}}},"2":{"name":"(anonymous_3)","decl":{"start":{"line":106,"column":9},"end":{"line":106,"column":14}},"loc":{"start":{"line":106,"column":50},"end":{"line":141,"column":3}}},"3":{"name":"(anonymous_4)","decl":{"start":{"line":120,"column":17},"end":{"line":120,"column":18}},"loc":{"start":{"line":121,"column":6},"end":{"line":121,"column":73}}},"4":{"name":"(anonymous_5)","decl":{"start":{"line":149,"column":10},"end":{"line":149,"column":28}},"loc":{"start":{"line":149,"column":63},"end":{"line":197,"column":3}}},"5":{"name":"(anonymous_6)","decl":{"start":{"line":163,"column":52},"end":{"line":163,"column":53}},"loc":{"start":{"line":164,"column":8},"end":{"line":164,"column":41}}},"6":{"name":"(anonymous_7)","decl":{"start":{"line":189,"column":58},"end":{"line":189,"column":59}},"loc":{"start":{"line":189,"column":63},"end":{"line":189,"column":84}}},"7":{"name":"(anonymous_8)","decl":{"start":{"line":190,"column":52},"end":{"line":190,"column":53}},"loc":{"start":{"line":191,"column":8},"end":{"line":191,"column":48}}},"8":{"name":"(anonymous_9)","decl":{"start":{"line":205,"column":9},"end":{"line":205,"column":14}},"loc":{"start":{"line":208,"column":27},"end":{"line":233,"column":3}}},"9":{"name":"(anonymous_10)","decl":{"start":{"line":241,"column":9},"end":{"line":241,"column":14}},"loc":{"start":{"line":244,"column":27},"end":{"line":268,"column":3}}},"10":{"name":"(anonymous_11)","decl":{"start":{"line":276,"column":9},"end":{"line":276,"column":14}},"loc":{"start":{"line":279,"column":30},"end":{"line":303,"column":3}}},"11":{"name":"(anonymous_12)","decl":{"start":{"line":311,"column":9},"end":{"line":311,"column":14}},"loc":{"start":{"line":314,"column":33},"end":{"line":338,"column":3}}},"12":{"name":"(anonymous_13)","decl":{"start":{"line":347,"column":9},"end":{"line":347,"column":14}},"loc":{"start":{"line":351,"column":26},"end":{"line":371,"column":3}}},"13":{"name":"(anonymous_14)","decl":{"start":{"line":379,"column":9},"end":{"line":379,"column":14}},"loc":{"start":{"line":381,"column":24},"end":{"line":405,"column":3}}},"14":{"name":"(anonymous_15)","decl":{"start":{"line":386,"column":21},"end":{"line":386,"column":22}},"loc":{"start":{"line":386,"column":57},"end":{"line":401,"column":5}}},"15":{"name":"(anonymous_16)","decl":{"start":{"line":411,"column":9},"end":{"line":411,"column":17}},"loc":{"start":{"line":411,"column":17},"end":{"line":441,"column":3}}},"16":{"name":"(anonymous_17)","decl":{"start":{"line":436,"column":16},"end":{"line":436,"column":17}},"loc":{"start":{"line":436,"column":30},"end":{"line":436,"column":46}}},"17":{"name":"(anonymous_18)","decl":{"start":{"line":446,"column":10},"end":{"line":446,"column":15}},"loc":{"start":{"line":446,"column":27},"end":{"line":476,"column":3}}},"18":{"name":"(anonymous_19)","decl":{"start":{"line":484,"column":10},"end":{"line":484,"column":29}},"loc":{"start":{"line":484,"column":62},"end":{"line":511,"column":3}}},"19":{"name":"(anonymous_20)","decl":{"start":{"line":506,"column":52},"end":{"line":506,"column":53}},"loc":{"start":{"line":506,"column":57},"end":{"line":506,"column":70}}},"20":{"name":"(anonymous_21)","decl":{"start":{"line":518,"column":10},"end":{"line":518,"column":26}},"loc":{"start":{"line":518,"column":42},"end":{"line":525,"column":3}}},"21":{"name":"(anonymous_22)","decl":{"start":{"line":531,"column":10},"end":{"line":531,"column":30}},"loc":{"start":{"line":531,"column":30},"end":{"line":537,"column":3}}},"22":{"name":"(anonymous_23)","decl":{"start":{"line":543,"column":10},"end":{"line":543,"column":31}},"loc":{"start":{"line":543,"column":31},"end":{"line":550,"column":3}}},"23":{"name":"(anonymous_24)","decl":{"start":{"line":545,"column":14},"end":{"line":545,"column":15}},"loc":{"start":{"line":545,"column":19},"end":{"line":545,"column":49}}},"24":{"name":"(anonymous_25)","decl":{"start":{"line":549,"column":44},"end":{"line":549,"column":45}},"loc":{"start":{"line":549,"column":49},"end":{"line":549,"column":59}}},"25":{"name":"(anonymous_26)","decl":{"start":{"line":556,"column":10},"end":{"line":556,"column":20}},"loc":{"start":{"line":556,"column":20},"end":{"line":558,"column":3}}},"26":{"name":"(anonymous_27)","decl":{"start":{"line":563,"column":10},"end":{"line":563,"column":33}},"loc":{"start":{"line":563,"column":33},"end":{"line":568,"column":3}}},"27":{"name":"(anonymous_28)","decl":{"start":{"line":565,"column":6},"end":{"line":565,"column":9}},"loc":{"start":{"line":565,"column":12},"end":{"line":565,"column":30}}},"28":{"name":"(anonymous_29)","decl":{"start":{"line":573,"column":9},"end":{"line":573,"column":16}},"loc":{"start":{"line":573,"column":16},"end":{"line":578,"column":3}}},"29":{"name":"(anonymous_30)","decl":{"start":{"line":584,"column":9},"end":{"line":584,"column":14}},"loc":{"start":{"line":584,"column":29},"end":{"line":591,"column":3}}},"30":{"name":"(anonymous_31)","decl":{"start":{"line":597,"column":9},"end":{"line":597,"column":14}},"loc":{"start":{"line":597,"column":42},"end":{"line":608,"column":3}}},"31":{"name":"(anonymous_32)","decl":{"start":{"line":600,"column":48},"end":{"line":600,"column":49}},"loc":{"start":{"line":600,"column":80},"end":{"line":605,"column":5}}}},"branchMap":{"0":{"loc":{"start":{"line":51,"column":14},"end":{"line":51,"column":46}},"type":"default-arg","locations":[{"start":{"line":51,"column":44},"end":{"line":51,"column":46}}]},"1":{"loc":{"start":{"line":53,"column":19},"end":{"line":53,"column":47}},"type":"binary-expr","locations":[{"start":{"line":53,"column":19},"end":{"line":53,"column":37}},{"start":{"line":53,"column":41},"end":{"line":53,"column":47}}]},"2":{"loc":{"start":{"line":54,"column":29},"end":{"line":54,"column":67}},"type":"binary-expr","locations":[{"start":{"line":54,"column":29},"end":{"line":54,"column":57}},{"start":{"line":54,"column":61},"end":{"line":54,"column":67}}]},"3":{"loc":{"start":{"line":62,"column":4},"end":{"line":64,"column":5}},"type":"if","locations":[{"start":{"line":62,"column":4},"end":{"line":64,"column":5}}]},"4":{"loc":{"start":{"line":81,"column":20},"end":{"line":81,"column":45}},"type":"binary-expr","locations":[{"start":{"line":81,"column":20},"end":{"line":81,"column":39}},{"start":{"line":81,"column":43},"end":{"line":81,"column":45}}]},"5":{"loc":{"start":{"line":88,"column":4},"end":{"line":90,"column":5}},"type":"if","locations":[{"start":{"line":88,"column":4},"end":{"line":90,"column":5}}]},"6":{"loc":{"start":{"line":94,"column":4},"end":{"line":96,"column":5}},"type":"if","locations":[{"start":{"line":94,"column":4},"end":{"line":96,"column":5}}]},"7":{"loc":{"start":{"line":113,"column":6},"end":{"line":116,"column":7}},"type":"if","locations":[{"start":{"line":113,"column":6},"end":{"line":116,"column":7}}]},"8":{"loc":{"start":{"line":121,"column":7},"end":{"line":121,"column":37}},"type":"binary-expr","locations":[{"start":{"line":121,"column":7},"end":{"line":121,"column":32}},{"start":{"line":121,"column":36},"end":{"line":121,"column":37}}]},"9":{"loc":{"start":{"line":121,"column":42},"end":{"line":121,"column":72}},"type":"binary-expr","locations":[{"start":{"line":121,"column":42},"end":{"line":121,"column":67}},{"start":{"line":121,"column":71},"end":{"line":121,"column":72}}]},"10":{"loc":{"start":{"line":125,"column":19},"end":{"line":125,"column":36}},"type":"binary-expr","locations":[{"start":{"line":125,"column":19},"end":{"line":125,"column":31}},{"start":{"line":125,"column":35},"end":{"line":125,"column":36}}]},"11":{"loc":{"start":{"line":126,"column":18},"end":{"line":126,"column":35}},"type":"binary-expr","locations":[{"start":{"line":126,"column":18},"end":{"line":126,"column":29}},{"start":{"line":126,"column":33},"end":{"line":126,"column":35}}]},"12":{"loc":{"start":{"line":131,"column":4},"end":{"line":133,"column":5}},"type":"if","locations":[{"start":{"line":131,"column":4},"end":{"line":133,"column":5}}]},"13":{"loc":{"start":{"line":153,"column":4},"end":{"line":158,"column":5}},"type":"if","locations":[{"start":{"line":153,"column":4},"end":{"line":158,"column":5}}]},"14":{"loc":{"start":{"line":153,"column":8},"end":{"line":153,"column":45}},"type":"binary-expr","locations":[{"start":{"line":153,"column":8},"end":{"line":153,"column":19}},{"start":{"line":153,"column":23},"end":{"line":153,"column":45}}]},"15":{"loc":{"start":{"line":154,"column":6},"end":{"line":156,"column":7}},"type":"if","locations":[{"start":{"line":154,"column":6},"end":{"line":156,"column":7}}]},"16":{"loc":{"start":{"line":161,"column":4},"end":{"line":167,"column":5}},"type":"if","locations":[{"start":{"line":161,"column":4},"end":{"line":167,"column":5}}]},"17":{"loc":{"start":{"line":161,"column":8},"end":{"line":161,"column":51}},"type":"binary-expr","locations":[{"start":{"line":161,"column":8},"end":{"line":161,"column":22}},{"start":{"line":161,"column":26},"end":{"line":161,"column":51}}]},"18":{"loc":{"start":{"line":170,"column":4},"end":{"line":178,"column":5}},"type":"if","locations":[{"start":{"line":170,"column":4},"end":{"line":178,"column":5}}]},"19":{"loc":{"start":{"line":175,"column":6},"end":{"line":177,"column":7}},"type":"if","locations":[{"start":{"line":175,"column":6},"end":{"line":177,"column":7}}]},"20":{"loc":{"start":{"line":175,"column":10},"end":{"line":175,"column":48}},"type":"binary-expr","locations":[{"start":{"line":175,"column":10},"end":{"line":175,"column":28}},{"start":{"line":175,"column":32},"end":{"line":175,"column":48}}]},"21":{"loc":{"start":{"line":181,"column":4},"end":{"line":185,"column":5}},"type":"if","locations":[{"start":{"line":181,"column":4},"end":{"line":185,"column":5}}]},"22":{"loc":{"start":{"line":182,"column":6},"end":{"line":184,"column":7}},"type":"if","locations":[{"start":{"line":182,"column":6},"end":{"line":184,"column":7}}]},"23":{"loc":{"start":{"line":188,"column":4},"end":{"line":194,"column":5}},"type":"if","locations":[{"start":{"line":188,"column":4},"end":{"line":194,"column":5}}]},"24":{"loc":{"start":{"line":188,"column":8},"end":{"line":188,"column":51}},"type":"binary-expr","locations":[{"start":{"line":188,"column":8},"end":{"line":188,"column":22}},{"start":{"line":188,"column":26},"end":{"line":188,"column":51}}]},"25":{"loc":{"start":{"line":208,"column":4},"end":{"line":208,"column":27}},"type":"default-arg","locations":[{"start":{"line":208,"column":21},"end":{"line":208,"column":27}}]},"26":{"loc":{"start":{"line":244,"column":4},"end":{"line":244,"column":27}},"type":"default-arg","locations":[{"start":{"line":244,"column":21},"end":{"line":244,"column":27}}]},"27":{"loc":{"start":{"line":251,"column":18},"end":{"line":251,"column":49}},"type":"cond-expr","locations":[{"start":{"line":251,"column":39},"end":{"line":251,"column":43}},{"start":{"line":251,"column":46},"end":{"line":251,"column":49}}]},"28":{"loc":{"start":{"line":279,"column":4},"end":{"line":279,"column":30}},"type":"default-arg","locations":[{"start":{"line":279,"column":21},"end":{"line":279,"column":30}}]},"29":{"loc":{"start":{"line":314,"column":4},"end":{"line":314,"column":33}},"type":"default-arg","locations":[{"start":{"line":314,"column":21},"end":{"line":314,"column":33}}]},"30":{"loc":{"start":{"line":351,"column":4},"end":{"line":351,"column":26}},"type":"default-arg","locations":[{"start":{"line":351,"column":23},"end":{"line":351,"column":26}}]},"31":{"loc":{"start":{"line":354,"column":4},"end":{"line":356,"column":5}},"type":"if","locations":[{"start":{"line":354,"column":4},"end":{"line":356,"column":5}}]},"32":{"loc":{"start":{"line":368,"column":33},"end":{"line":368,"column":70}},"type":"binary-expr","locations":[{"start":{"line":368,"column":33},"end":{"line":368,"column":64}},{"start":{"line":368,"column":68},"end":{"line":368,"column":70}}]},"33":{"loc":{"start":{"line":381,"column":4},"end":{"line":381,"column":24}},"type":"default-arg","locations":[{"start":{"line":381,"column":23},"end":{"line":381,"column":24}}]},"34":{"loc":{"start":{"line":387,"column":6},"end":{"line":389,"column":7}},"type":"if","locations":[{"start":{"line":387,"column":6},"end":{"line":389,"column":7}}]},"35":{"loc":{"start":{"line":387,"column":10},"end":{"line":387,"column":45}},"type":"binary-expr","locations":[{"start":{"line":387,"column":10},"end":{"line":387,"column":26}},{"start":{"line":387,"column":30},"end":{"line":387,"column":45}}]},"36":{"loc":{"start":{"line":392,"column":27},"end":{"line":392,"column":58}},"type":"binary-expr","locations":[{"start":{"line":392,"column":27},"end":{"line":392,"column":52}},{"start":{"line":392,"column":56},"end":{"line":392,"column":58}}]},"37":{"loc":{"start":{"line":396,"column":8},"end":{"line":399,"column":9}},"type":"if","locations":[{"start":{"line":396,"column":8},"end":{"line":399,"column":9}}]},"38":{"loc":{"start":{"line":396,"column":12},"end":{"line":396,"column":45}},"type":"binary-expr","locations":[{"start":{"line":396,"column":12},"end":{"line":396,"column":18}},{"start":{"line":396,"column":22},"end":{"line":396,"column":45}}]},"39":{"loc":{"start":{"line":427,"column":6},"end":{"line":427,"column":71}},"type":"if","locations":[{"start":{"line":427,"column":6},"end":{"line":427,"column":71}}]},"40":{"loc":{"start":{"line":428,"column":6},"end":{"line":428,"column":71}},"type":"if","locations":[{"start":{"line":428,"column":6},"end":{"line":428,"column":71}}]},"41":{"loc":{"start":{"line":437,"column":25},"end":{"line":437,"column":66}},"type":"binary-expr","locations":[{"start":{"line":437,"column":25},"end":{"line":437,"column":61}},{"start":{"line":437,"column":65},"end":{"line":437,"column":66}}]},"42":{"loc":{"start":{"line":447,"column":4},"end":{"line":449,"column":5}},"type":"if","locations":[{"start":{"line":447,"column":4},"end":{"line":449,"column":5}}]},"43":{"loc":{"start":{"line":463,"column":8},"end":{"line":470,"column":9}},"type":"if","locations":[{"start":{"line":463,"column":8},"end":{"line":470,"column":9}}]},"44":{"loc":{"start":{"line":488,"column":4},"end":{"line":490,"column":5}},"type":"if","locations":[{"start":{"line":488,"column":4},"end":{"line":490,"column":5}}]},"45":{"loc":{"start":{"line":497,"column":4},"end":{"line":501,"column":5}},"type":"if","locations":[{"start":{"line":497,"column":4},"end":{"line":501,"column":5}},{"start":{"line":499,"column":11},"end":{"line":501,"column":5}}]},"46":{"loc":{"start":{"line":499,"column":11},"end":{"line":501,"column":5}},"type":"if","locations":[{"start":{"line":499,"column":11},"end":{"line":501,"column":5}}]},"47":{"loc":{"start":{"line":522,"column":4},"end":{"line":522,"column":55}},"type":"if","locations":[{"start":{"line":522,"column":4},"end":{"line":522,"column":55}}]},"48":{"loc":{"start":{"line":523,"column":4},"end":{"line":523,"column":56}},"type":"if","locations":[{"start":{"line":523,"column":4},"end":{"line":523,"column":56}}]},"49":{"loc":{"start":{"line":547,"column":4},"end":{"line":547,"column":48}},"type":"if","locations":[{"start":{"line":547,"column":4},"end":{"line":547,"column":48}}]},"50":{"loc":{"start":{"line":574,"column":4},"end":{"line":577,"column":5}},"type":"if","locations":[{"start":{"line":574,"column":4},"end":{"line":577,"column":5}}]}},"s":{"0":1,"1":1,"2":1,"3":1,"4":32,"5":32,"6":32,"7":32,"8":32,"9":32,"10":32,"11":32,"12":30,"13":32,"14":161,"15":161,"16":161,"17":161,"18":161,"19":0,"20":161,"21":161,"22":0,"23":161,"24":12,"25":12,"26":12,"27":12,"28":122,"29":122,"30":109,"31":109,"32":12,"33":101,"34":12,"35":12,"36":12,"37":12,"38":12,"39":0,"40":12,"41":122,"42":122,"43":4,"44":2,"45":2,"46":120,"47":109,"48":109,"49":110,"50":109,"51":120,"52":4,"53":4,"54":4,"55":4,"56":4,"57":120,"58":4,"59":2,"60":120,"61":1,"62":1,"63":1,"64":1,"65":1,"66":120,"67":11,"68":11,"69":138,"70":138,"71":7,"72":7,"73":5,"74":5,"75":21,"76":21,"77":1,"78":20,"79":20,"80":20,"81":20,"82":20,"83":7,"84":7,"85":7,"86":28,"87":2,"88":26,"89":26,"90":26,"91":22,"92":22,"93":21,"94":21,"95":7,"96":7,"97":2,"98":2,"99":2,"100":2,"101":2,"102":2,"103":2,"104":2,"105":2,"106":1,"107":2,"108":2,"109":2,"110":0,"111":0,"112":0,"113":0,"114":0,"115":0,"116":0,"117":0,"118":0,"119":0,"120":0,"121":0,"122":0,"123":0,"124":0,"125":0,"126":0,"127":0,"128":0,"129":0,"130":0,"131":0,"132":0,"133":0,"134":0,"135":0,"136":0,"137":0,"138":0,"139":0,"140":0,"141":5,"142":5,"143":5,"144":4,"145":1,"146":1,"147":0,"148":2,"149":2,"150":2,"151":2,"152":11,"153":1,"154":11,"155":10,"156":1,"157":1,"158":161,"159":32,"160":0,"161":32,"162":32,"163":32,"164":3,"165":3,"166":2,"167":2,"168":2,"169":2,"170":2,"171":2,"172":1},"f":{"0":32,"1":161,"2":12,"3":101,"4":122,"5":110,"6":1,"7":1,"8":11,"9":138,"10":7,"11":5,"12":21,"13":7,"14":28,"15":2,"16":0,"17":0,"18":0,"19":0,"20":5,"21":2,"22":11,"23":1,"24":1,"25":161,"26":32,"27":0,"28":32,"29":3,"30":2,"31":2},"b":{"0":[2],"1":[32,32],"2":[32,2],"3":[30],"4":[161,0],"5":[0],"6":[0],"7":[109],"8":[101,0],"9":[101,0],"10":[12,12],"11":[12,9],"12":[0],"13":[4],"14":[122,4],"15":[2],"16":[109],"17":[120,109],"18":[4],"19":[4],"20":[4,4],"21":[4],"22":[2],"23":[1],"24":[120,1],"25":[10],"26":[137],"27":[137,1],"28":[7],"29":[5],"30":[0],"31":[1],"32":[20,11],"33":[2],"34":[2],"35":[28,26],"36":[26,13],"37":[21],"38":[22,22],"39":[1],"40":[2],"41":[2,0],"42":[0],"43":[0],"44":[0],"45":[0,0],"46":[0],"47":[4],"48":[1],"49":[10],"50":[32]}}
,"/home/runner/work/sallie-project/sallie-project/src/core/memory/storage/compression.ts": {"path":"/home/runner/work/sallie-project/sallie-project/src/core/memory/storage/compression.ts","statementMap":{"0":{"start":{"line":6,"column":0},"end":{"line":6,"column":24}},"1":{"start":{"line":7,"column":0},"end":{"line":7,"column":33}},"2":{"start":{"line":9,"column":13},"end":{"line":9,"column":33}},"3":{"start":{"line":10,"column":15},"end":{"line":10,"column":37}},"4":{"start":{"line":15,"column":0},"end":{"line":15,"column":null}},"5":{"start":{"line":16,"column":2},"end":{"line":16,"column":null}},"6":{"start":{"line":17,"column":2},"end":{"line":17,"column":null}},"7":{"start":{"line":18,"column":2},"end":{"line":18,"column":null}},"8":{"start":{"line":42,"column":25},"end":{"line":42,"column":56}},"9":{"start":{"line":43,"column":23},"end":{"line":43,"column":60}},"10":{"start":{"line":44,"column":27},"end":{"line":44,"column":44}},"11":{"start":{"line":46,"column":4},"end":{"line":52,"column":6}},"12":{"start":{"line":61,"column":19},"end":{"line":61,"column":56}},"13":{"start":{"line":62,"column":25},"end":{"line":62,"column":45}},"14":{"start":{"line":63,"column":4},"end":{"line":63,"column":41}},"15":{"start":{"line":72,"column":25},"end":{"line":72,"column":56}},"16":{"start":{"line":75,"column":21},"end":{"line":80,"column":13}},"17":{"start":{"line":82,"column":27},"end":{"line":82,"column":64}},"18":{"start":{"line":84,"column":4},"end":{"line":90,"column":6}},"19":{"start":{"line":105,"column":21},"end":{"line":105,"column":52}},"20":{"start":{"line":107,"column":4},"end":{"line":115,"column":5}},"21":{"start":{"line":108,"column":6},"end":{"line":114,"column":8}},"22":{"start":{"line":117,"column":4},"end":{"line":119,"column":5}},"23":{"start":{"line":118,"column":6},"end":{"line":118,"column":41}},"24":{"start":{"line":121,"column":4},"end":{"line":121,"column":39}},"25":{"start":{"line":130,"column":4},"end":{"line":139,"column":5}},"26":{"start":{"line":132,"column":8},"end":{"line":132,"column":35}},"27":{"start":{"line":134,"column":8},"end":{"line":134,"column":60}},"28":{"start":{"line":136,"column":8},"end":{"line":136,"column":35}},"29":{"start":{"line":138,"column":8},"end":{"line":138,"column":76}},"30":{"start":{"line":149,"column":25},"end":{"line":149,"column":60}},"31":{"start":{"line":150,"column":27},"end":{"line":150,"column":64}},"32":{"start":{"line":151,"column":4},"end":{"line":151,"column":41}},"33":{"start":{"line":35,"column":0},"end":{"line":35,"column":13}},"34":{"start":{"line":158,"column":13},"end":{"line":158,"column":59}}},"fnMap":{"0":{"name":"(anonymous_1)","decl":{"start":{"line":15,"column":0},"end":{"line":15,"column":12}},"loc":{"start":{"line":15,"column":27},"end":{"line":19,"column":1}}},"1":{"name":"(anonymous_2)","decl":{"start":{"line":41,"column":9},"end":{"line":41,"column":14}},"loc":{"start":{"line":41,"column":44},"end":{"line":53,"column":3}}},"2":{"name":"(anonymous_3)","decl":{"start":{"line":60,"column":9},"end":{"line":60,"column":14}},"loc":{"start":{"line":60,"column":56},"end":{"line":64,"column":3}}},"3":{"name":"(anonymous_4)","decl":{"start":{"line":71,"column":9},"end":{"line":71,"column":25}},"loc":{"start":{"line":71,"column":38},"end":{"line":91,"column":3}}},"4":{"name":"(anonymous_5)","decl":{"start":{"line":100,"column":9},"end":{"line":100,"column":14}},"loc":{"start":{"line":103,"column":23},"end":{"line":122,"column":3}}},"5":{"name":"(anonymous_6)","decl":{"start":{"line":129,"column":9},"end":{"line":129,"column":14}},"loc":{"start":{"line":129,"column":56},"end":{"line":140,"column":3}}},"6":{"name":"(anonymous_7)","decl":{"start":{"line":148,"column":9},"end":{"line":148,"column":23}},"loc":{"start":{"line":148,"column":60},"end":{"line":152,"column":3}}}},"branchMap":{"0":{"loc":{"start":{"line":15,"column":12},"end":{"line":15,"column":null}},"type":"binary-expr","locations":[{"start":{"line":15,"column":12},"end":{"line":15,"column":27}},{"start":{"line":15,"column":27},"end":{"line":15,"column":null}}]},"1":{"loc":{"start":{"line":103,"column":4},"end":{"line":103,"column":23}},"type":"default-arg","locations":[{"start":{"line":103,"column":19},"end":{"line":103,"column":23}}]},"2":{"loc":{"start":{"line":107,"column":4},"end":{"line":115,"column":5}},"type":"if","locations":[{"start":{"line":107,"column":4},"end":{"line":115,"column":5}}]},"3":{"loc":{"start":{"line":117,"column":4},"end":{"line":119,"column":5}},"type":"if","locations":[{"start":{"line":117,"column":4},"end":{"line":119,"column":5}}]},"4":{"loc":{"start":{"line":130,"column":4},"end":{"line":139,"column":5}},"type":"switch","locations":[{"start":{"line":131,"column":6},"end":{"line":132,"column":35}},{"start":{"line":133,"column":6},"end":{"line":134,"column":60}},{"start":{"line":135,"column":6},"end":{"line":136,"column":35}},{"start":{"line":137,"column":6},"end":{"line":138,"column":76}}]}},"s":{"0":2,"1":2,"2":2,"3":2,"4":2,"5":2,"6":2,"7":2,"8":6,"9":6,"10":6,"11":6,"12":4,"13":4,"14":4,"15":5,"16":5,"17":5,"18":5,"19":3,"20":3,"21":1,"22":2,"23":1,"24":1,"25":3,"26":1,"27":1,"28":1,"29":0,"30":3,"31":3,"32":3,"33":2,"34":2},"f":{"0":2,"1":6,"2":4,"3":5,"4":3,"5":3,"6":3},"b":{"0":[2,2],"1":[0],"2":[1],"3":[1],"4":[1,1,1,0]}}
,"/home/runner/work/sallie-project/sallie-project/src/core/memory/storage/encryption.ts": {"path":"/home/runner/work/sallie-project/sallie-project/src/core/memory/storage/encryption.ts","statementMap":{"0":{"start":{"line":6,"column":0},"end":{"line":6,"column":28}},"1":{"start":{"line":8,"column":18},"end":{"line":8,"column":31}},"2":{"start":{"line":9,"column":19},"end":{"line":9,"column":21}},"3":{"start":{"line":10,"column":18},"end":{"line":10,"column":20}},"4":{"start":{"line":11,"column":20},"end":{"line":11,"column":22}},"5":{"start":{"line":12,"column":19},"end":{"line":12,"column":21}},"6":{"start":{"line":13,"column":19},"end":{"line":13,"column":25}},"7":{"start":{"line":29,"column":10},"end":{"line":29,"column":42}},"8":{"start":{"line":36,"column":17},"end":{"line":36,"column":48}},"9":{"start":{"line":37,"column":4},"end":{"line":43,"column":6}},"10":{"start":{"line":53,"column":4},"end":{"line":53,"column":79}},"11":{"start":{"line":63,"column":17},"end":{"line":63,"column":48}},"12":{"start":{"line":64,"column":16},"end":{"line":64,"column":46}},"13":{"start":{"line":65,"column":15},"end":{"line":65,"column":44}},"14":{"start":{"line":67,"column":19},"end":{"line":67,"column":60}},"15":{"start":{"line":69,"column":20},"end":{"line":69,"column":57}},"16":{"start":{"line":70,"column":4},"end":{"line":70,"column":40}},"17":{"start":{"line":72,"column":16},"end":{"line":72,"column":35}},"18":{"start":{"line":74,"column":4},"end":{"line":79,"column":6}},"19":{"start":{"line":90,"column":4},"end":{"line":105,"column":5}},"20":{"start":{"line":91,"column":19},"end":{"line":91,"column":63}},"21":{"start":{"line":92,"column":18},"end":{"line":92,"column":48}},"22":{"start":{"line":93,"column":17},"end":{"line":93,"column":59}},"23":{"start":{"line":94,"column":18},"end":{"line":94,"column":61}},"24":{"start":{"line":96,"column":23},"end":{"line":96,"column":66}},"25":{"start":{"line":97,"column":6},"end":{"line":97,"column":31}},"26":{"start":{"line":99,"column":22},"end":{"line":99,"column":83}},"27":{"start":{"line":100,"column":6},"end":{"line":100,"column":42}},"28":{"start":{"line":102,"column":6},"end":{"line":102,"column":23}},"29":{"start":{"line":104,"column":6},"end":{"line":104,"column":72}},"30":{"start":{"line":114,"column":4},"end":{"line":114,"column":74}},"31":{"start":{"line":123,"column":4},"end":{"line":123,"column":66}},"32":{"start":{"line":133,"column":4},"end":{"line":133,"column":36}},"33":{"start":{"line":28,"column":0},"end":{"line":28,"column":13}},"34":{"start":{"line":140,"column":13},"end":{"line":140,"column":57}}},"fnMap":{"0":{"name":"(anonymous_1)","decl":{"start":{"line":28,"column":0},"end":{"line":28,"column":13}},"loc":{"start":{"line":28,"column":0},"end":{"line":135,"column":1}}},"1":{"name":"(anonymous_2)","decl":{"start":{"line":35,"column":9},"end":{"line":35,"column":19}},"loc":{"start":{"line":35,"column":36},"end":{"line":44,"column":3}}},"2":{"name":"(anonymous_3)","decl":{"start":{"line":52,"column":10},"end":{"line":52,"column":19}},"loc":{"start":{"line":52,"column":50},"end":{"line":54,"column":3}}},"3":{"name":"(anonymous_4)","decl":{"start":{"line":62,"column":9},"end":{"line":62,"column":16}},"loc":{"start":{"line":62,"column":47},"end":{"line":80,"column":3}}},"4":{"name":"(anonymous_5)","decl":{"start":{"line":89,"column":9},"end":{"line":89,"column":16}},"loc":{"start":{"line":89,"column":69},"end":{"line":106,"column":3}}},"5":{"name":"(anonymous_6)","decl":{"start":{"line":113,"column":9},"end":{"line":113,"column":25}},"loc":{"start":{"line":113,"column":45},"end":{"line":115,"column":3}}},"6":{"name":"(anonymous_7)","decl":{"start":{"line":122,"column":9},"end":{"line":122,"column":13}},"loc":{"start":{"line":122,"column":26},"end":{"line":124,"column":3}}},"7":{"name":"(anonymous_8)","decl":{"start":{"line":132,"column":9},"end":{"line":132,"column":19}},"loc":{"start":{"line":132,"column":46},"end":{"line":134,"column":3}}}},"branchMap":{"0":{"loc":{"start":{"line":113,"column":26},"end":{"line":113,"column":45}},"type":"default-arg","locations":[{"start":{"line":113,"column":43},"end":{"line":113,"column":45}}]}},"s":{"0":2,"1":2,"2":2,"3":2,"4":2,"5":2,"6":2,"7":48,"8":31,"9":31,"10":12,"11":7,"12":7,"13":7,"14":7,"15":7,"16":7,"17":7,"18":7,"19":5,"20":5,"21":5,"22":5,"23":5,"24":5,"25":5,"26":5,"27":5,"28":4,"29":1,"30":4,"31":8,"32":2,"33":2,"34":2},"f":{"0":48,"1":31,"2":12,"3":7,"4":5,"5":4,"6":8,"7":2},"b":{"0":[3]}}
,"/home/runner/work/sallie-project/sallie-project/src/core/memory/types/index.ts": {"path":"/home/runner/work/sallie-project/sallie-project/src/core/memory/types/index.ts","statementMap":{"0":{"start":{"line":9,"column":0},"end":{"line":9,"column":null}},"1":{"start":{"line":10,"column":2},"end":{"line":10,"column":null}},"2":{"start":{"line":11,"column":2},"end":{"line":11,"column":null}},"3":{"start":{"line":12,"column":2},"end":{"line":12,"column":null}},"4":{"start":{"line":13,"column":2},"end":{"line":13,"column":null}},"5":{"start":{"line":19,"column":0},"end":{"line":19,"column":null}},"6":{"start":{"line":20,"column":2},"end":{"line":20,"column":null}},"7":{"start":{"line":21,"column":2},"end":{"line":21,"column":null}},"8":{"start":{"line":22,"column":2},"end":{"line":22,"column":null}},"9":{"start":{"line":23,"column":2},"end":{"line":23,"column":null}},"10":{"start":{"line":29,"column":0},"end":{"line":29,"column":null}},"11":{"start":{"line":30,"column":2},"end":{"line":30,"column":null}},"12":{"start":{"line":31,"column":2},"end":{"line":31,"column":null}},"13":{"start":{"line":32,"column":2},"end":{"line":32,"column":null}},"14":{"start":{"line":33,"column":2},"end":{"line":33,"column":null}},"15":{"start":{"line":34,"column":2},"end":{"line":34,"column":null}},"16":{"start":{"line":40,"column":0},"end":{"line":40,"column":null}},"17":{"start":{"line":41,"column":2},"end":{"line":41,"column":null}},"18":{"start":{"line":42,"column":2},"end":{"line":42,"column":null}},"19":{"start":{"line":43,"column":2},"end":{"line":43,"column":null}},"20":{"start":{"line":44,"column":2},"end":{"line":44,"column":null}},"21":{"start":{"line":45,"column":2},"end":{"line":45,"column":null}},"22":{"start":{"line":46,"column":2},"end":{"line":46,"column":null}},"23":{"start":{"line":47,"column":2},"end":{"line":47,"column":null}},"24":{"start":{"line":48,"column":2},"end":{"line":48,"column":null}},"25":{"start":{"line":49,"column":2},"end":{"line":49,"column":null}},"26":{"start":{"line":50,"column":2},"end":{"line":50,"column":null}},"27":{"start":{"line":51,"column":2},"end":{"line":51,"column":null}},"28":{"start":{"line":52,"column":2},"end":{"line":52,"column":null}},"29":{"start":{"line":53,"column":2},"end":{"line":53,"column":null}},"30":{"start":{"line":54,"column":2},"end":{"line":54,"column":null}},"31":{"start":{"line":55,"column":2},"end":{"line":55,"column":null}},"32":{"start":{"line":56,"column":2},"end":{"line":56,"column":null}},"33":{"start":{"line":57,"column":2},"end":{"line":57,"column":null}},"34":{"start":{"line":58,"column":2},"end":{"line":58,"column":null}},"35":{"start":{"line":64,"column":0},"end":{"line":64,"column":null}},"36":{"start":{"line":65,"column":2},"end":{"line":65,"column":null}},"37":{"start":{"line":66,"column":2},"end":{"line":66,"column":null}},"38":{"start":{"line":67,"column":2},"end":{"line":67,"column":null}},"39":{"start":{"line":68,"column":2},"end":{"line":68,"column":null}},"40":{"start":{"line":69,"column":2},"end":{"line":69,"column":null}},"41":{"start":{"line":274,"column":0},"end":{"line":274,"column":null}},"42":{"start":{"line":275,"column":2},"end":{"line":275,"column":null}},"43":{"start":{"line":276,"column":2},"end":{"line":276,"column":null}},"44":{"start":{"line":277,"column":2},"end":{"line":277,"column":null}},"45":{"start":{"line":278,"column":2},"end":{"line":278,"column":null}}},"fnMap":{"0":{"name":"(anonymous_0)","decl":{"start":{"line":9,"column":0},"end":{"line":9,"column":12}},"loc":{"start":{"line":9,"column":22},"end":{"line":14,"column":1}}},"1":{"name":"(anonymous_1)","decl":{"start":{"line":19,"column":0},"end":{"line":19,"column":12}},"loc":{"start":{"line":19,"column":24},"end":{"line":24,"column":1}}},"2":{"name":"(anonymous_2)","decl":{"start":{"line":29,"column":0},"end":{"line":29,"column":12}},"loc":{"start":{"line":29,"column":27},"end":{"line":35,"column":1}}},"3":{"name":"(anonymous_3)","decl":{"start":{"line":40,"column":0},"end":{"line":40,"column":12}},"loc":{"start":{"line":40,"column":23},"end":{"line":59,"column":1}}},"4":{"name":"(anonymous_4)","decl":{"start":{"line":64,"column":0},"end":{"line":64,"column":12}},"loc":{"start":{"line":64,"column":27},"end":{"line":70,"column":1}}},"5":{"name":"(anonymous_5)","decl":{"start":{"line":274,"column":0},"end":{"line":274,"column":12}},"loc":{"start":{"line":274,"column":21},"end":{"line":279,"column":1}}}},"branchMap":{"0":{"loc":{"start":{"line":9,"column":12},"end":{"line":9,"column":null}},"type":"binary-expr","locations":[{"start":{"line":9,"column":12},"end":{"line":9,"column":22}},{"start":{"line":9,"column":22},"end":{"line":9,"column":null}}]},"1":{"loc":{"start":{"line":19,"column":12},"end":{"line":19,"column":null}},"type":"binary-expr","locations":[{"start":{"line":19,"column":12},"end":{"line":19,"column":24}},{"start":{"line":19,"column":24},"end":{"line":19,"column":null}}]},"2":{"loc":{"start":{"line":29,"column":12},"end":{"line":29,"column":null}},"type":"binary-expr","locations":[{"start":{"line":29,"column":12},"end":{"line":29,"column":27}},{"start":{"line":29,"column":27},"end":{"line":29,"column":null}}]},"3":{"loc":{"start":{"line":40,"column":12},"end":{"line":40,"column":null}},"type":"binary-expr","locations":[{"start":{"line":40,"column":12},"end":{"line":40,"column":23}},{"start":{"line":40,"column":23},"end":{"line":40,"column":null}}]},"4":{"loc":{"start":{"line":64,"column":12},"end":{"line":64,"column":null}},"type":"binary-expr","locations":[{"start":{"line":64,"column":12},"end":{"line":64,"column":27}},{"start":{"line":64,"column":27},"end":{"line":64,"column":null}}]},"5":{"loc":{"start":{"line":274,"column":12},"end":{"line":274,"column":null}},"type":"binary-expr","locations":[{"start":{"line":274,"column":12},"end":{"line":274,"column":21}},{"start":{"line":274,"column":21},"end":{"line":274,"column":null}}]}},"s":{"0":1,"1":1,"2":1,"3":1,"4":1,"5":1,"6":1,"7":1,"8":1,"9":1,"10":1,"11":1,"12":1,"13":1,"14":1,"15":1,"16":1,"17":1,"18":1,"19":1,"20":1,"21":1,"22":1,"23":1,"24":1,"25":1,"26":1,"27":1,"28":1,"29":1,"30":1,"31":1,"32":1,"33":1,"34":1,"35":1,"36":1,"37":1,"38":1,"39":1,"40":1,"41":1,"42":1,"43":1,"44":1,"45":1},"f":{"0":1,"1":1,"2":1,"3":1,"4":1,"5":1},"b":{"0":[1,1],"1":[1,1],"2":[1,1],"3":[1,1],"4":[1,1],"5":[1,1]}}
}
