TN:
SF:src/core/memory/MemoryService.ts
FN:51,(anonymous_1)
FN:74,(anonymous_2)
FN:106,(anonymous_3)
FN:120,(anonymous_4)
FN:149,(anonymous_5)
FN:163,(anonymous_6)
FN:189,(anonymous_7)
FN:190,(anonymous_8)
FN:205,(anonymous_9)
FN:241,(anonymous_10)
FN:276,(anonymous_11)
FN:311,(anonymous_12)
FN:347,(anonymous_13)
FN:379,(anonymous_14)
FN:386,(anonymous_15)
FN:411,(anonymous_16)
FN:436,(anonymous_17)
FN:446,(anonymous_18)
FN:484,(anonymous_19)
FN:506,(anonymous_20)
FN:518,(anonymous_21)
FN:531,(anonymous_22)
FN:543,(anonymous_23)
FN:545,(anonymous_24)
FN:549,(anonymous_25)
FN:556,(anonymous_26)
FN:563,(anonymous_27)
FN:565,(anonymous_28)
FN:573,(anonymous_29)
FN:584,(anonymous_30)
FN:597,(anonymous_31)
FN:600,(anonymous_32)
FNF:32
FNH:0
FNDA:0,(anonymous_1)
FNDA:0,(anonymous_2)
FNDA:0,(anonymous_3)
FNDA:0,(anonymous_4)
FNDA:0,(anonymous_5)
FNDA:0,(anonymous_6)
FNDA:0,(anonymous_7)
FNDA:0,(anonymous_8)
FNDA:0,(anonymous_9)
FNDA:0,(anonymous_10)
FNDA:0,(anonymous_11)
FNDA:0,(anonymous_12)
FNDA:0,(anonymous_13)
FNDA:0,(anonymous_14)
FNDA:0,(anonymous_15)
FNDA:0,(anonymous_16)
FNDA:0,(anonymous_17)
FNDA:0,(anonymous_18)
FNDA:0,(anonymous_19)
FNDA:0,(anonymous_20)
FNDA:0,(anonymous_21)
FNDA:0,(anonymous_22)
FNDA:0,(anonymous_23)
FNDA:0,(anonymous_24)
FNDA:0,(anonymous_25)
FNDA:0,(anonymous_26)
FNDA:0,(anonymous_27)
FNDA:0,(anonymous_28)
FNDA:0,(anonymous_29)
FNDA:0,(anonymous_30)
FNDA:0,(anonymous_31)
FNDA:0,(anonymous_32)
DA:6,0
DA:20,0
DA:21,0
DA:22,0
DA:38,0
DA:39,0
DA:40,0
DA:41,0
DA:45,0
DA:52,0
DA:59,0
DA:60,0
DA:62,0
DA:63,0
DA:66,0
DA:75,0
DA:77,0
DA:84,0
DA:85,0
DA:88,0
DA:89,0
DA:92,0
DA:94,0
DA:95,0
DA:98,0
DA:107,0
DA:108,0
DA:109,0
DA:111,0
DA:112,0
DA:113,0
DA:114,0
DA:115,0
DA:120,0
DA:121,0
DA:125,0
DA:126,0
DA:127,0
DA:129,0
DA:131,0
DA:132,0
DA:135,0
DA:150,0
DA:153,0
DA:154,0
DA:155,0
DA:157,0
DA:161,0
DA:162,0
DA:163,0
DA:164,0
DA:166,0
DA:170,0
DA:171,0
DA:172,0
DA:173,0
DA:175,0
DA:176,0
DA:181,0
DA:182,0
DA:183,0
DA:188,0
DA:189,0
DA:190,0
DA:191,0
DA:193,0
DA:196,0
DA:210,0
DA:232,0
DA:246,0
DA:267,0
DA:281,0
DA:302,0
DA:316,0
DA:337,0
DA:353,0
DA:354,0
DA:355,0
DA:358,0
DA:366,0
DA:368,0
DA:369,0
DA:370,0
DA:383,0
DA:384,0
DA:386,0
DA:387,0
DA:388,0
DA:391,0
DA:392,0
DA:394,0
DA:395,0
DA:396,0
DA:397,0
DA:398,0
DA:403,0
DA:404,0
DA:412,0
DA:413,0
DA:420,0
DA:421,0
DA:422,0
DA:424,0
DA:425,0
DA:426,0
DA:427,0
DA:428,0
DA:431,0
DA:436,0
DA:447,0
DA:448,0
DA:451,0
DA:452,0
DA:453,0
DA:456,0
DA:457,0
DA:458,0
DA:463,0
DA:464,0
DA:474,0
DA:475,0
DA:485,0
DA:488,0
DA:489,0
DA:493,0
DA:496,0
DA:497,0
DA:498,0
DA:499,0
DA:500,0
DA:504,0
DA:505,0
DA:506,0
DA:507,0
DA:508,0
DA:510,0
DA:519,0
DA:520,0
DA:522,0
DA:523,0
DA:524,0
DA:532,0
DA:533,0
DA:534,0
DA:536,0
DA:544,0
DA:545,0
DA:547,0
DA:549,0
DA:557,0
DA:564,0
DA:565,0
DA:574,0
DA:575,0
DA:576,0
DA:585,0
DA:590,0
DA:598,0
DA:600,0
DA:602,0
DA:603,0
DA:604,0
DA:607,0
LF:163
LH:0
BRDA:51,0,0,0
BRDA:53,1,0,0
BRDA:53,1,1,0
BRDA:54,2,0,0
BRDA:54,2,1,0
BRDA:62,3,0,0
BRDA:81,4,0,0
BRDA:81,4,1,0
BRDA:88,5,0,0
BRDA:94,6,0,0
BRDA:113,7,0,0
BRDA:121,8,0,0
BRDA:121,8,1,0
BRDA:121,9,0,0
BRDA:121,9,1,0
BRDA:125,10,0,0
BRDA:125,10,1,0
BRDA:126,11,0,0
BRDA:126,11,1,0
BRDA:131,12,0,0
BRDA:153,13,0,0
BRDA:153,14,0,0
BRDA:153,14,1,0
BRDA:154,15,0,0
BRDA:161,16,0,0
BRDA:161,17,0,0
BRDA:161,17,1,0
BRDA:170,18,0,0
BRDA:175,19,0,0
BRDA:175,20,0,0
BRDA:175,20,1,0
BRDA:181,21,0,0
BRDA:182,22,0,0
BRDA:188,23,0,0
BRDA:188,24,0,0
BRDA:188,24,1,0
BRDA:208,25,0,0
BRDA:244,26,0,0
BRDA:251,27,0,0
BRDA:251,27,1,0
BRDA:279,28,0,0
BRDA:314,29,0,0
BRDA:351,30,0,0
BRDA:354,31,0,0
BRDA:368,32,0,0
BRDA:368,32,1,0
BRDA:381,33,0,0
BRDA:387,34,0,0
BRDA:387,35,0,0
BRDA:387,35,1,0
BRDA:392,36,0,0
BRDA:392,36,1,0
BRDA:396,37,0,0
BRDA:396,38,0,0
BRDA:396,38,1,0
BRDA:427,39,0,0
BRDA:428,40,0,0
BRDA:437,41,0,0
BRDA:437,41,1,0
BRDA:447,42,0,0
BRDA:463,43,0,0
BRDA:488,44,0,0
BRDA:497,45,0,0
BRDA:497,45,1,0
BRDA:499,46,0,0
BRDA:522,47,0,0
BRDA:523,48,0,0
BRDA:547,49,0,0
BRDA:574,50,0,0
BRF:69
BRH:0
end_of_record
TN:
SF:src/core/memory/examples/usage-example.ts
FN:7,main
FNF:1
FNH:0
FNDA:0,main
DA:5,0
DA:8,0
DA:11,0
DA:23,0
DA:26,0
DA:30,0
DA:32,0
DA:35,0
DA:36,0
LF:9
LH:0
BRDA:35,0,0,0
BRF:1
BRH:0
end_of_record
TN:
SF:src/core/memory/storage/compression.ts
FN:15,(anonymous_1)
FN:41,(anonymous_2)
FN:60,(anonymous_3)
FN:71,(anonymous_4)
FN:100,(anonymous_5)
FN:129,(anonymous_6)
FN:148,(anonymous_7)
FNF:7
FNH:0
FNDA:0,(anonymous_1)
FNDA:0,(anonymous_2)
FNDA:0,(anonymous_3)
FNDA:0,(anonymous_4)
FNDA:0,(anonymous_5)
FNDA:0,(anonymous_6)
FNDA:0,(anonymous_7)
DA:6,0
DA:7,0
DA:9,0
DA:10,0
DA:15,0
DA:16,0
DA:17,0
DA:18,0
DA:35,0
DA:42,0
DA:43,0
DA:44,0
DA:46,0
DA:61,0
DA:62,0
DA:63,0
DA:72,0
DA:75,0
DA:82,0
DA:84,0
DA:105,0
DA:107,0
DA:108,0
DA:117,0
DA:118,0
DA:121,0
DA:130,0
DA:132,0
DA:134,0
DA:136,0
DA:138,0
DA:149,0
DA:150,0
DA:151,0
DA:158,0
LF:35
LH:0
BRDA:15,0,0,0
BRDA:15,0,1,0
BRDA:103,1,0,0
BRDA:107,2,0,0
BRDA:117,3,0,0
BRDA:130,4,0,0
BRDA:130,4,1,0
BRDA:130,4,2,0
BRDA:130,4,3,0
BRF:9
BRH:0
end_of_record
TN:
SF:src/core/memory/storage/encryption.ts
FN:28,(anonymous_1)
FN:35,(anonymous_2)
FN:52,(anonymous_3)
FN:62,(anonymous_4)
FN:89,(anonymous_5)
FN:113,(anonymous_6)
FN:122,(anonymous_7)
FN:132,(anonymous_8)
FNF:8
FNH:0
FNDA:0,(anonymous_1)
FNDA:0,(anonymous_2)
FNDA:0,(anonymous_3)
FNDA:0,(anonymous_4)
FNDA:0,(anonymous_5)
FNDA:0,(anonymous_6)
FNDA:0,(anonymous_7)
FNDA:0,(anonymous_8)
DA:6,0
DA:8,0
DA:9,0
DA:10,0
DA:11,0
DA:12,0
DA:13,0
DA:28,0
DA:29,0
DA:36,0
DA:37,0
DA:53,0
DA:63,0
DA:64,0
DA:65,0
DA:67,0
DA:69,0
DA:70,0
DA:72,0
DA:74,0
DA:90,0
DA:91,0
DA:92,0
DA:93,0
DA:94,0
DA:96,0
DA:97,0
DA:99,0
DA:100,0
DA:102,0
DA:104,0
DA:114,0
DA:123,0
DA:133,0
DA:140,0
LF:35
LH:0
BRDA:113,0,0,0
BRF:1
BRH:0
end_of_record
TN:
SF:src/core/services/conversation/ConversationService.ts
FN:60,(anonymous_0)
FN:80,(anonymous_1)
FN:190,(anonymous_2)
FN:199,(anonymous_3)
FN:206,(anonymous_4)
FN:216,(anonymous_5)
FN:259,(anonymous_6)
FN:284,(anonymous_7)
FN:301,(anonymous_8)
FN:317,(anonymous_9)
FN:331,(anonymous_10)
FN:339,(anonymous_11)
FNF:12
FNH:0
FNDA:0,(anonymous_0)
FNDA:0,(anonymous_1)
FNDA:0,(anonymous_2)
FNDA:0,(anonymous_3)
FNDA:0,(anonymous_4)
FNDA:0,(anonymous_5)
FNDA:0,(anonymous_6)
FNDA:0,(anonymous_7)
FNDA:0,(anonymous_8)
FNDA:0,(anonymous_9)
FNDA:0,(anonymous_10)
FNDA:0,(anonymous_11)
DA:7,0
DA:8,0
DA:9,0
DA:10,0
DA:11,0
DA:12,0
DA:13,0
DA:14,0
DA:15,0
DA:44,0
DA:62,0
DA:63,0
DA:64,0
DA:65,0
DA:66,0
DA:67,0
DA:68,0
DA:71,0
DA:74,0
DA:84,0
DA:86,0
DA:88,0
DA:89,0
DA:90,0
DA:98,0
DA:101,0
DA:112,0
DA:113,0
DA:116,0
DA:119,0
DA:125,0
DA:126,0
DA:130,0
DA:135,0
DA:136,0
DA:140,0
DA:146,0
DA:147,0
DA:151,0
DA:160,0
DA:167,0
DA:170,0
DA:172,0
DA:182,0
DA:183,0
DA:191,0
DA:192,0
DA:193,0
DA:200,0
DA:207,0
DA:208,0
DA:209,0
DA:218,0
DA:221,0
DA:224,0
DA:231,0
DA:234,0
DA:237,0
DA:240,0
DA:245,0
DA:247,0
DA:267,0
DA:285,0
DA:305,0
DA:307,0
DA:309,0
DA:310,0
DA:312,0
DA:313,0
DA:314,0
DA:317,0
DA:321,0
DA:322,0
DA:325,0
DA:332,0
DA:333,0
DA:340,0
LF:77
LH:0
BRDA:89,0,0,0
BRDA:125,1,0,0
BRDA:135,2,0,0
BRDA:146,3,0,0
BRDA:178,4,0,0
BRDA:178,4,1,0
BRDA:208,5,0,0
BRDA:307,6,0,0
BRDA:309,7,0,0
BRDA:309,7,1,0
BRDA:321,8,0,0
BRDA:331,9,0,0
BRF:12
BRH:0
end_of_record
TN:
SF:src/core/services/conversation/dialogue/ClarificationEngine.ts
FN:15,(anonymous_0)
FN:53,(anonymous_1)
FN:73,(anonymous_2)
FN:94,(anonymous_3)
FN:113,(anonymous_4)
FN:130,(anonymous_5)
FN:133,(anonymous_6)
FNF:7
FNH:0
FNDA:0,(anonymous_0)
FNDA:0,(anonymous_1)
FNDA:0,(anonymous_2)
FNDA:0,(anonymous_3)
FNDA:0,(anonymous_4)
FNDA:0,(anonymous_5)
FNDA:0,(anonymous_6)
DA:11,0
DA:21,0
DA:22,0
DA:30,0
DA:31,0
DA:39,0
DA:40,0
DA:47,0
DA:54,0
DA:56,0
DA:58,0
DA:60,0
DA:62,0
DA:64,0
DA:66,0
DA:78,0
DA:79,0
DA:83,0
DA:84,0
DA:88,0
DA:99,0
DA:114,0
DA:116,0
DA:119,0
DA:122,0
DA:124,0
DA:131,0
DA:133,0
DA:136,0
DA:137,0
DA:138,0
DA:141,0
DA:142,0
DA:145,0
LF:34
LH:0
BRDA:21,0,0,0
BRDA:30,1,0,0
BRDA:39,2,0,0
BRDA:54,3,0,0
BRDA:54,3,1,0
BRDA:54,3,2,0
BRDA:54,3,3,0
BRDA:54,3,4,0
BRDA:54,3,5,0
BRDA:78,4,0,0
BRDA:83,5,0,0
BRDA:114,6,0,0
BRDA:119,7,0,0
BRDA:122,8,0,0
BRDA:131,9,0,0
BRDA:141,10,0,0
BRDA:141,11,0,0
BRDA:141,11,1,0
BRDA:142,12,0,0
BRDA:142,13,0,0
BRDA:142,13,1,0
BRF:21
BRH:0
end_of_record
TN:
SF:src/core/services/conversation/dialogue/ConversationMemory.ts
FN:15,(anonymous_0)
FN:21,(anonymous_1)
FN:30,(anonymous_2)
FN:38,(anonymous_3)
FN:65,(anonymous_4)
FN:69,(anonymous_5)
FN:78,(anonymous_6)
FN:96,(anonymous_7)
FN:104,(anonymous_8)
FN:111,(anonymous_9)
FN:115,(anonymous_10)
FN:130,(anonymous_11)
FN:148,(anonymous_12)
FNF:13
FNH:0
FNDA:0,(anonymous_0)
FNDA:0,(anonymous_1)
FNDA:0,(anonymous_2)
FNDA:0,(anonymous_3)
FNDA:0,(anonymous_4)
FNDA:0,(anonymous_5)
FNDA:0,(anonymous_6)
FNDA:0,(anonymous_7)
FNDA:0,(anonymous_8)
FNDA:0,(anonymous_9)
FNDA:0,(anonymous_10)
FNDA:0,(anonymous_11)
FNDA:0,(anonymous_12)
DA:15,0
DA:16,0
DA:27,0
DA:28,0
DA:30,0
DA:31,0
DA:44,0
DA:45,0
DA:48,0
DA:49,0
DA:57,0
DA:58,0
DA:66,0
DA:68,0
DA:69,0
DA:72,0
DA:79,0
DA:80,0
DA:82,0
DA:84,0
DA:85,0
DA:86,0
DA:90,0
DA:100,0
DA:102,0
DA:104,0
DA:112,0
DA:114,0
DA:115,0
DA:116,0
DA:119,0
DA:120,0
DA:122,0
DA:131,0
DA:132,0
DA:134,0
DA:135,0
DA:136,0
DA:137,0
DA:141,0
DA:142,0
DA:150,0
DA:151,0
DA:154,0
DA:155,0
DA:156,0
DA:158,0
DA:159,0
DA:160,0
DA:161,0
DA:165,0
DA:168,0
LF:52
LH:0
BRDA:25,0,0,0
BRDA:27,1,0,0
BRDA:27,1,1,0
BRDA:31,2,0,0
BRDA:31,2,1,0
BRDA:44,3,0,0
BRDA:57,4,0,0
BRDA:66,5,0,0
BRDA:66,5,1,0
BRDA:68,6,0,0
BRDA:79,7,0,0
BRDA:79,7,1,0
BRDA:85,8,0,0
BRDA:111,9,0,0
BRDA:119,10,0,0
BRDA:119,10,1,0
BRDA:136,11,0,0
BRDA:136,12,0,0
BRDA:136,12,1,0
BRDA:154,13,0,0
BRDA:160,14,0,0
BRDA:160,15,0,0
BRDA:160,15,1,0
BRF:23
BRH:0
end_of_record
TN:
SF:src/core/services/conversation/dialogue/DialogueManager.ts
FN:26,(anonymous_0)
FN:40,(anonymous_1)
FN:50,(anonymous_2)
FN:58,(anonymous_3)
FN:72,(anonymous_4)
FN:95,(anonymous_5)
FN:113,(anonymous_6)
FN:133,(anonymous_7)
FN:140,(anonymous_8)
FN:147,(anonymous_9)
FN:165,(anonymous_10)
FN:172,(anonymous_11)
FN:210,(anonymous_12)
FNF:13
FNH:0
FNDA:0,(anonymous_0)
FNDA:0,(anonymous_1)
FNDA:0,(anonymous_2)
FNDA:0,(anonymous_3)
FNDA:0,(anonymous_4)
FNDA:0,(anonymous_5)
FNDA:0,(anonymous_6)
FNDA:0,(anonymous_7)
FNDA:0,(anonymous_8)
FNDA:0,(anonymous_9)
FNDA:0,(anonymous_10)
FNDA:0,(anonymous_11)
FNDA:0,(anonymous_12)
DA:6,0
DA:8,0
DA:9,0
DA:10,0
DA:11,0
DA:12,0
DA:13,0
DA:14,0
DA:16,0
DA:27,0
DA:28,0
DA:29,0
DA:30,0
DA:31,0
DA:32,0
DA:33,0
DA:34,0
DA:41,0
DA:42,0
DA:44,0
DA:51,0
DA:52,0
DA:59,0
DA:61,0
DA:62,0
DA:63,0
DA:66,0
DA:73,0
DA:75,0
DA:76,0
DA:77,0
DA:79,0
DA:80,0
DA:81,0
DA:82,0
DA:84,0
DA:85,0
DA:86,0
DA:96,0
DA:97,0
DA:99,0
DA:100,0
DA:101,0
DA:103,0
DA:104,0
DA:107,0
DA:114,0
DA:116,0
DA:118,0
DA:119,0
DA:121,0
DA:122,0
DA:123,0
DA:127,0
DA:134,0
DA:141,0
DA:152,0
DA:153,0
DA:155,0
DA:156,0
DA:159,0
DA:166,0
DA:173,0
DA:211,0
DA:213,0
DA:214,0
DA:215,0
DA:219,0
LF:68
LH:0
BRDA:41,0,0,0
BRDA:61,1,0,0
BRDA:75,2,0,0
BRDA:79,3,0,0
BRDA:79,3,1,0
BRDA:85,4,0,0
BRDA:99,5,0,0
BRDA:116,6,0,0
BRDA:118,7,0,0
BRDA:121,8,0,0
BRDA:133,9,0,0
BRDA:155,10,0,0
BRDA:155,11,0,0
BRDA:155,11,1,0
BRDA:210,12,0,0
BRDA:214,13,0,0
BRF:16
BRH:0
end_of_record
TN:
SF:src/core/services/conversation/dialogue/FlowController.ts
FN:13,(anonymous_0)
FN:23,(anonymous_1)
FN:38,(anonymous_2)
FN:48,(anonymous_3)
FN:65,(anonymous_4)
FN:82,(anonymous_5)
FN:91,(anonymous_6)
FN:99,(anonymous_7)
FN:115,(anonymous_8)
FN:116,(anonymous_9)
FN:117,(anonymous_10)
FN:130,(anonymous_11)
FN:168,(anonymous_12)
FN:183,(anonymous_13)
FN:194,(anonymous_14)
FN:195,(anonymous_15)
FN:201,(anonymous_16)
FN:217,(anonymous_17)
FN:223,(anonymous_18)
FNF:19
FNH:0
FNDA:0,(anonymous_0)
FNDA:0,(anonymous_1)
FNDA:0,(anonymous_2)
FNDA:0,(anonymous_3)
FNDA:0,(anonymous_4)
FNDA:0,(anonymous_5)
FNDA:0,(anonymous_6)
FNDA:0,(anonymous_7)
FNDA:0,(anonymous_8)
FNDA:0,(anonymous_9)
FNDA:0,(anonymous_10)
FNDA:0,(anonymous_11)
FNDA:0,(anonymous_12)
FNDA:0,(anonymous_13)
FNDA:0,(anonymous_14)
FNDA:0,(anonymous_15)
FNDA:0,(anonymous_16)
FNDA:0,(anonymous_17)
FNDA:0,(anonymous_18)
DA:6,0
DA:9,0
DA:14,0
DA:15,0
DA:16,0
DA:17,0
DA:25,0
DA:28,0
DA:31,0
DA:32,0
DA:35,0
DA:36,0
DA:37,0
DA:38,0
DA:39,0
DA:42,0
DA:52,0
DA:55,0
DA:56,0
DA:59,0
DA:69,0
DA:71,0
DA:73,0
DA:75,0
DA:83,0
DA:85,0
DA:86,0
DA:90,0
DA:91,0
DA:92,0
DA:100,0
DA:101,0
DA:104,0
DA:105,0
DA:109,0
DA:110,0
DA:114,0
DA:115,0
DA:116,0
DA:117,0
DA:119,0
DA:120,0
DA:124,0
DA:131,0
DA:132,0
DA:133,0
DA:137,0
DA:138,0
DA:139,0
DA:143,0
DA:144,0
DA:145,0
DA:149,0
DA:150,0
DA:151,0
DA:152,0
DA:156,0
DA:157,0
DA:158,0
DA:162,0
DA:169,0
DA:171,0
DA:172,0
DA:176,0
DA:184,0
DA:185,0
DA:186,0
DA:189,0
DA:190,0
DA:193,0
DA:194,0
DA:195,0
DA:197,0
DA:198,0
DA:201,0
DA:202,0
DA:204,0
DA:207,0
DA:208,0
DA:211,0
DA:218,0
DA:221,0
DA:222,0
DA:223,0
DA:224,0
DA:227,0
LF:86
LH:0
BRDA:25,0,0,0
BRDA:28,1,0,0
BRDA:32,2,0,0
BRDA:32,3,0,0
BRDA:32,3,1,0
BRDA:36,4,0,0
BRDA:39,5,0,0
BRDA:52,6,0,0
BRDA:56,7,0,0
BRDA:69,8,0,0
BRDA:69,8,1,0
BRDA:69,8,2,0
BRDA:85,9,0,0
BRDA:90,10,0,0
BRDA:101,11,0,0
BRDA:104,12,0,0
BRDA:104,13,0,0
BRDA:104,13,1,0
BRDA:109,14,0,0
BRDA:109,15,0,0
BRDA:109,15,1,0
BRDA:114,16,0,0
BRDA:119,17,0,0
BRDA:131,18,0,0
BRDA:137,19,0,0
BRDA:143,20,0,0
BRDA:150,21,0,0
BRDA:150,22,0,0
BRDA:150,22,1,0
BRDA:156,23,0,0
BRDA:171,24,0,0
BRDA:184,25,0,0
BRDA:197,26,0,0
BRDA:198,27,0,0
BRDA:202,28,0,0
BRDA:202,28,1,0
BRDA:207,29,0,0
BRDA:207,30,0,0
BRDA:207,30,1,0
BRDA:222,31,0,0
BRDA:222,32,0,0
BRDA:222,32,1,0
BRF:42
BRH:0
end_of_record
TN:
SF:src/core/services/conversation/dialogue/MetaConversationHandler.ts
FN:9,(anonymous_0)
FN:30,(anonymous_1)
FN:130,(anonymous_2)
FN:157,(anonymous_3)
FN:183,(anonymous_4)
FN:207,(anonymous_5)
FN:236,(anonymous_6)
FN:253,(anonymous_7)
FN:268,(anonymous_8)
FN:269,(anonymous_9)
FN:281,(anonymous_10)
FN:288,(anonymous_11)
FNF:12
FNH:0
FNDA:0,(anonymous_0)
FNDA:0,(anonymous_1)
FNDA:0,(anonymous_2)
FNDA:0,(anonymous_3)
FNDA:0,(anonymous_4)
FNDA:0,(anonymous_5)
FNDA:0,(anonymous_6)
FNDA:0,(anonymous_7)
FNDA:0,(anonymous_8)
FNDA:0,(anonymous_9)
FNDA:0,(anonymous_10)
FNDA:0,(anonymous_11)
DA:9,0
DA:10,0
DA:11,0
DA:12,0
DA:13,0
DA:14,0
DA:15,0
DA:16,0
DA:26,0
DA:31,0
DA:34,0
DA:101,0
DA:102,0
DA:103,0
DA:104,0
DA:115,0
DA:116,0
DA:124,0
DA:136,0
DA:137,0
DA:140,0
DA:142,0
DA:144,0
DA:146,0
DA:148,0
DA:150,0
DA:158,0
DA:161,0
DA:164,0
DA:165,0
DA:169,0
DA:170,0
DA:173,0
DA:174,0
DA:177,0
DA:185,0
DA:187,0
DA:189,0
DA:190,0
DA:193,0
DA:194,0
DA:197,0
DA:198,0
DA:201,0
DA:208,0
DA:211,0
DA:212,0
DA:216,0
DA:217,0
DA:221,0
DA:222,0
DA:226,0
DA:227,0
DA:230,0
DA:238,0
DA:239,0
DA:243,0
DA:244,0
DA:247,0
DA:254,0
DA:256,0
DA:257,0
DA:258,0
DA:259,0
DA:261,0
DA:269,0
DA:271,0
DA:272,0
DA:275,0
DA:282,0
DA:289,0
DA:290,0
DA:293,0
LF:73
LH:0
BRDA:9,0,0,0
BRDA:9,0,1,0
BRDA:103,1,0,0
BRDA:115,2,0,0
BRDA:136,3,0,0
BRDA:140,4,0,0
BRDA:140,4,1,0
BRDA:140,4,2,0
BRDA:140,4,3,0
BRDA:140,4,4,0
BRDA:164,5,0,0
BRDA:164,6,0,0
BRDA:164,6,1,0
BRDA:173,7,0,0
BRDA:185,8,0,0
BRDA:189,9,0,0
BRDA:193,10,0,0
BRDA:193,11,0,0
BRDA:193,11,1,0
BRDA:197,12,0,0
BRDA:211,13,0,0
BRDA:216,14,0,0
BRDA:221,15,0,0
BRDA:226,16,0,0
BRDA:226,17,0,0
BRDA:226,17,1,0
BRDA:238,18,0,0
BRDA:243,19,0,0
BRDA:243,20,0,0
BRDA:243,20,1,0
BRDA:256,21,0,0
BRDA:256,21,1,0
BRDA:258,22,0,0
BRDA:258,22,1,0
BRDA:271,23,0,0
BRDA:289,24,0,0
BRF:36
BRH:0
end_of_record
TN:
SF:src/core/services/conversation/dialogue/RepairStrategy.ts
FN:13,(anonymous_0)
FN:39,(anonymous_1)
FN:59,(anonymous_2)
FN:79,(anonymous_3)
FN:86,(anonymous_4)
FN:101,(anonymous_5)
FN:111,(anonymous_6)
FN:121,(anonymous_7)
FN:126,(anonymous_8)
FN:127,(anonymous_9)
FN:143,(anonymous_10)
FNF:11
FNH:0
FNDA:0,(anonymous_0)
FNDA:0,(anonymous_1)
FNDA:0,(anonymous_2)
FNDA:0,(anonymous_3)
FNDA:0,(anonymous_4)
FNDA:0,(anonymous_5)
FNDA:0,(anonymous_6)
FNDA:0,(anonymous_7)
FNDA:0,(anonymous_8)
FNDA:0,(anonymous_9)
FNDA:0,(anonymous_10)
DA:9,0
DA:19,0
DA:20,0
DA:24,0
DA:25,0
DA:29,0
DA:30,0
DA:33,0
DA:40,0
DA:42,0
DA:44,0
DA:46,0
DA:48,0
DA:50,0
DA:52,0
DA:60,0
DA:62,0
DA:64,0
DA:66,0
DA:68,0
DA:70,0
DA:72,0
DA:80,0
DA:87,0
DA:102,0
DA:104,0
DA:105,0
DA:112,0
DA:114,0
DA:115,0
DA:122,0
DA:124,0
DA:126,0
DA:127,0
DA:129,0
DA:132,0
DA:133,0
DA:134,0
DA:137,0
DA:144,0
DA:145,0
DA:147,0
DA:148,0
DA:149,0
DA:152,0
DA:153,0
LF:46
LH:0
BRDA:19,0,0,0
BRDA:24,1,0,0
BRDA:29,2,0,0
BRDA:40,3,0,0
BRDA:40,3,1,0
BRDA:40,3,2,0
BRDA:40,3,3,0
BRDA:40,3,4,0
BRDA:40,3,5,0
BRDA:60,4,0,0
BRDA:60,4,1,0
BRDA:60,4,2,0
BRDA:60,4,3,0
BRDA:60,4,4,0
BRDA:60,4,5,0
BRDA:102,5,0,0
BRDA:112,6,0,0
BRDA:115,7,0,0
BRDA:115,7,1,0
BRDA:122,8,0,0
BRDA:129,9,0,0
BRDA:134,10,0,0
BRDA:149,11,0,0
BRDA:153,12,0,0
BRDA:153,12,1,0
BRF:25
BRH:0
end_of_record
TN:
SF:src/core/services/conversation/dialogue/TopicSuggester.ts
FN:9,(anonymous_0)
FN:15,(anonymous_1)
FN:34,(anonymous_2)
FN:35,(anonymous_3)
FN:40,(anonymous_4)
FN:48,(anonymous_5)
FN:62,(anonymous_6)
FN:79,(anonymous_7)
FN:80,(anonymous_8)
FN:88,(anonymous_9)
FN:93,(anonymous_10)
FN:101,(anonymous_11)
FN:117,(anonymous_12)
FN:129,(anonymous_13)
FNF:14
FNH:0
FNDA:0,(anonymous_0)
FNDA:0,(anonymous_1)
FNDA:0,(anonymous_2)
FNDA:0,(anonymous_3)
FNDA:0,(anonymous_4)
FNDA:0,(anonymous_5)
FNDA:0,(anonymous_6)
FNDA:0,(anonymous_7)
FNDA:0,(anonymous_8)
FNDA:0,(anonymous_9)
FNDA:0,(anonymous_10)
FNDA:0,(anonymous_11)
FNDA:0,(anonymous_12)
FNDA:0,(anonymous_13)
DA:9,0
DA:10,0
DA:17,0
DA:20,0
DA:23,0
DA:26,0
DA:28,0
DA:35,0
DA:40,0
DA:42,0
DA:49,0
DA:51,0
DA:53,0
DA:55,0
DA:64,0
DA:67,0
DA:70,0
DA:73,0
DA:80,0
DA:81,0
DA:89,0
DA:92,0
DA:93,0
DA:95,0
DA:102,0
DA:104,0
DA:107,0
DA:108,0
DA:111,0
DA:118,0
DA:121,0
DA:122,0
DA:123,0
DA:124,0
DA:129,0
DA:130,0
DA:131,0
DA:135,0
DA:137,0
LF:39
LH:0
BRDA:17,0,0,0
BRDA:20,1,0,0
BRDA:23,2,0,0
BRDA:26,3,0,0
BRDA:42,4,0,0
BRDA:42,4,1,0
BRDA:42,5,0,0
BRDA:42,5,1,0
BRDA:49,6,0,0
BRDA:49,6,1,0
BRDA:49,6,2,0
BRDA:64,7,0,0
BRDA:67,8,0,0
BRDA:70,9,0,0
BRDA:80,10,0,0
BRDA:89,11,0,0
BRDA:102,12,0,0
BRDA:107,13,0,0
BRDA:122,14,0,0
BRDA:130,15,0,0
BRF:20
BRH:0
end_of_record
TN:
SF:src/core/services/conversation/dialogue/TurnTakingManager.ts
FN:13,(anonymous_0)
FN:32,(anonymous_1)
FN:52,(anonymous_2)
FN:73,(anonymous_3)
FN:89,(anonymous_4)
FNF:5
FNH:0
FNDA:0,(anonymous_0)
FNDA:0,(anonymous_1)
FNDA:0,(anonymous_2)
FNDA:0,(anonymous_3)
FNDA:0,(anonymous_4)
DA:6,0
DA:9,0
DA:15,0
DA:16,0
DA:17,0
DA:21,0
DA:24,0
DA:26,0
DA:37,0
DA:40,0
DA:43,0
DA:46,0
DA:54,0
DA:56,0
DA:57,0
DA:59,0
DA:60,0
DA:63,0
DA:64,0
DA:67,0
DA:75,0
DA:76,0
DA:77,0
DA:78,0
DA:83,0
DA:90,0
DA:91,0
DA:92,0
DA:94,0
DA:95,0
DA:97,0
LF:31
LH:0
BRDA:16,0,0,0
BRDA:16,1,0,0
BRDA:16,1,1,0
BRDA:21,2,0,0
BRDA:24,3,0,0
BRDA:24,4,0,0
BRDA:24,4,1,0
BRDA:54,5,0,0
BRDA:57,6,0,0
BRDA:59,7,0,0
BRDA:63,8,0,0
BRDA:75,9,0,0
BRDA:77,10,0,0
BRDA:90,11,0,0
BRDA:90,11,1,0
BRDA:94,12,0,0
BRDA:94,12,1,0
BRF:17
BRH:0
end_of_record
TN:
SF:src/core/services/conversation/generation/AppropriatenessChecker.ts
FN:19,(anonymous_0)
FN:30,(anonymous_1)
FN:78,(anonymous_2)
FN:79,(anonymous_3)
FN:85,(anonymous_4)
FN:106,(anonymous_5)
FN:129,(anonymous_6)
FN:134,(anonymous_7)
FN:135,(anonymous_8)
FN:164,(anonymous_9)
FNF:10
FNH:0
FNDA:0,(anonymous_0)
FNDA:0,(anonymous_1)
FNDA:0,(anonymous_2)
FNDA:0,(anonymous_3)
FNDA:0,(anonymous_4)
FNDA:0,(anonymous_5)
FNDA:0,(anonymous_6)
FNDA:0,(anonymous_7)
FNDA:0,(anonymous_8)
FNDA:0,(anonymous_9)
DA:15,0
DA:20,0
DA:24,0
DA:31,0
DA:32,0
DA:35,0
DA:36,0
DA:37,0
DA:41,0
DA:42,0
DA:43,0
DA:44,0
DA:48,0
DA:49,0
DA:50,0
DA:54,0
DA:55,0
DA:56,0
DA:60,0
DA:61,0
DA:62,0
DA:65,0
DA:67,0
DA:79,0
DA:86,0
DA:88,0
DA:89,0
DA:90,0
DA:92,0
DA:93,0
DA:94,0
DA:95,0
DA:99,0
DA:100,0
DA:107,0
DA:109,0
DA:112,0
DA:113,0
DA:114,0
DA:118,0
DA:119,0
DA:120,0
DA:123,0
DA:130,0
DA:132,0
DA:134,0
DA:135,0
DA:137,0
DA:139,0
DA:141,0
DA:144,0
DA:145,0
DA:147,0
DA:148,0
DA:149,0
DA:150,0
DA:151,0
DA:155,0
DA:158,0
DA:165,0
DA:167,0
DA:168,0
DA:169,0
DA:171,0
DA:172,0
DA:174,0
DA:175,0
DA:177,0
DA:178,0
DA:180,0
DA:181,0
DA:185,0
LF:72
LH:0
BRDA:35,0,0,0
BRDA:42,1,0,0
BRDA:48,2,0,0
BRDA:54,3,0,0
BRDA:60,4,0,0
BRDA:65,5,0,0
BRDA:65,5,1,0
BRDA:71,6,0,0
BRDA:71,6,1,0
BRDA:86,7,0,0
BRDA:94,8,0,0
BRDA:94,9,0,0
BRDA:94,9,1,0
BRDA:107,10,0,0
BRDA:112,11,0,0
BRDA:114,12,0,0
BRDA:118,13,0,0
BRDA:120,14,0,0
BRDA:130,15,0,0
BRDA:141,16,0,0
BRDA:150,17,0,0
BRDA:155,18,0,0
BRDA:168,19,0,0
BRDA:171,20,0,0
BRDA:174,21,0,0
BRDA:177,22,0,0
BRDA:180,23,0,0
BRF:27
BRH:0
end_of_record
TN:
SF:src/core/services/conversation/generation/ContentFiller.ts
FN:19,(anonymous_0)
FN:45,(anonymous_1)
FN:50,(anonymous_2)
FN:65,(anonymous_3)
FN:75,(anonymous_4)
FN:94,(anonymous_5)
FN:104,(anonymous_6)
FN:124,(anonymous_7)
FN:145,(anonymous_8)
FN:167,(anonymous_9)
FN:186,(anonymous_10)
FN:197,(anonymous_11)
FN:198,(anonymous_12)
FN:206,(anonymous_13)
FN:213,(anonymous_14)
FNF:15
FNH:0
FNDA:0,(anonymous_0)
FNDA:0,(anonymous_1)
FNDA:0,(anonymous_2)
FNDA:0,(anonymous_3)
FNDA:0,(anonymous_4)
FNDA:0,(anonymous_5)
FNDA:0,(anonymous_6)
FNDA:0,(anonymous_7)
FNDA:0,(anonymous_8)
FNDA:0,(anonymous_9)
FNDA:0,(anonymous_10)
FNDA:0,(anonymous_11)
FNDA:0,(anonymous_12)
FNDA:0,(anonymous_13)
FNDA:0,(anonymous_14)
DA:15,0
DA:24,0
DA:26,0
DA:28,0
DA:30,0
DA:32,0
DA:34,0
DA:36,0
DA:38,0
DA:46,0
DA:49,0
DA:50,0
DA:51,0
DA:52,0
DA:57,0
DA:58,0
DA:59,0
DA:60,0
DA:65,0
DA:66,0
DA:67,0
DA:69,0
DA:80,0
DA:81,0
DA:84,0
DA:85,0
DA:88,0
DA:95,0
DA:96,0
DA:98,0
DA:105,0
DA:107,0
DA:108,0
DA:109,0
DA:112,0
DA:113,0
DA:114,0
DA:115,0
DA:116,0
DA:118,0
DA:125,0
DA:128,0
DA:129,0
DA:130,0
DA:134,0
DA:135,0
DA:136,0
DA:139,0
DA:146,0
DA:147,0
DA:150,0
DA:151,0
DA:152,0
DA:154,0
DA:155,0
DA:157,0
DA:158,0
DA:161,0
DA:168,0
DA:169,0
DA:171,0
DA:172,0
DA:174,0
DA:175,0
DA:176,0
DA:180,0
DA:187,0
DA:188,0
DA:189,0
DA:190,0
DA:191,0
DA:198,0
DA:199,0
DA:200,0
DA:207,0
DA:214,0
DA:215,0
DA:216,0
DA:218,0
DA:219,0
DA:220,0
DA:224,0
LF:82
LH:0
BRDA:24,0,0,0
BRDA:24,0,1,0
BRDA:24,0,2,0
BRDA:24,0,3,0
BRDA:24,0,4,0
BRDA:24,0,5,0
BRDA:24,0,6,0
BRDA:50,1,0,0
BRDA:58,2,0,0
BRDA:80,3,0,0
BRDA:80,4,0,0
BRDA:80,4,1,0
BRDA:84,5,0,0
BRDA:84,6,0,0
BRDA:84,6,1,0
BRDA:95,7,0,0
BRDA:105,8,0,0
BRDA:108,9,0,0
BRDA:109,10,0,0
BRDA:113,11,0,0
BRDA:114,12,0,0
BRDA:115,13,0,0
BRDA:116,14,0,0
BRDA:128,15,0,0
BRDA:134,16,0,0
BRDA:139,17,0,0
BRDA:139,17,1,0
BRDA:146,18,0,0
BRDA:151,19,0,0
BRDA:154,20,0,0
BRDA:157,21,0,0
BRDA:169,22,0,0
BRDA:175,23,0,0
BRDA:188,24,0,0
BRDA:189,25,0,0
BRDA:190,26,0,0
BRDA:199,27,0,0
BRDA:219,28,0,0
BRDA:219,29,0,0
BRDA:219,29,1,0
BRF:40
BRH:0
end_of_record
TN:
SF:src/core/services/conversation/generation/DiversityManager.ts
FN:6,(anonymous_0)
FN:14,(anonymous_1)
FN:19,(anonymous_2)
FN:32,(anonymous_3)
FN:51,(anonymous_4)
FN:68,(anonymous_5)
FN:76,(anonymous_6)
FN:78,(anonymous_7)
FN:79,(anonymous_8)
FN:85,(anonymous_9)
FN:101,(anonymous_10)
FN:126,(anonymous_11)
FN:127,(anonymous_12)
FN:143,(anonymous_13)
FN:155,(anonymous_14)
FNF:15
FNH:0
FNDA:0,(anonymous_0)
FNDA:0,(anonymous_1)
FNDA:0,(anonymous_2)
FNDA:0,(anonymous_3)
FNDA:0,(anonymous_4)
FNDA:0,(anonymous_5)
FNDA:0,(anonymous_6)
FNDA:0,(anonymous_7)
FNDA:0,(anonymous_8)
FNDA:0,(anonymous_9)
FNDA:0,(anonymous_10)
FNDA:0,(anonymous_11)
FNDA:0,(anonymous_12)
FNDA:0,(anonymous_13)
FNDA:0,(anonymous_14)
DA:6,0
DA:7,0
DA:8,0
DA:9,0
DA:15,0
DA:16,0
DA:19,0
DA:20,0
DA:23,0
DA:24,0
DA:26,0
DA:33,0
DA:36,0
DA:39,0
DA:42,0
DA:45,0
DA:52,0
DA:54,0
DA:55,0
DA:59,0
DA:60,0
DA:61,0
DA:62,0
DA:66,0
DA:67,0
DA:68,0
DA:69,0
DA:77,0
DA:78,0
DA:79,0
DA:86,0
DA:87,0
DA:89,0
DA:90,0
DA:91,0
DA:94,0
DA:95,0
DA:102,0
DA:110,0
DA:111,0
DA:112,0
DA:113,0
DA:114,0
DA:115,0
DA:116,0
DA:120,0
DA:127,0
DA:128,0
DA:131,0
DA:132,0
DA:133,0
DA:134,0
DA:137,0
DA:145,0
DA:146,0
DA:147,0
DA:149,0
DA:156,0
DA:157,0
DA:160,0
DA:161,0
DA:162,0
DA:163,0
DA:167,0
LF:64
LH:0
BRDA:15,0,0,0
BRDA:32,1,0,0
BRDA:54,2,0,0
BRDA:61,3,0,0
BRDA:61,3,1,0
BRDA:66,4,0,0
BRDA:76,5,0,0
BRDA:91,6,0,0
BRDA:95,7,0,0
BRDA:95,7,1,0
BRDA:113,8,0,0
BRDA:128,9,0,0
BRDA:131,10,0,0
BRDA:162,11,0,0
BRF:14
BRH:0
end_of_record
TN:
SF:src/core/services/conversation/generation/MemoryIntegrator.ts
FN:19,(anonymous_0)
FN:25,(anonymous_1)
FN:30,(anonymous_2)
FN:35,(anonymous_3)
FN:39,(anonymous_4)
FN:40,(anonymous_5)
FN:46,(anonymous_6)
FN:65,(anonymous_7)
FN:68,(anonymous_8)
FN:76,(anonymous_9)
FN:77,(anonymous_10)
FN:86,(anonymous_11)
FN:92,(anonymous_12)
FN:104,(anonymous_13)
FN:112,(anonymous_14)
FN:113,(anonymous_15)
FN:121,(anonymous_16)
FN:122,(anonymous_17)
FN:136,(anonymous_18)
FN:137,(anonymous_19)
FN:152,(anonymous_20)
FN:167,(anonymous_21)
FNF:22
FNH:0
FNDA:0,(anonymous_0)
FNDA:0,(anonymous_1)
FNDA:0,(anonymous_2)
FNDA:0,(anonymous_3)
FNDA:0,(anonymous_4)
FNDA:0,(anonymous_5)
FNDA:0,(anonymous_6)
FNDA:0,(anonymous_7)
FNDA:0,(anonymous_8)
FNDA:0,(anonymous_9)
FNDA:0,(anonymous_10)
FNDA:0,(anonymous_11)
FNDA:0,(anonymous_12)
FNDA:0,(anonymous_13)
FNDA:0,(anonymous_14)
FNDA:0,(anonymous_15)
FNDA:0,(anonymous_16)
FNDA:0,(anonymous_17)
FNDA:0,(anonymous_18)
FNDA:0,(anonymous_19)
FNDA:0,(anonymous_20)
FNDA:0,(anonymous_21)
DA:19,0
DA:20,0
DA:30,0
DA:35,0
DA:37,0
DA:39,0
DA:40,0
DA:51,0
DA:53,0
DA:55,0
DA:58,0
DA:67,0
DA:68,0
DA:69,0
DA:72,0
DA:75,0
DA:76,0
DA:77,0
DA:80,0
DA:87,0
DA:90,0
DA:91,0
DA:93,0
DA:94,0
DA:95,0
DA:109,0
DA:112,0
DA:113,0
DA:114,0
DA:118,0
DA:121,0
DA:122,0
DA:124,0
DA:127,0
DA:128,0
DA:130,0
DA:137,0
DA:138,0
DA:141,0
DA:142,0
DA:144,0
DA:146,0
DA:153,0
DA:160,0
DA:161,0
DA:168,0
DA:169,0
LF:47
LH:0
BRDA:28,0,0,0
BRDA:49,1,0,0
BRDA:51,2,0,0
BRDA:51,2,1,0
BRDA:51,2,2,0
BRDA:51,2,3,0
BRDA:72,3,0,0
BRDA:80,4,0,0
BRDA:80,4,1,0
BRDA:90,5,0,0
BRDA:114,6,0,0
BRDA:114,6,1,0
BRDA:118,7,0,0
BRDA:124,8,0,0
BRDA:138,9,0,0
BRF:15
BRH:0
end_of_record
TN:
SF:src/core/services/conversation/generation/PersonalityStyler.ts
FN:16,(anonymous_0)
FN:30,(anonymous_1)
FN:64,(anonymous_2)
FN:83,(anonymous_3)
FN:99,(anonymous_4)
FN:115,(anonymous_5)
FN:134,(anonymous_6)
FN:149,(anonymous_7)
FN:166,(anonymous_8)
FN:185,(anonymous_9)
FN:197,(anonymous_10)
FNF:11
FNH:0
FNDA:0,(anonymous_0)
FNDA:0,(anonymous_1)
FNDA:0,(anonymous_2)
FNDA:0,(anonymous_3)
FNDA:0,(anonymous_4)
FNDA:0,(anonymous_5)
FNDA:0,(anonymous_6)
FNDA:0,(anonymous_7)
FNDA:0,(anonymous_8)
FNDA:0,(anonymous_9)
FNDA:0,(anonymous_10)
DA:16,0
DA:17,0
DA:34,0
DA:37,0
DA:38,0
DA:42,0
DA:43,0
DA:44,0
DA:45,0
DA:49,0
DA:50,0
DA:54,0
DA:55,0
DA:58,0
DA:69,0
DA:70,0
DA:73,0
DA:74,0
DA:77,0
DA:88,0
DA:89,0
DA:93,0
DA:100,0
DA:101,0
DA:104,0
DA:105,0
DA:106,0
DA:109,0
DA:117,0
DA:118,0
DA:122,0
DA:123,0
DA:124,0
DA:125,0
DA:128,0
DA:136,0
DA:139,0
DA:140,0
DA:143,0
DA:150,0
DA:153,0
DA:154,0
DA:155,0
DA:156,0
DA:160,0
DA:168,0
DA:174,0
DA:175,0
DA:176,0
DA:179,0
DA:186,0
DA:187,0
DA:188,0
DA:189,0
DA:190,0
DA:191,0
DA:198,0
DA:199,0
DA:200,0
DA:201,0
DA:202,0
LF:61
LH:0
BRDA:32,0,0,0
BRDA:37,1,0,0
BRDA:42,2,0,0
BRDA:42,2,1,0
BRDA:44,3,0,0
BRDA:49,4,0,0
BRDA:54,5,0,0
BRDA:54,6,0,0
BRDA:54,6,1,0
BRDA:69,7,0,0
BRDA:73,8,0,0
BRDA:73,9,0,0
BRDA:73,9,1,0
BRDA:88,10,0,0
BRDA:104,11,0,0
BRDA:104,12,0,0
BRDA:104,12,1,0
BRDA:117,13,0,0
BRDA:123,14,0,0
BRDA:139,15,0,0
BRDA:153,16,0,0
BRDA:154,17,0,0
BRDA:174,18,0,0
BRF:23
BRH:0
end_of_record
TN:
SF:src/core/services/conversation/generation/ResponseGenerator.ts
FN:44,(anonymous_0)
FN:56,(anonymous_1)
FN:97,(anonymous_2)
FN:102,(anonymous_3)
FN:105,(anonymous_4)
FN:123,(anonymous_5)
FN:130,(anonymous_6)
FN:189,(anonymous_7)
FN:214,(anonymous_8)
FN:238,(anonymous_9)
FN:262,(anonymous_10)
FN:282,(anonymous_11)
FNF:12
FNH:0
FNDA:0,(anonymous_0)
FNDA:0,(anonymous_1)
FNDA:0,(anonymous_2)
FNDA:0,(anonymous_3)
FNDA:0,(anonymous_4)
FNDA:0,(anonymous_5)
FNDA:0,(anonymous_6)
FNDA:0,(anonymous_7)
FNDA:0,(anonymous_8)
FNDA:0,(anonymous_9)
FNDA:0,(anonymous_10)
FNDA:0,(anonymous_11)
DA:9,0
DA:10,0
DA:11,0
DA:12,0
DA:13,0
DA:14,0
DA:36,0
DA:45,0
DA:46,0
DA:47,0
DA:48,0
DA:49,0
DA:50,0
DA:57,0
DA:59,0
DA:60,0
DA:63,0
DA:66,0
DA:68,0
DA:69,0
DA:71,0
DA:82,0
DA:83,0
DA:84,0
DA:85,0
DA:91,0
DA:102,0
DA:104,0
DA:105,0
DA:109,0
DA:110,0
DA:112,0
DA:113,0
DA:114,0
DA:117,0
DA:124,0
DA:132,0
DA:133,0
DA:140,0
DA:141,0
DA:145,0
DA:146,0
DA:149,0
DA:150,0
DA:154,0
DA:155,0
DA:156,0
DA:162,0
DA:163,0
DA:164,0
DA:165,0
DA:166,0
DA:172,0
DA:174,0
DA:193,0
DA:195,0
DA:196,0
DA:204,0
DA:205,0
DA:208,0
DA:215,0
DA:217,0
DA:220,0
DA:221,0
DA:224,0
DA:225,0
DA:228,0
DA:229,0
DA:232,0
DA:239,0
DA:246,0
DA:248,0
DA:264,0
DA:265,0
DA:266,0
DA:270,0
DA:271,0
DA:274,0
DA:276,0
DA:283,0
DA:284,0
DA:287,0
DA:288,0
DA:292,0
DA:293,0
DA:296,0
LF:86
LH:0
BRDA:57,0,0,0
BRDA:57,0,1,0
BRDA:68,1,0,0
BRDA:68,2,0,0
BRDA:68,2,1,0
BRDA:82,3,0,0
BRDA:82,4,0,0
BRDA:82,4,1,0
BRDA:84,5,0,0
BRDA:100,6,0,0
BRDA:104,7,0,0
BRDA:140,8,0,0
BRDA:149,9,0,0
BRDA:155,10,0,0
BRDA:163,11,0,0
BRDA:204,12,0,0
BRDA:215,13,0,0
BRDA:220,14,0,0
BRDA:220,15,0,0
BRDA:220,15,1,0
BRDA:224,16,0,0
BRDA:228,17,0,0
BRDA:265,18,0,0
BRDA:287,19,0,0
BRDA:292,20,0,0
BRF:25
BRH:0
end_of_record
TN:
SF:src/core/services/conversation/generation/TemplateEngine.ts
FN:23,(anonymous_0)
FN:32,(anonymous_1)
FN:42,(anonymous_2)
FN:51,(anonymous_3)
FN:59,(anonymous_4)
FN:64,(anonymous_5)
FN:77,(anonymous_6)
FN:95,(anonymous_7)
FN:97,(anonymous_8)
FN:110,(anonymous_9)
FN:192,(anonymous_10)
FN:193,(anonymous_11)
FNF:12
FNH:0
FNDA:0,(anonymous_0)
FNDA:0,(anonymous_1)
FNDA:0,(anonymous_2)
FNDA:0,(anonymous_3)
FNDA:0,(anonymous_4)
FNDA:0,(anonymous_5)
FNDA:0,(anonymous_6)
FNDA:0,(anonymous_7)
FNDA:0,(anonymous_8)
FNDA:0,(anonymous_9)
FNDA:0,(anonymous_10)
FNDA:0,(anonymous_11)
DA:6,0
DA:19,0
DA:24,0
DA:25,0
DA:26,0
DA:38,0
DA:39,0
DA:42,0
DA:43,0
DA:47,0
DA:50,0
DA:51,0
DA:52,0
DA:53,0
DA:54,0
DA:59,0
DA:64,0
DA:65,0
DA:68,0
DA:69,0
DA:71,0
DA:78,0
DA:81,0
DA:82,0
DA:83,0
DA:87,0
DA:89,0
DA:96,0
DA:97,0
DA:98,0
DA:100,0
DA:101,0
DA:102,0
DA:112,0
DA:120,0
DA:128,0
DA:135,0
DA:143,0
DA:150,0
DA:157,0
DA:164,0
DA:171,0
DA:177,0
DA:183,0
DA:193,0
DA:204,0
LF:46
LH:0
BRDA:34,0,0,0
BRDA:35,1,0,0
BRDA:36,2,0,0
BRDA:38,3,0,0
BRDA:38,3,1,0
BRDA:39,4,0,0
BRDA:43,5,0,0
BRDA:43,5,1,0
BRDA:43,5,2,0
BRDA:43,5,3,0
BRDA:47,6,0,0
BRDA:50,7,0,0
BRDA:52,8,0,0
BRDA:52,8,1,0
BRDA:53,9,0,0
BRDA:53,9,1,0
BRDA:82,10,0,0
BRDA:82,10,1,0
BRDA:98,11,0,0
BRDA:100,12,0,0
BRDA:100,12,1,0
BRDA:197,13,0,0
BRDA:197,13,1,0
BRDA:201,14,0,0
BRDA:201,14,1,0
BRF:25
BRH:0
end_of_record
TN:
SF:src/core/services/conversation/models/DialogueState.ts
FN:8,(anonymous_0)
FN:17,(anonymous_1)
FN:24,(anonymous_2)
FNF:3
FNH:0
FNDA:0,(anonymous_0)
FNDA:0,(anonymous_1)
FNDA:0,(anonymous_2)
DA:8,0
DA:9,0
DA:10,0
DA:11,0
DA:12,0
DA:13,0
DA:14,0
DA:17,0
DA:18,0
DA:19,0
DA:20,0
DA:21,0
DA:24,0
DA:25,0
DA:26,0
DA:27,0
LF:16
LH:0
BRDA:8,0,0,0
BRDA:8,0,1,0
BRDA:17,1,0,0
BRDA:17,1,1,0
BRDA:24,2,0,0
BRDA:24,2,1,0
BRF:6
BRH:0
end_of_record
TN:
SF:src/core/services/conversation/models/Entity.ts
FN:6,(anonymous_0)
FNF:1
FNH:0
FNDA:0,(anonymous_0)
DA:6,0
DA:7,0
DA:8,0
DA:9,0
DA:10,0
DA:11,0
DA:12,0
DA:13,0
DA:14,0
DA:15,0
DA:16,0
DA:17,0
DA:18,0
DA:19,0
DA:20,0
LF:15
LH:0
BRDA:6,0,0,0
BRDA:6,0,1,0
BRF:2
BRH:0
end_of_record
TN:
SF:src/core/services/conversation/models/Intent.ts
FN:6,(anonymous_0)
FNF:1
FNH:0
FNDA:0,(anonymous_0)
DA:6,0
DA:7,0
DA:8,0
DA:9,0
DA:10,0
DA:11,0
DA:12,0
DA:13,0
DA:14,0
DA:15,0
DA:16,0
DA:17,0
DA:18,0
DA:19,0
DA:20,0
LF:15
LH:0
BRDA:6,0,0,0
BRDA:6,0,1,0
BRF:2
BRH:0
end_of_record
TN:
SF:src/core/services/conversation/models/SpeechAct.ts
FN:6,(anonymous_0)
FNF:1
FNH:0
FNDA:0,(anonymous_0)
DA:6,0
DA:8,0
DA:9,0
DA:10,0
DA:11,0
DA:12,0
DA:15,0
DA:16,0
DA:17,0
DA:18,0
DA:19,0
DA:22,0
DA:23,0
DA:24,0
DA:25,0
DA:26,0
DA:29,0
DA:30,0
DA:31,0
DA:32,0
DA:33,0
DA:34,0
DA:37,0
DA:38,0
DA:39,0
DA:40,0
DA:43,0
DA:44,0
DA:45,0
DA:46,0
DA:49,0
DA:50,0
DA:51,0
DA:52,0
LF:34
LH:0
BRDA:6,0,0,0
BRDA:6,0,1,0
BRF:2
BRH:0
end_of_record
TN:
SF:src/core/services/conversation/nlu/ContextManager.ts
FN:14,(anonymous_0)
FN:21,(anonymous_1)
FN:50,(anonymous_2)
FN:57,(anonymous_3)
FN:88,(anonymous_4)
FN:94,(anonymous_5)
FN:104,(anonymous_6)
FN:121,(anonymous_7)
FN:131,(anonymous_8)
FN:141,(anonymous_9)
FN:146,(anonymous_10)
FN:151,(anonymous_11)
FN:153,(anonymous_12)
FN:159,(anonymous_13)
FN:173,(anonymous_14)
FN:191,(anonymous_15)
FN:195,(anonymous_16)
FN:201,(anonymous_17)
FN:204,(anonymous_18)
FN:205,(anonymous_19)
FN:211,(anonymous_20)
FN:215,(anonymous_21)
FN:246,(anonymous_22)
FN:258,(anonymous_23)
FN:278,(anonymous_24)
FN:287,(anonymous_25)
FN:297,(anonymous_26)
FN:305,(anonymous_27)
FN:314,(anonymous_28)
FNF:29
FNH:0
FNDA:0,(anonymous_0)
FNDA:0,(anonymous_1)
FNDA:0,(anonymous_2)
FNDA:0,(anonymous_3)
FNDA:0,(anonymous_4)
FNDA:0,(anonymous_5)
FNDA:0,(anonymous_6)
FNDA:0,(anonymous_7)
FNDA:0,(anonymous_8)
FNDA:0,(anonymous_9)
FNDA:0,(anonymous_10)
FNDA:0,(anonymous_11)
FNDA:0,(anonymous_12)
FNDA:0,(anonymous_13)
FNDA:0,(anonymous_14)
FNDA:0,(anonymous_15)
FNDA:0,(anonymous_16)
FNDA:0,(anonymous_17)
FNDA:0,(anonymous_18)
FNDA:0,(anonymous_19)
FNDA:0,(anonymous_20)
FNDA:0,(anonymous_21)
FNDA:0,(anonymous_22)
FNDA:0,(anonymous_23)
FNDA:0,(anonymous_24)
FNDA:0,(anonymous_25)
FNDA:0,(anonymous_26)
FNDA:0,(anonymous_27)
FNDA:0,(anonymous_28)
DA:10,0
DA:12,0
DA:15,0
DA:22,0
DA:43,0
DA:44,0
DA:51,0
DA:58,0
DA:59,0
DA:61,0
DA:62,0
DA:63,0
DA:66,0
DA:69,0
DA:70,0
DA:74,0
DA:75,0
DA:79,0
DA:80,0
DA:81,0
DA:89,0
DA:90,0
DA:93,0
DA:94,0
DA:95,0
DA:96,0
DA:97,0
DA:99,0
DA:104,0
DA:105,0
DA:106,0
DA:107,0
DA:111,0
DA:112,0
DA:114,0
DA:122,0
DA:123,0
DA:125,0
DA:132,0
DA:133,0
DA:135,0
DA:142,0
DA:143,0
DA:146,0
DA:151,0
DA:153,0
DA:160,0
DA:161,0
DA:163,0
DA:175,0
DA:185,0
DA:192,0
DA:195,0
DA:201,0
DA:202,0
DA:204,0
DA:205,0
DA:212,0
DA:214,0
DA:215,0
DA:217,0
DA:219,0
DA:222,0
DA:226,0
DA:233,0
DA:234,0
DA:238,0
DA:239,0
DA:247,0
DA:250,0
DA:251,0
DA:259,0
DA:262,0
DA:265,0
DA:268,0
DA:269,0
DA:272,0
DA:279,0
DA:282,0
DA:283,0
DA:286,0
DA:287,0
DA:288,0
DA:291,0
DA:298,0
DA:301,0
DA:302,0
DA:305,0
DA:306,0
DA:308,0
DA:315,0
DA:317,0
DA:318,0
DA:319,0
LF:94
LH:0
BRDA:51,0,0,0
BRDA:51,0,1,0
BRDA:59,1,0,0
BRDA:69,2,0,0
BRDA:74,3,0,0
BRDA:79,4,0,0
BRDA:90,5,0,0
BRDA:95,6,0,0
BRDA:95,6,1,0
BRDA:111,7,0,0
BRDA:123,8,0,0
BRDA:133,9,0,0
BRDA:133,10,0,0
BRDA:133,10,1,0
BRDA:135,11,0,0
BRDA:135,11,1,0
BRDA:141,12,0,0
BRDA:143,13,0,0
BRDA:161,14,0,0
BRDA:192,15,0,0
BRDA:217,16,0,0
BRDA:217,16,1,0
BRDA:233,17,0,0
BRDA:238,18,0,0
BRDA:250,19,0,0
BRDA:262,20,0,0
BRDA:268,21,0,0
BRDA:268,22,0,0
BRDA:268,22,1,0
BRDA:286,23,0,0
BRDA:288,24,0,0
BRDA:306,25,0,0
BRDA:314,26,0,0
BRDA:318,27,0,0
BRF:34
BRH:0
end_of_record
TN:
SF:src/core/services/conversation/nlu/EntityExtractor.ts
FN:19,(anonymous_0)
FN:28,(anonymous_1)
FN:63,(anonymous_2)
FN:94,(anonymous_3)
FN:143,(anonymous_4)
FN:174,(anonymous_5)
FN:198,(anonymous_6)
FN:237,(anonymous_7)
FN:253,(anonymous_8)
FN:254,(anonymous_9)
FN:275,(anonymous_10)
FN:319,(anonymous_11)
FN:370,(anonymous_12)
FN:390,(anonymous_13)
FN:404,(anonymous_14)
FN:426,(anonymous_15)
FN:439,(anonymous_16)
FNF:17
FNH:0
FNDA:0,(anonymous_0)
FNDA:0,(anonymous_1)
FNDA:0,(anonymous_2)
FNDA:0,(anonymous_3)
FNDA:0,(anonymous_4)
FNDA:0,(anonymous_5)
FNDA:0,(anonymous_6)
FNDA:0,(anonymous_7)
FNDA:0,(anonymous_8)
FNDA:0,(anonymous_9)
FNDA:0,(anonymous_10)
FNDA:0,(anonymous_11)
FNDA:0,(anonymous_12)
FNDA:0,(anonymous_13)
FNDA:0,(anonymous_14)
FNDA:0,(anonymous_15)
FNDA:0,(anonymous_16)
DA:6,0
DA:14,0
DA:20,0
DA:21,0
DA:22,0
DA:29,0
DA:30,0
DA:33,0
DA:34,0
DA:37,0
DA:38,0
DA:41,0
DA:42,0
DA:45,0
DA:48,0
DA:51,0
DA:53,0
DA:67,0
DA:68,0
DA:70,0
DA:72,0
DA:73,0
DA:74,0
DA:75,0
DA:81,0
DA:82,0
DA:84,0
DA:88,0
DA:95,0
DA:98,0
DA:99,0
DA:100,0
DA:102,0
DA:103,0
DA:105,0
DA:106,0
DA:107,0
DA:108,0
DA:109,0
DA:113,0
DA:114,0
DA:118,0
DA:119,0
DA:120,0
DA:121,0
DA:123,0
DA:137,0
DA:144,0
DA:146,0
DA:147,0
DA:148,0
DA:150,0
DA:151,0
DA:152,0
DA:168,0
DA:175,0
DA:176,0
DA:178,0
DA:179,0
DA:180,0
DA:181,0
DA:192,0
DA:203,0
DA:204,0
DA:206,0
DA:207,0
DA:208,0
DA:209,0
DA:211,0
DA:213,0
DA:214,0
DA:220,0
DA:221,0
DA:231,0
DA:238,0
DA:241,0
DA:248,0
DA:249,0
DA:251,0
DA:252,0
DA:253,0
DA:254,0
DA:256,0
DA:257,0
DA:263,0
DA:269,0
DA:276,0
DA:320,0
DA:322,0
DA:324,0
DA:325,0
DA:326,0
DA:331,0
DA:336,0
DA:337,0
DA:344,0
DA:347,0
DA:348,0
DA:353,0
DA:354,0
DA:360,0
DA:364,0
DA:371,0
DA:374,0
DA:375,0
DA:379,0
DA:380,0
DA:384,0
DA:392,0
DA:393,0
DA:394,0
DA:395,0
DA:398,0
DA:405,0
DA:406,0
DA:408,0
DA:409,0
DA:412,0
DA:413,0
DA:416,0
DA:417,0
DA:420,0
DA:427,0
DA:429,0
DA:431,0
DA:440,0
LF:126
LH:0
BRDA:70,0,0,0
BRDA:74,1,0,0
BRDA:82,2,0,0
BRDA:82,3,0,0
BRDA:82,3,1,0
BRDA:105,4,0,0
BRDA:105,4,1,0
BRDA:107,5,0,0
BRDA:113,6,0,0
BRDA:119,7,0,0
BRDA:151,8,0,0
BRDA:151,9,0,0
BRDA:151,9,1,0
BRDA:179,10,0,0
BRDA:179,11,0,0
BRDA:179,11,1,0
BRDA:180,12,0,0
BRDA:180,12,1,0
BRDA:207,13,0,0
BRDA:207,14,0,0
BRDA:207,14,1,0
BRDA:211,15,0,0
BRDA:213,16,0,0
BRDA:252,17,0,0
BRDA:252,18,0,0
BRDA:252,18,1,0
BRDA:256,19,0,0
BRDA:256,20,0,0
BRDA:256,20,1,0
BRDA:322,21,0,0
BRDA:322,21,1,0
BRDA:325,22,0,0
BRDA:336,23,0,0
BRDA:347,24,0,0
BRDA:347,24,1,0
BRDA:353,25,0,0
BRDA:374,26,0,0
BRDA:379,27,0,0
BRDA:394,28,0,0
BRDA:408,29,0,0
BRDA:409,30,0,0
BRDA:409,30,1,0
BRDA:412,31,0,0
BRDA:416,32,0,0
BRDA:429,33,0,0
BRDA:429,34,0,0
BRDA:429,34,1,0
BRF:47
BRH:0
end_of_record
TN:
SF:src/core/services/conversation/nlu/IntentRecognizer.ts
FN:21,(anonymous_0)
FN:29,(anonymous_1)
FN:40,(anonymous_2)
FN:61,(anonymous_3)
FN:74,(anonymous_4)
FN:103,(anonymous_5)
FN:111,(anonymous_6)
FN:116,(anonymous_7)
FN:117,(anonymous_8)
FN:125,(anonymous_9)
FN:142,(anonymous_10)
FN:146,(anonymous_11)
FN:171,(anonymous_12)
FN:195,(anonymous_13)
FN:304,(anonymous_14)
FN:308,(anonymous_15)
FN:309,(anonymous_16)
FN:312,(anonymous_17)
FN:325,(anonymous_18)
FN:330,(anonymous_19)
FN:335,(anonymous_20)
FN:345,(anonymous_21)
FN:349,(anonymous_22)
FN:352,(anonymous_23)
FN:360,(anonymous_24)
FN:365,(anonymous_25)
FN:375,(anonymous_26)
FN:386,(anonymous_27)
FN:392,(anonymous_28)
FN:407,(anonymous_29)
FNF:30
FNH:0
FNDA:0,(anonymous_0)
FNDA:0,(anonymous_1)
FNDA:0,(anonymous_2)
FNDA:0,(anonymous_3)
FNDA:0,(anonymous_4)
FNDA:0,(anonymous_5)
FNDA:0,(anonymous_6)
FNDA:0,(anonymous_7)
FNDA:0,(anonymous_8)
FNDA:0,(anonymous_9)
FNDA:0,(anonymous_10)
FNDA:0,(anonymous_11)
FNDA:0,(anonymous_12)
FNDA:0,(anonymous_13)
FNDA:0,(anonymous_14)
FNDA:0,(anonymous_15)
FNDA:0,(anonymous_16)
FNDA:0,(anonymous_17)
FNDA:0,(anonymous_18)
FNDA:0,(anonymous_19)
FNDA:0,(anonymous_20)
FNDA:0,(anonymous_21)
FNDA:0,(anonymous_22)
FNDA:0,(anonymous_23)
FNDA:0,(anonymous_24)
FNDA:0,(anonymous_25)
FNDA:0,(anonymous_26)
FNDA:0,(anonymous_27)
FNDA:0,(anonymous_28)
FNDA:0,(anonymous_29)
DA:6,0
DA:17,0
DA:22,0
DA:23,0
DA:33,0
DA:34,0
DA:37,0
DA:40,0
DA:42,0
DA:43,0
DA:45,0
DA:46,0
DA:49,0
DA:62,0
DA:63,0
DA:66,0
DA:67,0
DA:68,0
DA:78,0
DA:79,0
DA:81,0
DA:82,0
DA:83,0
DA:85,0
DA:86,0
DA:97,0
DA:108,0
DA:111,0
DA:112,0
DA:115,0
DA:116,0
DA:117,0
DA:119,0
DA:120,0
DA:124,0
DA:125,0
DA:126,0
DA:127,0
DA:129,0
DA:133,0
DA:134,0
DA:136,0
DA:146,0
DA:147,0
DA:150,0
DA:151,0
DA:154,0
DA:155,0
DA:160,0
DA:161,0
DA:164,0
DA:172,0
DA:174,0
DA:176,0
DA:177,0
DA:178,0
DA:180,0
DA:181,0
DA:182,0
DA:184,0
DA:185,0
DA:186,0
DA:189,0
DA:196,0
DA:305,0
DA:309,0
DA:313,0
DA:315,0
DA:316,0
DA:317,0
DA:318,0
DA:322,0
DA:326,0
DA:327,0
DA:329,0
DA:330,0
DA:332,0
DA:336,0
DA:342,0
DA:346,0
DA:347,0
DA:349,0
DA:353,0
DA:361,0
DA:362,0
DA:366,0
DA:367,0
DA:368,0
DA:369,0
DA:370,0
DA:371,0
DA:372,0
DA:376,0
DA:377,0
DA:379,0
DA:380,0
DA:383,0
DA:387,0
DA:388,0
DA:389,0
DA:393,0
DA:400,0
DA:401,0
DA:404,0
DA:408,0
DA:409,0
DA:410,0
LF:107
LH:0
BRDA:42,0,0,0
BRDA:42,0,1,0
BRDA:46,1,0,0
BRDA:46,1,1,0
BRDA:46,1,2,0
BRDA:54,2,0,0
BRDA:54,2,1,0
BRDA:62,3,0,0
BRDA:67,4,0,0
BRDA:67,4,1,0
BRDA:85,5,0,0
BRDA:117,6,0,0
BRDA:117,6,1,0
BRDA:119,7,0,0
BRDA:124,8,0,0
BRDA:124,9,0,0
BRDA:124,9,1,0
BRDA:129,10,0,0
BRDA:150,11,0,0
BRDA:154,12,0,0
BRDA:160,13,0,0
BRDA:160,14,0,0
BRDA:160,14,1,0
BRDA:174,15,0,0
BRDA:174,15,1,0
BRDA:174,15,2,0
BRDA:317,16,0,0
BRDA:317,17,0,0
BRDA:317,17,1,0
BRDA:327,18,0,0
BRDA:329,19,0,0
BRDA:329,19,1,0
BRDA:332,20,0,0
BRDA:332,20,1,0
BRDA:342,21,0,0
BRDA:342,21,1,0
BRDA:366,22,0,0
BRDA:367,23,0,0
BRDA:368,24,0,0
BRDA:369,25,0,0
BRDA:370,26,0,0
BRDA:371,27,0,0
BRDA:380,28,0,0
BRDA:387,29,0,0
BRDA:388,30,0,0
BRDA:401,31,0,0
BRDA:408,32,0,0
BRDA:409,33,0,0
BRF:48
BRH:0
end_of_record
TN:
SF:src/core/services/conversation/nlu/ReferenceResolver.ts
FN:12,(anonymous_0)
FN:24,(anonymous_1)
FN:45,(anonymous_2)
FN:63,(anonymous_3)
FN:88,(anonymous_4)
FN:109,(anonymous_5)
FN:130,(anonymous_6)
FN:146,(anonymous_7)
FN:160,(anonymous_8)
FN:162,(anonymous_9)
FN:166,(anonymous_10)
FN:172,(anonymous_11)
FN:180,(anonymous_12)
FN:186,(anonymous_13)
FN:203,(anonymous_14)
FNF:15
FNH:0
FNDA:0,(anonymous_0)
FNDA:0,(anonymous_1)
FNDA:0,(anonymous_2)
FNDA:0,(anonymous_3)
FNDA:0,(anonymous_4)
FNDA:0,(anonymous_5)
FNDA:0,(anonymous_6)
FNDA:0,(anonymous_7)
FNDA:0,(anonymous_8)
FNDA:0,(anonymous_9)
FNDA:0,(anonymous_10)
FNDA:0,(anonymous_11)
FNDA:0,(anonymous_12)
FNDA:0,(anonymous_13)
FNDA:0,(anonymous_14)
DA:6,0
DA:9,0
DA:13,0
DA:25,0
DA:26,0
DA:28,0
DA:29,0
DA:31,0
DA:32,0
DA:33,0
DA:34,0
DA:39,0
DA:47,0
DA:48,0
DA:50,0
DA:51,0
DA:52,0
DA:53,0
DA:57,0
DA:67,0
DA:69,0
DA:70,0
DA:73,0
DA:74,0
DA:78,0
DA:79,0
DA:80,0
DA:82,0
DA:89,0
DA:90,0
DA:93,0
DA:94,0
DA:96,0
DA:97,0
DA:98,0
DA:103,0
DA:110,0
DA:113,0
DA:114,0
DA:116,0
DA:117,0
DA:119,0
DA:124,0
DA:131,0
DA:132,0
DA:135,0
DA:136,0
DA:137,0
DA:142,0
DA:143,0
DA:145,0
DA:146,0
DA:148,0
DA:149,0
DA:154,0
DA:161,0
DA:163,0
DA:166,0
DA:167,0
DA:171,0
DA:172,0
DA:173,0
DA:174,0
DA:178,0
DA:180,0
DA:187,0
DA:190,0
DA:192,0
DA:194,0
DA:196,0
DA:204,0
DA:205,0
DA:208,0
DA:209,0
DA:213,0
DA:214,0
DA:218,0
DA:219,0
DA:222,0
LF:79
LH:0
BRDA:31,0,0,0
BRDA:33,1,0,0
BRDA:51,2,0,0
BRDA:53,3,0,0
BRDA:69,4,0,0
BRDA:73,5,0,0
BRDA:80,6,0,0
BRDA:80,6,1,0
BRDA:90,7,0,0
BRDA:97,8,0,0
BRDA:117,9,0,0
BRDA:117,10,0,0
BRDA:117,10,1,0
BRDA:136,11,0,0
BRDA:146,12,0,0
BRDA:146,13,0,0
BRDA:146,13,1,0
BRDA:166,14,0,0
BRDA:172,15,0,0
BRDA:187,16,0,0
BRDA:187,16,1,0
BRDA:187,16,2,0
BRDA:187,16,3,0
BRDA:187,16,4,0
BRDA:192,17,0,0
BRDA:192,17,1,0
BRDA:205,18,0,0
BRDA:205,18,1,0
BRDA:208,19,0,0
BRDA:208,20,0,0
BRDA:208,20,1,0
BRDA:213,21,0,0
BRDA:213,22,0,0
BRDA:213,22,1,0
BRDA:218,23,0,0
BRF:35
BRH:0
end_of_record
TN:
SF:src/core/services/conversation/nlu/SentimentAnalyzer.ts
FN:25,(anonymous_0)
FN:39,(anonymous_1)
FN:109,(anonymous_2)
FN:118,(anonymous_3)
FN:123,(anonymous_4)
FN:156,(anonymous_5)
FN:183,(anonymous_6)
FN:201,(anonymous_7)
FN:212,(anonymous_8)
FN:221,(anonymous_9)
FN:225,(anonymous_10)
FN:231,(anonymous_11)
FN:239,(anonymous_12)
FNF:13
FNH:0
FNDA:0,(anonymous_0)
FNDA:0,(anonymous_1)
FNDA:0,(anonymous_2)
FNDA:0,(anonymous_3)
FNDA:0,(anonymous_4)
FNDA:0,(anonymous_5)
FNDA:0,(anonymous_6)
FNDA:0,(anonymous_7)
FNDA:0,(anonymous_8)
FNDA:0,(anonymous_9)
FNDA:0,(anonymous_10)
FNDA:0,(anonymous_11)
FNDA:0,(anonymous_12)
DA:19,0
DA:26,0
DA:27,0
DA:32,0
DA:33,0
DA:40,0
DA:41,0
DA:42,0
DA:45,0
DA:46,0
DA:47,0
DA:50,0
DA:52,0
DA:53,0
DA:54,0
DA:56,0
DA:57,0
DA:58,0
DA:59,0
DA:62,0
DA:63,0
DA:64,0
DA:65,0
DA:73,0
DA:74,0
DA:75,0
DA:76,0
DA:77,0
DA:82,0
DA:83,0
DA:87,0
DA:88,0
DA:92,0
DA:95,0
DA:97,0
DA:110,0
DA:112,0
DA:123,0
DA:124,0
DA:126,0
DA:127,0
DA:128,0
DA:131,0
DA:132,0
DA:133,0
DA:134,0
DA:138,0
DA:139,0
DA:140,0
DA:141,0
DA:142,0
DA:145,0
DA:158,0
DA:166,0
DA:168,0
DA:169,0
DA:173,0
DA:174,0
DA:177,0
DA:187,0
DA:189,0
DA:191,0
DA:192,0
DA:193,0
DA:195,0
DA:202,0
DA:205,0
DA:206,0
DA:213,0
DA:215,0
DA:222,0
DA:225,0
DA:233,0
DA:240,0
LF:74
LH:0
BRDA:56,0,0,0
BRDA:62,1,0,0
BRDA:64,2,0,0
BRDA:73,3,0,0
BRDA:82,4,0,0
BRDA:87,5,0,0
BRDA:110,6,0,0
BRDA:110,6,1,0
BRDA:124,7,0,0
BRDA:131,8,0,0
BRDA:131,8,1,0
BRDA:132,9,0,0
BRDA:138,10,0,0
BRDA:138,11,0,0
BRDA:138,11,1,0
BRDA:169,12,0,0
BRDA:173,13,0,0
BRDA:173,14,0,0
BRDA:173,14,1,0
BRDA:187,15,0,0
BRDA:191,16,0,0
BRDA:192,17,0,0
BRDA:193,18,0,0
BRDA:202,19,0,0
BRDA:213,20,0,0
BRDA:213,20,1,0
BRF:26
BRH:0
end_of_record
TN:
SF:src/core/services/conversation/nlu/SpeechActClassifier.ts
FN:13,(anonymous_0)
FN:27,(anonymous_1)
FN:74,(anonymous_2)
FN:80,(anonymous_3)
FN:85,(anonymous_4)
FN:90,(anonymous_5)
FN:138,(anonymous_6)
FN:165,(anonymous_7)
FNF:8
FNH:0
FNDA:0,(anonymous_0)
FNDA:0,(anonymous_1)
FNDA:0,(anonymous_2)
FNDA:0,(anonymous_3)
FNDA:0,(anonymous_4)
FNDA:0,(anonymous_5)
FNDA:0,(anonymous_6)
FNDA:0,(anonymous_7)
DA:6,0
DA:9,0
DA:14,0
DA:15,0
DA:16,0
DA:18,0
DA:28,0
DA:31,0
DA:32,0
DA:34,0
DA:35,0
DA:37,0
DA:38,0
DA:42,0
DA:54,0
DA:55,0
DA:56,0
DA:61,0
DA:62,0
DA:64,0
DA:65,0
DA:68,0
DA:80,0
DA:81,0
DA:82,0
DA:85,0
DA:86,0
DA:87,0
DA:90,0
DA:91,0
DA:92,0
DA:96,0
DA:97,0
DA:99,0
DA:100,0
DA:104,0
DA:105,0
DA:109,0
DA:110,0
DA:114,0
DA:115,0
DA:117,0
DA:118,0
DA:122,0
DA:123,0
DA:127,0
DA:128,0
DA:132,0
DA:143,0
DA:146,0
DA:147,0
DA:148,0
DA:153,0
DA:154,0
DA:155,0
DA:159,0
DA:172,0
LF:57
LH:0
BRDA:31,0,0,0
BRDA:34,1,0,0
BRDA:37,2,0,0
BRDA:55,3,0,0
BRDA:61,4,0,0
BRDA:64,5,0,0
BRDA:81,6,0,0
BRDA:86,7,0,0
BRDA:86,8,0,0
BRDA:86,8,1,0
BRDA:91,9,0,0
BRDA:96,10,0,0
BRDA:99,11,0,0
BRDA:104,12,0,0
BRDA:109,13,0,0
BRDA:114,14,0,0
BRDA:117,15,0,0
BRDA:122,16,0,0
BRDA:122,17,0,0
BRDA:122,17,1,0
BRDA:127,18,0,0
BRDA:146,19,0,0
BRDA:147,20,0,0
BRDA:153,21,0,0
BRDA:154,22,0,0
BRDA:170,23,0,0
BRF:26
BRH:0
end_of_record
TN:
SF:src/core/services/conversation/nlu/TopicModeler.ts
FN:13,(anonymous_0)
FN:21,(anonymous_1)
FN:43,(anonymous_2)
FN:58,(anonymous_3)
FN:78,(anonymous_4)
FN:98,(anonymous_5)
FN:102,(anonymous_6)
FN:133,(anonymous_7)
FN:155,(anonymous_8)
FN:160,(anonymous_9)
FN:176,(anonymous_10)
FN:201,(anonymous_11)
FN:203,(anonymous_12)
FN:222,(anonymous_13)
FNF:14
FNH:0
FNDA:0,(anonymous_0)
FNDA:0,(anonymous_1)
FNDA:0,(anonymous_2)
FNDA:0,(anonymous_3)
FNDA:0,(anonymous_4)
FNDA:0,(anonymous_5)
FNDA:0,(anonymous_6)
FNDA:0,(anonymous_7)
FNDA:0,(anonymous_8)
FNDA:0,(anonymous_9)
FNDA:0,(anonymous_10)
FNDA:0,(anonymous_11)
FNDA:0,(anonymous_12)
FNDA:0,(anonymous_13)
DA:9,0
DA:14,0
DA:15,0
DA:22,0
DA:25,0
DA:26,0
DA:29,0
DA:30,0
DA:33,0
DA:34,0
DA:37,0
DA:47,0
DA:48,0
DA:51,0
DA:52,0
DA:55,0
DA:58,0
DA:60,0
DA:61,0
DA:64,0
DA:65,0
DA:68,0
DA:69,0
DA:72,0
DA:79,0
DA:82,0
DA:85,0
DA:88,0
DA:89,0
DA:92,0
DA:99,0
DA:102,0
DA:105,0
DA:106,0
DA:107,0
DA:111,0
DA:112,0
DA:113,0
DA:114,0
DA:127,0
DA:134,0
DA:136,0
DA:137,0
DA:149,0
DA:156,0
DA:157,0
DA:159,0
DA:160,0
DA:161,0
DA:162,0
DA:170,0
DA:177,0
DA:179,0
DA:180,0
DA:181,0
DA:182,0
DA:183,0
DA:184,0
DA:186,0
DA:191,0
DA:192,0
DA:195,0
DA:203,0
DA:204,0
DA:207,0
DA:208,0
DA:212,0
DA:213,0
DA:216,0
DA:223,0
LF:70
LH:0
BRDA:47,0,0,0
BRDA:47,1,0,0
BRDA:47,1,1,0
BRDA:60,2,0,0
BRDA:64,3,0,0
BRDA:68,4,0,0
BRDA:88,5,0,0
BRDA:102,6,0,0
BRDA:102,6,1,0
BRDA:107,7,0,0
BRDA:107,7,1,0
BRDA:113,8,0,0
BRDA:161,9,0,0
BRDA:181,10,0,0
BRDA:181,10,1,0
BRDA:204,11,0,0
BRDA:207,12,0,0
BRDA:207,13,0,0
BRDA:207,13,1,0
BRDA:212,14,0,0
BRDA:212,15,0,0
BRDA:212,15,1,0
BRF:22
BRH:0
end_of_record
TN:
SF:src/core/services/memory/MemoryService.ts
FN:88,(anonymous_0)
FN:142,(anonymous_1)
FN:165,(anonymous_2)
FN:172,(anonymous_3)
FN:185,(anonymous_4)
FN:190,(anonymous_5)
FN:196,(anonymous_6)
FN:206,(anonymous_7)
FN:214,(anonymous_8)
FN:224,(anonymous_9)
FN:231,(anonymous_10)
FN:246,(anonymous_11)
FN:261,(anonymous_12)
FN:268,(anonymous_13)
FN:283,(anonymous_14)
FN:301,(anonymous_15)
FN:308,(anonymous_16)
FN:327,(anonymous_17)
FN:335,(anonymous_18)
FN:342,(anonymous_19)
FN:371,(anonymous_20)
FN:397,(anonymous_21)
FN:404,(anonymous_22)
FN:416,(anonymous_23)
FN:426,(anonymous_24)
FN:442,(anonymous_25)
FN:443,(anonymous_26)
FN:455,(anonymous_27)
FN:456,(anonymous_28)
FN:475,(anonymous_29)
FN:486,(anonymous_30)
FN:497,(anonymous_31)
FN:508,(anonymous_32)
FNF:33
FNH:0
FNDA:0,(anonymous_0)
FNDA:0,(anonymous_1)
FNDA:0,(anonymous_2)
FNDA:0,(anonymous_3)
FNDA:0,(anonymous_4)
FNDA:0,(anonymous_5)
FNDA:0,(anonymous_6)
FNDA:0,(anonymous_7)
FNDA:0,(anonymous_8)
FNDA:0,(anonymous_9)
FNDA:0,(anonymous_10)
FNDA:0,(anonymous_11)
FNDA:0,(anonymous_12)
FNDA:0,(anonymous_13)
FNDA:0,(anonymous_14)
FNDA:0,(anonymous_15)
FNDA:0,(anonymous_16)
FNDA:0,(anonymous_17)
FNDA:0,(anonymous_18)
FNDA:0,(anonymous_19)
FNDA:0,(anonymous_20)
FNDA:0,(anonymous_21)
FNDA:0,(anonymous_22)
FNDA:0,(anonymous_23)
FNDA:0,(anonymous_24)
FNDA:0,(anonymous_25)
FNDA:0,(anonymous_26)
FNDA:0,(anonymous_27)
FNDA:0,(anonymous_28)
FNDA:0,(anonymous_29)
FNDA:0,(anonymous_30)
FNDA:0,(anonymous_31)
FNDA:0,(anonymous_32)
DA:14,0
DA:15,0
DA:16,0
DA:17,0
DA:18,0
DA:20,0
DA:21,0
DA:22,0
DA:23,0
DA:24,0
DA:25,0
DA:26,0
DA:27,0
DA:28,0
DA:29,0
DA:60,0
DA:90,0
DA:93,0
DA:94,0
DA:97,0
DA:98,0
DA:101,0
DA:102,0
DA:103,0
DA:104,0
DA:105,0
DA:108,0
DA:109,0
DA:112,0
DA:113,0
DA:114,0
DA:115,0
DA:116,0
DA:117,0
DA:120,0
DA:130,0
DA:131,0
DA:134,0
DA:135,0
DA:144,0
DA:145,0
DA:149,0
DA:152,0
DA:155,0
DA:158,0
DA:159,0
DA:166,0
DA:177,0
DA:178,0
DA:179,0
DA:182,0
DA:185,0
DA:186,0
DA:187,0
DA:190,0
DA:200,0
DA:207,0
DA:208,0
DA:215,0
DA:216,0
DA:217,0
DA:218,0
DA:225,0
DA:232,0
DA:233,0
DA:235,0
DA:236,0
DA:237,0
DA:240,0
DA:247,0
DA:248,0
DA:250,0
DA:251,0
DA:252,0
DA:255,0
DA:262,0
DA:269,0
DA:270,0
DA:272,0
DA:273,0
DA:274,0
DA:277,0
DA:287,0
DA:288,0
DA:290,0
DA:291,0
DA:292,0
DA:295,0
DA:302,0
DA:313,0
DA:314,0
DA:316,0
DA:317,0
DA:318,0
DA:321,0
DA:328,0
DA:329,0
DA:336,0
DA:343,0
DA:346,0
DA:347,0
DA:348,0
DA:349,0
DA:353,0
DA:359,0
DA:360,0
DA:361,0
DA:362,0
DA:363,0
DA:379,0
DA:398,0
DA:405,0
DA:408,0
DA:410,0
DA:417,0
DA:418,0
DA:419,0
DA:420,0
DA:427,0
DA:428,0
DA:430,0
DA:431,0
DA:434,0
DA:435,0
DA:443,0
DA:444,0
DA:445,0
DA:447,0
DA:456,0
DA:457,0
DA:459,0
DA:462,0
DA:465,0
DA:467,0
DA:476,0
DA:477,0
DA:478,0
DA:479,0
DA:480,0
DA:487,0
DA:488,0
DA:489,0
DA:490,0
DA:491,0
DA:498,0
DA:499,0
DA:500,0
DA:501,0
DA:502,0
DA:509,0
DA:511,0
DA:512,0
DA:513,0
LF:153
LH:0
BRDA:88,0,0,0
BRDA:90,1,0,0
BRDA:90,1,1,0
BRDA:122,2,0,0
BRDA:122,2,1,0
BRDA:123,3,0,0
BRDA:123,3,1,0
BRDA:124,4,0,0
BRDA:124,4,1,0
BRDA:125,5,0,0
BRDA:125,5,1,0
BRDA:126,6,0,0
BRDA:126,6,1,0
BRDA:130,7,0,0
BRDA:134,8,0,0
BRDA:144,9,0,0
BRDA:175,10,0,0
BRDA:178,11,0,0
BRDA:186,12,0,0
BRDA:237,13,0,0
BRDA:252,14,0,0
BRDA:268,15,0,0
BRDA:274,16,0,0
BRDA:285,17,0,0
BRDA:292,18,0,0
BRDA:310,19,0,0
BRDA:311,20,0,0
BRDA:318,21,0,0
BRDA:361,22,0,0
BRDA:427,23,0,0
BRDA:430,24,0,0
BRDA:434,25,0,0
BRF:32
BRH:0
end_of_record
TN:
SF:src/core/services/memory/association/AssociationEngine.ts
FN:44,(anonymous_0)
FN:57,(anonymous_1)
FN:81,(anonymous_2)
FN:98,(anonymous_3)
FN:169,(anonymous_4)
FN:188,(anonymous_5)
FN:196,(anonymous_6)
FN:208,(anonymous_7)
FN:216,(anonymous_8)
FN:228,(anonymous_9)
FN:247,(anonymous_10)
FN:257,(anonymous_11)
FN:283,(anonymous_12)
FN:308,(anonymous_13)
FN:343,(anonymous_14)
FN:363,(anonymous_15)
FN:376,(anonymous_16)
FNF:17
FNH:0
FNDA:0,(anonymous_0)
FNDA:0,(anonymous_1)
FNDA:0,(anonymous_2)
FNDA:0,(anonymous_3)
FNDA:0,(anonymous_4)
FNDA:0,(anonymous_5)
FNDA:0,(anonymous_6)
FNDA:0,(anonymous_7)
FNDA:0,(anonymous_8)
FNDA:0,(anonymous_9)
FNDA:0,(anonymous_10)
FNDA:0,(anonymous_11)
FNDA:0,(anonymous_12)
FNDA:0,(anonymous_13)
FNDA:0,(anonymous_14)
FNDA:0,(anonymous_15)
FNDA:0,(anonymous_16)
DA:8,0
DA:11,0
DA:40,0
DA:45,0
DA:46,0
DA:61,0
DA:62,0
DA:65,0
DA:67,0
DA:68,0
DA:71,0
DA:72,0
DA:73,0
DA:77,0
DA:80,0
DA:81,0
DA:82,0
DA:85,0
DA:86,0
DA:87,0
DA:92,0
DA:102,0
DA:105,0
DA:106,0
DA:107,0
DA:116,0
DA:117,0
DA:118,0
DA:127,0
DA:128,0
DA:129,0
DA:138,0
DA:139,0
DA:143,0
DA:144,0
DA:154,0
DA:155,0
DA:163,0
DA:175,0
DA:192,0
DA:193,0
DA:195,0
DA:196,0
DA:199,0
DA:201,0
DA:202,0
DA:212,0
DA:213,0
DA:215,0
DA:216,0
DA:219,0
DA:221,0
DA:222,0
DA:232,0
DA:233,0
DA:234,0
DA:236,0
DA:237,0
DA:241,0
DA:251,0
DA:262,0
DA:263,0
DA:264,0
DA:265,0
DA:270,0
DA:271,0
DA:272,0
DA:273,0
DA:277,0
DA:288,0
DA:289,0
DA:290,0
DA:297,0
DA:313,0
DA:314,0
DA:316,0
DA:317,0
DA:319,0
DA:320,0
DA:321,0
DA:323,0
DA:324,0
DA:326,0
DA:327,0
DA:328,0
DA:329,0
DA:330,0
DA:334,0
DA:337,0
DA:345,0
DA:346,0
DA:349,0
DA:352,0
DA:357,0
DA:364,0
DA:365,0
DA:367,0
DA:368,0
DA:370,0
DA:371,0
DA:372,0
DA:375,0
DA:376,0
DA:379,0
LF:104
LH:0
BRDA:44,0,0,0
BRDA:47,1,0,0
BRDA:47,1,1,0
BRDA:48,2,0,0
BRDA:48,2,1,0
BRDA:49,3,0,0
BRDA:49,3,1,0
BRDA:50,4,0,0
BRDA:50,4,1,0
BRDA:61,5,0,0
BRDA:68,6,0,0
BRDA:72,7,0,0
BRDA:80,8,0,0
BRDA:82,9,0,0
BRDA:82,9,1,0
BRDA:85,10,0,0
BRDA:106,11,0,0
BRDA:117,12,0,0
BRDA:128,13,0,0
BRDA:138,14,0,0
BRDA:138,15,0,0
BRDA:138,15,1,0
BRDA:143,16,0,0
BRDA:154,17,0,0
BRDA:199,18,0,0
BRDA:219,19,0,0
BRDA:236,20,0,0
BRDA:262,21,0,0
BRDA:264,22,0,0
BRDA:270,23,0,0
BRDA:272,24,0,0
BRDA:285,25,0,0
BRDA:297,26,0,0
BRDA:310,27,0,0
BRDA:311,28,0,0
BRDA:328,29,0,0
BRDA:328,29,1,0
BRDA:343,30,0,0
BRDA:370,31,0,0
BRF:39
BRH:0
end_of_record
TN:
SF:src/core/services/memory/association/AssociationGraph.ts
FN:11,(anonymous_0)
FN:53,(anonymous_1)
FN:61,(anonymous_2)
FN:78,(anonymous_3)
FN:85,(anonymous_4)
FN:92,(anonymous_5)
FN:102,(anonymous_6)
FN:106,(anonymous_7)
FN:112,(anonymous_8)
FN:117,(anonymous_9)
FN:119,(anonymous_10)
FN:127,(anonymous_11)
FN:171,(anonymous_12)
FN:191,(anonymous_13)
FN:193,(anonymous_14)
FN:202,(anonymous_15)
FN:204,(anonymous_16)
FN:218,(anonymous_17)
FN:229,(anonymous_18)
FN:234,(anonymous_19)
FN:241,(anonymous_20)
FN:251,(anonymous_21)
FN:260,(anonymous_22)
FN:266,(anonymous_23)
FN:275,(anonymous_24)
FN:291,(anonymous_25)
FN:305,(anonymous_26)
FN:318,(anonymous_27)
FN:329,(anonymous_28)
FNF:29
FNH:0
FNDA:0,(anonymous_0)
FNDA:0,(anonymous_1)
FNDA:0,(anonymous_2)
FNDA:0,(anonymous_3)
FNDA:0,(anonymous_4)
FNDA:0,(anonymous_5)
FNDA:0,(anonymous_6)
FNDA:0,(anonymous_7)
FNDA:0,(anonymous_8)
FNDA:0,(anonymous_9)
FNDA:0,(anonymous_10)
FNDA:0,(anonymous_11)
FNDA:0,(anonymous_12)
FNDA:0,(anonymous_13)
FNDA:0,(anonymous_14)
FNDA:0,(anonymous_15)
FNDA:0,(anonymous_16)
FNDA:0,(anonymous_17)
FNDA:0,(anonymous_18)
FNDA:0,(anonymous_19)
FNDA:0,(anonymous_20)
FNDA:0,(anonymous_21)
FNDA:0,(anonymous_22)
FNDA:0,(anonymous_23)
FNDA:0,(anonymous_24)
FNDA:0,(anonymous_25)
FNDA:0,(anonymous_26)
FNDA:0,(anonymous_27)
FNDA:0,(anonymous_28)
DA:11,0
DA:12,0
DA:13,0
DA:14,0
DA:15,0
DA:16,0
DA:17,0
DA:18,0
DA:53,0
DA:55,0
DA:56,0
DA:63,0
DA:64,0
DA:66,0
DA:69,0
DA:70,0
DA:72,0
DA:79,0
DA:86,0
DA:93,0
DA:106,0
DA:116,0
DA:117,0
DA:119,0
DA:120,0
DA:132,0
DA:133,0
DA:137,0
DA:138,0
DA:140,0
DA:141,0
DA:144,0
DA:145,0
DA:148,0
DA:149,0
DA:152,0
DA:154,0
DA:155,0
DA:156,0
DA:157,0
DA:165,0
DA:175,0
DA:176,0
DA:178,0
DA:179,0
DA:181,0
DA:182,0
DA:183,0
DA:184,0
DA:185,0
DA:186,0
DA:191,0
DA:192,0
DA:193,0
DA:196,0
DA:203,0
DA:204,0
DA:206,0
DA:207,0
DA:208,0
DA:209,0
DA:212,0
DA:219,0
DA:220,0
DA:221,0
DA:230,0
DA:233,0
DA:234,0
DA:235,0
DA:236,0
DA:240,0
DA:241,0
DA:242,0
DA:245,0
DA:253,0
DA:256,0
DA:259,0
DA:260,0
DA:261,0
DA:262,0
DA:265,0
DA:266,0
DA:267,0
DA:268,0
DA:281,0
DA:286,0
DA:287,0
DA:289,0
DA:290,0
DA:291,0
DA:294,0
DA:306,0
DA:308,0
DA:309,0
DA:312,0
DA:319,0
DA:321,0
DA:322,0
DA:330,0
DA:331,0
LF:100
LH:0
BRDA:11,0,0,0
BRDA:11,0,1,0
BRDA:63,1,0,0
BRDA:69,2,0,0
BRDA:79,3,0,0
BRDA:79,3,1,0
BRDA:86,4,0,0
BRDA:86,4,1,0
BRDA:114,5,0,0
BRDA:120,6,0,0
BRDA:120,6,1,0
BRDA:130,7,0,0
BRDA:140,8,0,0
BRDA:144,9,0,0
BRDA:148,10,0,0
BRDA:156,11,0,0
BRDA:173,12,0,0
BRDA:184,13,0,0
BRDA:184,13,1,0
BRDA:185,14,0,0
BRDA:185,15,0,0
BRDA:185,15,1,0
BRDA:202,16,0,0
BRDA:206,17,0,0
BRDA:218,18,0,0
BRDA:229,19,0,0
BRDA:297,20,0,0
BRDA:297,20,1,0
BRF:28
BRH:0
end_of_record
TN:
SF:src/core/services/memory/consolidation/AttentionMechanism.ts
FN:68,(anonymous_0)
FN:85,(anonymous_1)
FN:130,(anonymous_2)
FN:142,(anonymous_3)
FN:153,(anonymous_4)
FN:168,(anonymous_5)
FN:171,(anonymous_6)
FN:172,(anonymous_7)
FN:186,(anonymous_8)
FN:204,(anonymous_9)
FN:228,(anonymous_10)
FN:267,(anonymous_11)
FN:272,(anonymous_12)
FN:281,(anonymous_13)
FN:301,(anonymous_14)
FN:328,(anonymous_15)
FN:344,(anonymous_16)
FN:351,(anonymous_17)
FNF:18
FNH:0
FNDA:0,(anonymous_0)
FNDA:0,(anonymous_1)
FNDA:0,(anonymous_2)
FNDA:0,(anonymous_3)
FNDA:0,(anonymous_4)
FNDA:0,(anonymous_5)
FNDA:0,(anonymous_6)
FNDA:0,(anonymous_7)
FNDA:0,(anonymous_8)
FNDA:0,(anonymous_9)
FNDA:0,(anonymous_10)
FNDA:0,(anonymous_11)
FNDA:0,(anonymous_12)
FNDA:0,(anonymous_13)
FNDA:0,(anonymous_14)
FNDA:0,(anonymous_15)
FNDA:0,(anonymous_16)
FNDA:0,(anonymous_17)
DA:65,0
DA:69,0
DA:79,0
DA:93,0
DA:96,0
DA:97,0
DA:98,0
DA:99,0
DA:100,0
DA:103,0
DA:104,0
DA:105,0
DA:110,0
DA:116,0
DA:131,0
DA:132,0
DA:135,0
DA:136,0
DA:143,0
DA:146,0
DA:147,0
DA:154,0
DA:156,0
DA:157,0
DA:161,0
DA:162,0
DA:170,0
DA:171,0
DA:172,0
DA:175,0
DA:176,0
DA:180,0
DA:187,0
DA:188,0
DA:189,0
DA:191,0
DA:194,0
DA:195,0
DA:208,0
DA:210,0
DA:211,0
DA:213,0
DA:214,0
DA:217,0
DA:218,0
DA:219,0
DA:222,0
DA:232,0
DA:235,0
DA:239,0
DA:242,0
DA:246,0
DA:249,0
DA:250,0
DA:254,0
DA:257,0
DA:258,0
DA:259,0
DA:261,0
DA:268,0
DA:270,0
DA:271,0
DA:272,0
DA:274,0
DA:275,0
DA:283,0
DA:289,0
DA:290,0
DA:291,0
DA:292,0
DA:293,0
DA:294,0
DA:308,0
DA:310,0
DA:311,0
DA:313,0
DA:319,0
DA:322,0
DA:335,0
DA:338,0
DA:345,0
DA:352,0
DA:353,0
LF:83
LH:0
BRDA:68,0,0,0
BRDA:70,1,0,0
BRDA:70,1,1,0
BRDA:71,2,0,0
BRDA:71,2,1,0
BRDA:72,3,0,0
BRDA:72,3,1,0
BRDA:73,4,0,0
BRDA:73,4,1,0
BRDA:74,5,0,0
BRDA:74,5,1,0
BRDA:75,6,0,0
BRDA:75,6,1,0
BRDA:93,7,0,0
BRDA:93,7,1,0
BRDA:104,8,0,0
BRDA:104,9,0,0
BRDA:104,9,1,0
BRDA:154,10,0,0
BRDA:175,11,0,0
BRDA:191,12,0,0
BRDA:208,13,0,0
BRDA:214,14,0,0
BRDA:222,15,0,0
BRDA:222,15,1,0
BRDA:249,16,0,0
BRDA:268,17,0,0
BRDA:268,18,0,0
BRDA:268,18,1,0
BRDA:289,19,0,0
BRDA:331,20,0,0
BRF:31
BRH:0
end_of_record
TN:
SF:src/core/services/memory/consolidation/ConsolidationEngine.ts
FN:43,(anonymous_0)
FN:51,(anonymous_1)
FN:94,(anonymous_2)
FN:122,(anonymous_3)
FN:135,(anonymous_4)
FN:168,(anonymous_5)
FN:200,(anonymous_6)
FN:226,(anonymous_7)
FN:248,(anonymous_8)
FNF:9
FNH:0
FNDA:0,(anonymous_0)
FNDA:0,(anonymous_1)
FNDA:0,(anonymous_2)
FNDA:0,(anonymous_3)
FNDA:0,(anonymous_4)
FNDA:0,(anonymous_5)
FNDA:0,(anonymous_6)
FNDA:0,(anonymous_7)
FNDA:0,(anonymous_8)
DA:8,0
DA:39,0
DA:44,0
DA:45,0
DA:52,0
DA:60,0
DA:62,0
DA:64,0
DA:67,0
DA:68,0
DA:69,0
DA:70,0
DA:71,0
DA:75,0
DA:76,0
DA:78,0
DA:79,0
DA:82,0
DA:86,0
DA:88,0
DA:95,0
DA:98,0
DA:99,0
DA:102,0
DA:103,0
DA:104,0
DA:107,0
DA:108,0
DA:111,0
DA:112,0
DA:113,0
DA:116,0
DA:123,0
DA:129,0
DA:137,0
DA:138,0
DA:141,0
DA:144,0
DA:150,0
DA:151,0
DA:154,0
DA:156,0
DA:157,0
DA:158,0
DA:162,0
DA:169,0
DA:172,0
DA:174,0
DA:175,0
DA:176,0
DA:178,0
DA:182,0
DA:183,0
DA:186,0
DA:187,0
DA:190,0
DA:191,0
DA:194,0
DA:201,0
DA:204,0
DA:205,0
DA:206,0
DA:207,0
DA:208,0
DA:209,0
DA:215,0
DA:216,0
DA:217,0
DA:220,0
DA:227,0
DA:230,0
DA:231,0
DA:232,0
DA:237,0
DA:238,0
DA:239,0
DA:242,0
DA:249,0
DA:250,0
DA:252,0
DA:254,0
DA:255,0
DA:256,0
DA:257,0
DA:260,0
DA:261,0
LF:86
LH:0
BRDA:68,0,0,0
BRDA:137,1,0,0
BRDA:154,2,0,0
BRDA:175,3,0,0
BRDA:183,4,0,0
BRDA:209,5,0,0
BRDA:209,5,1,0
BRDA:217,6,0,0
BRDA:232,7,0,0
BRDA:232,7,1,0
BRDA:239,8,0,0
BRDA:250,9,0,0
BRDA:255,10,0,0
BRF:13
BRH:0
end_of_record
TN:
SF:src/core/services/memory/consolidation/PatternMiner.ts
FN:15,(anonymous_0)
FN:83,(anonymous_1)
FN:95,(anonymous_2)
FN:119,(anonymous_3)
FN:129,(anonymous_4)
FN:173,(anonymous_5)
FN:213,(anonymous_6)
FN:218,(anonymous_7)
FN:219,(anonymous_8)
FN:232,(anonymous_9)
FN:254,(anonymous_10)
FN:262,(anonymous_11)
FN:275,(anonymous_12)
FN:279,(anonymous_13)
FN:280,(anonymous_14)
FN:308,(anonymous_15)
FN:321,(anonymous_16)
FN:338,(anonymous_17)
FN:362,(anonymous_18)
FN:372,(anonymous_19)
FN:376,(anonymous_20)
FN:385,(anonymous_21)
FN:392,(anonymous_22)
FN:399,(anonymous_23)
FN:419,(anonymous_24)
FNF:25
FNH:0
FNDA:0,(anonymous_0)
FNDA:0,(anonymous_1)
FNDA:0,(anonymous_2)
FNDA:0,(anonymous_3)
FNDA:0,(anonymous_4)
FNDA:0,(anonymous_5)
FNDA:0,(anonymous_6)
FNDA:0,(anonymous_7)
FNDA:0,(anonymous_8)
FNDA:0,(anonymous_9)
FNDA:0,(anonymous_10)
FNDA:0,(anonymous_11)
FNDA:0,(anonymous_12)
FNDA:0,(anonymous_13)
FNDA:0,(anonymous_14)
FNDA:0,(anonymous_15)
FNDA:0,(anonymous_16)
FNDA:0,(anonymous_17)
FNDA:0,(anonymous_18)
FNDA:0,(anonymous_19)
FNDA:0,(anonymous_20)
FNDA:0,(anonymous_21)
FNDA:0,(anonymous_22)
FNDA:0,(anonymous_23)
FNDA:0,(anonymous_24)
DA:8,0
DA:15,0
DA:16,0
DA:17,0
DA:18,0
DA:19,0
DA:20,0
DA:21,0
DA:79,0
DA:81,0
DA:84,0
DA:96,0
DA:99,0
DA:100,0
DA:103,0
DA:104,0
DA:107,0
DA:108,0
DA:111,0
DA:112,0
DA:115,0
DA:116,0
DA:119,0
DA:120,0
DA:123,0
DA:130,0
DA:131,0
DA:134,0
DA:135,0
DA:137,0
DA:138,0
DA:139,0
DA:141,0
DA:142,0
DA:144,0
DA:150,0
DA:151,0
DA:152,0
DA:154,0
DA:167,0
DA:174,0
DA:175,0
DA:178,0
DA:179,0
DA:181,0
DA:183,0
DA:184,0
DA:186,0
DA:190,0
DA:191,0
DA:192,0
DA:194,0
DA:207,0
DA:214,0
DA:217,0
DA:218,0
DA:219,0
DA:222,0
DA:224,0
DA:225,0
DA:226,0
DA:228,0
DA:230,0
DA:232,0
DA:233,0
DA:236,0
DA:237,0
DA:239,0
DA:240,0
DA:242,0
DA:251,0
DA:252,0
DA:253,0
DA:254,0
DA:256,0
DA:262,0
DA:269,0
DA:276,0
DA:278,0
DA:279,0
DA:280,0
DA:282,0
DA:283,0
DA:287,0
DA:289,0
DA:290,0
DA:291,0
DA:293,0
DA:294,0
DA:298,0
DA:299,0
DA:300,0
DA:302,0
DA:308,0
DA:315,0
DA:322,0
DA:325,0
DA:327,0
DA:328,0
DA:330,0
DA:331,0
DA:333,0
DA:337,0
DA:338,0
DA:341,0
DA:342,0
DA:343,0
DA:356,0
DA:363,0
DA:364,0
DA:365,0
DA:366,0
DA:373,0
DA:375,0
DA:376,0
DA:379,0
DA:386,0
DA:393,0
DA:405,0
DA:407,0
DA:416,0
DA:417,0
DA:419,0
DA:420,0
DA:421,0
DA:422,0
DA:425,0
LF:127
LH:0
BRDA:15,0,0,0
BRDA:15,0,1,0
BRDA:83,1,0,0
BRDA:85,2,0,0
BRDA:85,2,1,0
BRDA:86,3,0,0
BRDA:86,3,1,0
BRDA:87,4,0,0
BRDA:87,4,1,0
BRDA:88,5,0,0
BRDA:88,5,1,0
BRDA:141,6,0,0
BRDA:151,7,0,0
BRDA:179,8,0,0
BRDA:183,9,0,0
BRDA:191,10,0,0
BRDA:230,11,0,0
BRDA:236,12,0,0
BRDA:239,13,0,0
BRDA:252,14,0,0
BRDA:282,15,0,0
BRDA:294,16,0,0
BRDA:294,16,1,0
BRDA:299,17,0,0
BRDA:330,18,0,0
BRDA:342,19,0,0
BRDA:363,20,0,0
BRDA:363,21,0,0
BRDA:363,21,1,0
BRDA:364,22,0,0
BRDA:364,23,0,0
BRDA:364,23,1,0
BRDA:365,24,0,0
BRDA:365,25,0,0
BRDA:365,25,1,0
BRDA:375,26,0,0
BRDA:428,27,0,0
BRDA:428,27,1,0
BRDA:429,28,0,0
BRDA:429,28,1,0
BRF:40
BRH:0
end_of_record
TN:
SF:src/core/services/memory/consolidation/ShortTermBuffer.ts
FN:35,(anonymous_0)
FN:46,(anonymous_1)
FN:65,(anonymous_2)
FN:72,(anonymous_3)
FN:83,(anonymous_4)
FN:90,(anonymous_5)
FN:114,(anonymous_6)
FN:122,(anonymous_7)
FN:129,(anonymous_8)
FN:136,(anonymous_9)
FN:159,(anonymous_10)
FN:180,(anonymous_11)
FN:189,(anonymous_12)
FNF:13
FNH:0
FNDA:0,(anonymous_0)
FNDA:0,(anonymous_1)
FNDA:0,(anonymous_2)
FNDA:0,(anonymous_3)
FNDA:0,(anonymous_4)
FNDA:0,(anonymous_5)
FNDA:0,(anonymous_6)
FNDA:0,(anonymous_7)
FNDA:0,(anonymous_8)
FNDA:0,(anonymous_9)
FNDA:0,(anonymous_10)
FNDA:0,(anonymous_11)
FNDA:0,(anonymous_12)
DA:30,0
DA:31,0
DA:33,0
DA:36,0
DA:48,0
DA:49,0
DA:53,0
DA:54,0
DA:58,0
DA:59,0
DA:66,0
DA:73,0
DA:74,0
DA:75,0
DA:76,0
DA:84,0
DA:91,0
DA:92,0
DA:94,0
DA:96,0
DA:97,0
DA:100,0
DA:103,0
DA:104,0
DA:108,0
DA:115,0
DA:116,0
DA:123,0
DA:130,0
DA:137,0
DA:139,0
DA:140,0
DA:142,0
DA:143,0
DA:144,0
DA:145,0
DA:146,0
DA:150,0
DA:151,0
DA:160,0
DA:163,0
DA:166,0
DA:167,0
DA:168,0
DA:171,0
DA:172,0
DA:174,0
DA:181,0
DA:182,0
DA:196,0
DA:197,0
DA:199,0
DA:200,0
DA:202,0
DA:203,0
DA:204,0
DA:205,0
DA:208,0
LF:58
LH:0
BRDA:35,0,0,0
BRDA:37,1,0,0
BRDA:37,1,1,0
BRDA:38,2,0,0
BRDA:38,2,1,0
BRDA:39,3,0,0
BRDA:39,3,1,0
BRDA:48,4,0,0
BRDA:53,5,0,0
BRDA:75,6,0,0
BRDA:103,7,0,0
BRDA:103,8,0,0
BRDA:103,8,1,0
BRDA:137,9,0,0
BRDA:144,10,0,0
BRDA:150,11,0,0
BRDA:180,12,0,0
BRDA:212,13,0,0
BRDA:212,13,1,0
BRF:19
BRH:0
end_of_record
TN:
SF:src/core/services/memory/examples/basic-usage.ts
FN:12,basicExample
FNF:1
FNH:0
FNDA:0,basicExample
DA:5,0
DA:13,0
DA:18,0
DA:25,0
DA:27,0
DA:28,0
DA:30,0
DA:33,0
LF:8
LH:0
BRF:0
BRH:0
end_of_record
TN:
SF:src/core/services/memory/indexing/MemoryIndex.ts
FN:26,(anonymous_0)
FN:47,(anonymous_1)
FN:54,(anonymous_2)
FN:61,(anonymous_3)
FN:82,(anonymous_4)
FN:92,(anonymous_5)
FN:108,(anonymous_6)
FN:111,(anonymous_7)
FN:120,(anonymous_8)
FN:130,(anonymous_9)
FN:137,(anonymous_10)
FN:140,(anonymous_11)
FN:161,(anonymous_12)
FN:164,(anonymous_13)
FN:173,(anonymous_14)
FN:183,(anonymous_15)
FN:190,(anonymous_16)
FN:196,(anonymous_17)
FN:210,(anonymous_18)
FN:214,(anonymous_19)
FN:224,(anonymous_20)
FNF:21
FNH:0
FNDA:0,(anonymous_0)
FNDA:0,(anonymous_1)
FNDA:0,(anonymous_2)
FNDA:0,(anonymous_3)
FNDA:0,(anonymous_4)
FNDA:0,(anonymous_5)
FNDA:0,(anonymous_6)
FNDA:0,(anonymous_7)
FNDA:0,(anonymous_8)
FNDA:0,(anonymous_9)
FNDA:0,(anonymous_10)
FNDA:0,(anonymous_11)
FNDA:0,(anonymous_12)
FNDA:0,(anonymous_13)
FNDA:0,(anonymous_14)
FNDA:0,(anonymous_15)
FNDA:0,(anonymous_16)
FNDA:0,(anonymous_17)
FNDA:0,(anonymous_18)
FNDA:0,(anonymous_19)
FNDA:0,(anonymous_20)
DA:26,0
DA:27,0
DA:48,0
DA:55,0
DA:66,0
DA:68,0
DA:69,0
DA:72,0
DA:83,0
DA:84,0
DA:86,0
DA:93,0
DA:94,0
DA:95,0
DA:96,0
DA:97,0
DA:108,0
DA:109,0
DA:112,0
DA:113,0
DA:115,0
DA:116,0
DA:121,0
DA:122,0
DA:123,0
DA:124,0
DA:126,0
DA:131,0
DA:138,0
DA:140,0
DA:143,0
DA:144,0
DA:145,0
DA:146,0
DA:147,0
DA:152,0
DA:161,0
DA:162,0
DA:165,0
DA:166,0
DA:168,0
DA:169,0
DA:174,0
DA:175,0
DA:176,0
DA:177,0
DA:179,0
DA:184,0
DA:191,0
DA:193,0
DA:194,0
DA:195,0
DA:196,0
DA:200,0
DA:209,0
DA:211,0
DA:216,0
DA:217,0
DA:218,0
DA:219,0
DA:225,0
LF:61
LH:0
BRDA:75,0,0,0
BRDA:75,0,1,0
BRDA:83,1,0,0
BRDA:94,2,0,0
BRDA:96,3,0,0
BRDA:122,4,0,0
BRDA:131,5,0,0
BRDA:131,5,1,0
BRDA:138,6,0,0
BRDA:140,7,0,0
BRDA:140,7,1,0
BRDA:146,8,0,0
BRDA:175,9,0,0
BRDA:184,10,0,0
BRDA:184,10,1,0
BRDA:195,11,0,0
BRDA:217,12,0,0
BRDA:225,13,0,0
BRDA:225,13,1,0
BRF:19
BRH:0
end_of_record
TN:
SF:src/core/services/memory/indexing/SemanticIndex.ts
FN:45,(anonymous_0)
FN:54,(anonymous_1)
FN:61,(anonymous_2)
FN:66,(anonymous_3)
FN:74,(anonymous_4)
FN:88,(anonymous_5)
FN:100,(anonymous_6)
FN:124,(anonymous_7)
FN:136,(anonymous_8)
FN:162,(anonymous_9)
FN:169,(anonymous_10)
FN:189,(anonymous_11)
FN:209,(anonymous_12)
FN:223,(anonymous_13)
FN:227,(anonymous_14)
FN:234,(anonymous_15)
FN:246,(anonymous_16)
FN:259,(anonymous_17)
FN:286,(anonymous_18)
FN:287,(anonymous_19)
FN:293,(anonymous_20)
FN:299,(anonymous_21)
FN:314,(anonymous_22)
FN:315,(anonymous_23)
FN:320,(anonymous_24)
FN:321,(anonymous_25)
FNF:26
FNH:0
FNDA:0,(anonymous_0)
FNDA:0,(anonymous_1)
FNDA:0,(anonymous_2)
FNDA:0,(anonymous_3)
FNDA:0,(anonymous_4)
FNDA:0,(anonymous_5)
FNDA:0,(anonymous_6)
FNDA:0,(anonymous_7)
FNDA:0,(anonymous_8)
FNDA:0,(anonymous_9)
FNDA:0,(anonymous_10)
FNDA:0,(anonymous_11)
FNDA:0,(anonymous_12)
FNDA:0,(anonymous_13)
FNDA:0,(anonymous_14)
FNDA:0,(anonymous_15)
FNDA:0,(anonymous_16)
FNDA:0,(anonymous_17)
FNDA:0,(anonymous_18)
FNDA:0,(anonymous_19)
FNDA:0,(anonymous_20)
FNDA:0,(anonymous_21)
FNDA:0,(anonymous_22)
FNDA:0,(anonymous_23)
FNDA:0,(anonymous_24)
FNDA:0,(anonymous_25)
DA:9,0
DA:45,0
DA:46,0
DA:55,0
DA:63,0
DA:66,0
DA:67,0
DA:75,0
DA:78,0
DA:79,0
DA:80,0
DA:89,0
DA:106,0
DA:108,0
DA:109,0
DA:113,0
DA:115,0
DA:116,0
DA:118,0
DA:119,0
DA:124,0
DA:125,0
DA:141,0
DA:143,0
DA:144,0
DA:147,0
DA:149,0
DA:150,0
DA:152,0
DA:157,0
DA:158,0
DA:162,0
DA:163,0
DA:171,0
DA:174,0
DA:176,0
DA:177,0
DA:190,0
DA:193,0
DA:194,0
DA:198,0
DA:199,0
DA:201,0
DA:210,0
DA:211,0
DA:215,0
DA:224,0
DA:227,0
DA:230,0
DA:231,0
DA:234,0
DA:235,0
DA:236,0
DA:240,0
DA:247,0
DA:248,0
DA:249,0
DA:250,0
DA:251,0
DA:253,0
DA:260,0
DA:261,0
DA:264,0
DA:265,0
DA:266,0
DA:268,0
DA:269,0
DA:270,0
DA:271,0
DA:274,0
DA:276,0
DA:277,0
DA:280,0
DA:287,0
DA:289,0
DA:290,0
DA:293,0
DA:305,0
DA:307,0
DA:308,0
DA:314,0
DA:315,0
DA:317,0
DA:320,0
DA:321,0
LF:85
LH:0
BRDA:79,0,0,0
BRDA:102,1,0,0
BRDA:103,2,0,0
BRDA:108,3,0,0
BRDA:108,4,0,0
BRDA:108,4,1,0
BRDA:118,5,0,0
BRDA:138,6,0,0
BRDA:139,7,0,0
BRDA:143,8,0,0
BRDA:150,9,0,0
BRDA:157,10,0,0
BRDA:176,11,0,0
BRDA:176,12,0,0
BRDA:176,12,1,0
BRDA:193,13,0,0
BRDA:210,14,0,0
BRDA:260,15,0,0
BRDA:276,16,0,0
BRDA:289,17,0,0
BRDA:307,18,0,0
BRF:21
BRH:0
end_of_record
TN:
SF:src/core/services/memory/indexing/TemporalIndex.ts
FN:15,(anonymous_0)
FN:21,(anonymous_1)
FN:39,(anonymous_2)
FN:45,(anonymous_3)
FN:53,(anonymous_4)
FN:60,(anonymous_5)
FN:69,(anonymous_6)
FN:82,(anonymous_7)
FN:90,(anonymous_8)
FN:101,(anonymous_9)
FN:107,(anonymous_10)
FNF:11
FNH:0
FNDA:0,(anonymous_0)
FNDA:0,(anonymous_1)
FNDA:0,(anonymous_2)
FNDA:0,(anonymous_3)
FNDA:0,(anonymous_4)
FNDA:0,(anonymous_5)
FNDA:0,(anonymous_6)
FNDA:0,(anonymous_7)
FNDA:0,(anonymous_8)
FNDA:0,(anonymous_9)
FNDA:0,(anonymous_10)
DA:8,0
DA:15,0
DA:16,0
DA:22,0
DA:23,0
DA:24,0
DA:25,0
DA:27,0
DA:29,0
DA:31,0
DA:33,0
DA:35,0
DA:40,0
DA:41,0
DA:42,0
DA:46,0
DA:47,0
DA:48,0
DA:49,0
DA:54,0
DA:61,0
DA:64,0
DA:65,0
DA:66,0
DA:67,0
DA:68,0
DA:69,0
DA:73,0
DA:76,0
DA:83,0
DA:84,0
DA:91,0
DA:92,0
DA:93,0
DA:95,0
DA:102,0
DA:103,0
DA:105,0
DA:106,0
DA:107,0
DA:111,0
LF:41
LH:0
BRDA:21,0,0,0
BRDA:27,1,0,0
BRDA:27,1,1,0
BRDA:27,1,2,0
BRDA:27,1,3,0
BRDA:47,2,0,0
BRDA:54,3,0,0
BRDA:54,3,1,0
BRDA:68,4,0,0
BRDA:106,5,0,0
BRF:10
BRH:0
end_of_record
TN:
SF:src/core/services/memory/models/EmotionalMemory.ts
FN:125,(anonymous_0)
FN:144,(anonymous_1)
FN:145,(anonymous_2)
FN:159,(anonymous_3)
FN:177,(anonymous_4)
FN:179,(anonymous_5)
FN:186,(anonymous_6)
FN:187,(anonymous_7)
FN:194,(anonymous_8)
FN:197,(anonymous_9)
FN:205,(anonymous_10)
FN:213,(anonymous_11)
FN:220,(anonymous_12)
FN:227,(anonymous_13)
FN:232,(anonymous_14)
FN:233,(anonymous_15)
FN:243,(anonymous_16)
FN:251,(anonymous_17)
FN:258,(anonymous_18)
FN:282,(anonymous_19)
FN:283,(anonymous_20)
FNF:21
FNH:0
FNDA:0,(anonymous_0)
FNDA:0,(anonymous_1)
FNDA:0,(anonymous_2)
FNDA:0,(anonymous_3)
FNDA:0,(anonymous_4)
FNDA:0,(anonymous_5)
FNDA:0,(anonymous_6)
FNDA:0,(anonymous_7)
FNDA:0,(anonymous_8)
FNDA:0,(anonymous_9)
FNDA:0,(anonymous_10)
FNDA:0,(anonymous_11)
FNDA:0,(anonymous_12)
FNDA:0,(anonymous_13)
FNDA:0,(anonymous_14)
FNDA:0,(anonymous_15)
FNDA:0,(anonymous_16)
FNDA:0,(anonymous_17)
FNDA:0,(anonymous_18)
FNDA:0,(anonymous_19)
FNDA:0,(anonymous_20)
DA:8,0
DA:121,0
DA:122,0
DA:132,0
DA:135,0
DA:138,0
DA:139,0
DA:143,0
DA:144,0
DA:145,0
DA:146,0
DA:147,0
DA:151,0
DA:152,0
DA:160,0
DA:161,0
DA:162,0
DA:163,0
DA:166,0
DA:167,0
DA:168,0
DA:169,0
DA:171,0
DA:178,0
DA:179,0
DA:187,0
DA:195,0
DA:197,0
DA:198,0
DA:206,0
DA:214,0
DA:221,0
DA:228,0
DA:229,0
DA:231,0
DA:232,0
DA:234,0
DA:235,0
DA:236,0
DA:244,0
DA:245,0
DA:252,0
DA:259,0
DA:262,0
DA:264,0
DA:268,0
DA:272,0
DA:275,0
DA:279,0
DA:282,0
DA:283,0
DA:284,0
DA:287,0
DA:292,0
LF:54
LH:0
BRDA:128,0,0,0
BRDA:138,1,0,0
BRDA:146,2,0,0
BRDA:151,3,0,0
BRDA:160,4,0,0
BRDA:161,5,0,0
BRDA:162,6,0,0
BRDA:163,7,0,0
BRDA:163,8,0,0
BRDA:163,8,1,0
BRDA:167,9,0,0
BRDA:167,10,0,0
BRDA:167,10,1,0
BRDA:168,11,0,0
BRDA:168,12,0,0
BRDA:168,12,1,0
BRDA:169,13,0,0
BRDA:169,14,0,0
BRDA:169,14,1,0
BRDA:187,15,0,0
BRDA:187,15,1,0
BRDA:187,15,2,0
BRDA:195,16,0,0
BRDA:198,17,0,0
BRDA:198,17,1,0
BRDA:228,18,0,0
BRDA:228,18,1,0
BRDA:229,19,0,0
BRDA:234,20,0,0
BRDA:234,20,1,0
BRDA:235,21,0,0
BRDA:235,21,1,0
BRDA:236,22,0,0
BRDA:236,22,1,0
BRDA:244,23,0,0
BRDA:244,23,1,0
BRDA:262,24,0,0
BRDA:284,25,0,0
BRDA:284,25,1,0
BRF:39
BRH:0
end_of_record
TN:
SF:src/core/services/memory/models/EpisodicMemory.ts
FN:107,(anonymous_0)
FN:117,(anonymous_1)
FN:129,(anonymous_2)
FN:141,(anonymous_3)
FN:156,(anonymous_4)
FN:170,(anonymous_5)
FN:171,(anonymous_6)
FN:177,(anonymous_7)
FNF:8
FNH:0
FNDA:0,(anonymous_0)
FNDA:0,(anonymous_1)
FNDA:0,(anonymous_2)
FNDA:0,(anonymous_3)
FNDA:0,(anonymous_4)
FNDA:0,(anonymous_5)
FNDA:0,(anonymous_6)
FNDA:0,(anonymous_7)
DA:8,0
DA:103,0
DA:104,0
DA:113,0
DA:116,0
DA:117,0
DA:121,0
DA:122,0
DA:130,0
DA:131,0
DA:132,0
DA:133,0
DA:135,0
DA:142,0
DA:143,0
DA:146,0
DA:147,0
DA:150,0
DA:157,0
DA:158,0
DA:160,0
DA:171,0
DA:178,0
LF:23
LH:0
BRDA:110,0,0,0
BRDA:116,1,0,0
BRDA:121,2,0,0
BRDA:130,3,0,0
BRDA:131,4,0,0
BRDA:132,5,0,0
BRDA:132,6,0,0
BRDA:132,6,1,0
BRDA:133,7,0,0
BRDA:133,8,0,0
BRDA:133,8,1,0
BRDA:142,9,0,0
BRDA:146,10,0,0
BRDA:158,11,0,0
BRDA:158,11,1,0
BRDA:161,12,0,0
BRDA:161,12,1,0
BRDA:161,12,2,0
BRDA:161,12,3,0
BRDA:161,12,4,0
BRDA:161,12,5,0
BRDA:178,13,0,0
BRDA:178,13,1,0
BRF:23
BRH:0
end_of_record
TN:
SF:src/core/services/memory/models/MemoryEntity.ts
FN:11,(anonymous_0)
FN:21,(anonymous_1)
FN:114,(anonymous_2)
FN:149,(anonymous_3)
FN:157,(anonymous_4)
FN:175,(anonymous_5)
FN:184,(anonymous_6)
FN:191,(anonymous_7)
FN:198,(anonymous_8)
FN:205,(anonymous_9)
FN:212,(anonymous_10)
FNF:11
FNH:0
FNDA:0,(anonymous_0)
FNDA:0,(anonymous_1)
FNDA:0,(anonymous_2)
FNDA:0,(anonymous_3)
FNDA:0,(anonymous_4)
FNDA:0,(anonymous_5)
FNDA:0,(anonymous_6)
FNDA:0,(anonymous_7)
FNDA:0,(anonymous_8)
FNDA:0,(anonymous_9)
FNDA:0,(anonymous_10)
DA:11,0
DA:12,0
DA:13,0
DA:14,0
DA:15,0
DA:21,0
DA:22,0
DA:23,0
DA:24,0
DA:25,0
DA:89,0
DA:120,0
DA:121,0
DA:122,0
DA:123,0
DA:124,0
DA:126,0
DA:127,0
DA:140,0
DA:150,0
DA:151,0
DA:158,0
DA:160,0
DA:161,0
DA:163,0
DA:176,0
DA:178,0
DA:185,0
DA:192,0
DA:199,0
DA:206,0
DA:213,0
LF:32
LH:0
BRDA:11,0,0,0
BRDA:11,0,1,0
BRDA:21,1,0,0
BRDA:21,1,1,0
BRDA:117,2,0,0
BRF:5
BRH:0
end_of_record
TN:
SF:src/core/services/memory/models/ProceduralMemory.ts
FN:109,(anonymous_0)
FN:129,(anonymous_1)
FN:143,(anonymous_2)
FN:165,(anonymous_3)
FN:178,(anonymous_4)
FN:187,(anonymous_5)
FN:199,(anonymous_6)
FN:204,(anonymous_7)
FN:210,(anonymous_8)
FN:227,(anonymous_9)
FN:244,(anonymous_10)
FNF:11
FNH:0
FNDA:0,(anonymous_0)
FNDA:0,(anonymous_1)
FNDA:0,(anonymous_2)
FNDA:0,(anonymous_3)
FNDA:0,(anonymous_4)
FNDA:0,(anonymous_5)
FNDA:0,(anonymous_6)
FNDA:0,(anonymous_7)
FNDA:0,(anonymous_8)
FNDA:0,(anonymous_9)
FNDA:0,(anonymous_10)
DA:8,0
DA:105,0
DA:106,0
DA:115,0
DA:118,0
DA:121,0
DA:122,0
DA:130,0
DA:131,0
DA:132,0
DA:133,0
DA:134,0
DA:135,0
DA:137,0
DA:144,0
DA:146,0
DA:147,0
DA:148,0
DA:151,0
DA:156,0
DA:166,0
DA:169,0
DA:179,0
DA:181,0
DA:188,0
DA:191,0
DA:193,0
DA:200,0
DA:202,0
DA:204,0
DA:211,0
DA:212,0
DA:215,0
DA:218,0
DA:221,0
DA:229,0
DA:230,0
DA:232,0
DA:233,0
DA:238,0
DA:250,0
LF:41
LH:0
BRDA:112,0,0,0
BRDA:121,1,0,0
BRDA:130,2,0,0
BRDA:131,3,0,0
BRDA:132,4,0,0
BRDA:133,5,0,0
BRDA:133,6,0,0
BRDA:133,6,1,0
BRDA:134,7,0,0
BRDA:134,8,0,0
BRDA:134,8,1,0
BRDA:135,9,0,0
BRDA:146,10,0,0
BRDA:147,11,0,0
BRDA:147,11,1,0
BRDA:180,12,0,0
BRDA:180,12,1,0
BRDA:191,13,0,0
BRDA:200,14,0,0
BRDA:200,14,1,0
BRDA:202,15,0,0
BRDA:211,16,0,0
BRDA:211,17,0,0
BRDA:211,17,1,0
BRDA:215,18,0,0
BRDA:215,19,0,0
BRDA:215,19,1,0
BRDA:215,19,2,0
BRDA:229,20,0,0
BRDA:232,21,0,0
BRDA:251,22,0,0
BRDA:251,22,1,0
BRF:32
BRH:0
end_of_record
TN:
SF:src/core/services/memory/models/SemanticMemory.ts
FN:13,(anonymous_0)
FN:78,(anonymous_1)
FN:91,(anonymous_2)
FN:107,(anonymous_3)
FN:119,(anonymous_4)
FN:127,(anonymous_5)
FN:131,(anonymous_6)
FN:143,(anonymous_7)
FN:154,(anonymous_8)
FNF:9
FNH:0
FNDA:0,(anonymous_0)
FNDA:0,(anonymous_1)
FNDA:0,(anonymous_2)
FNDA:0,(anonymous_3)
FNDA:0,(anonymous_4)
FNDA:0,(anonymous_5)
FNDA:0,(anonymous_6)
FNDA:0,(anonymous_7)
FNDA:0,(anonymous_8)
DA:8,0
DA:13,0
DA:14,0
DA:15,0
DA:16,0
DA:17,0
DA:18,0
DA:19,0
DA:74,0
DA:75,0
DA:84,0
DA:87,0
DA:90,0
DA:91,0
DA:92,0
DA:96,0
DA:97,0
DA:101,0
DA:108,0
DA:109,0
DA:110,0
DA:111,0
DA:113,0
DA:120,0
DA:128,0
DA:130,0
DA:131,0
DA:132,0
DA:133,0
DA:137,0
DA:144,0
DA:155,0
DA:158,0
DA:162,0
DA:163,0
DA:164,0
DA:165,0
DA:166,0
DA:170,0
DA:171,0
DA:172,0
DA:176,0
LF:42
LH:0
BRDA:13,0,0,0
BRDA:13,0,1,0
BRDA:81,1,0,0
BRDA:90,2,0,0
BRDA:96,3,0,0
BRDA:108,4,0,0
BRDA:109,5,0,0
BRDA:110,6,0,0
BRDA:111,7,0,0
BRDA:111,8,0,0
BRDA:111,8,1,0
BRDA:120,9,0,0
BRDA:120,9,1,0
BRDA:130,10,0,0
BRDA:145,11,0,0
BRDA:145,11,1,0
BRDA:145,11,2,0
BRDA:154,12,0,0
BRDA:155,13,0,0
BRDA:158,14,0,0
BRDA:158,14,1,0
BRDA:162,15,0,0
BRDA:165,16,0,0
BRDA:165,16,1,0
BRDA:170,17,0,0
BRDA:171,18,0,0
BRDA:171,18,1,0
BRF:27
BRH:0
end_of_record
TN:
SF:src/core/services/memory/retrieval/AssociationRetrieval.ts
FN:27,(anonymous_0)
FN:44,(anonymous_1)
FN:44,(anonymous_2)
FN:45,(anonymous_3)
FN:57,(anonymous_4)
FN:67,(anonymous_5)
FN:77,(anonymous_6)
FN:109,(anonymous_7)
FN:138,(anonymous_8)
FN:146,(anonymous_9)
FN:156,(anonymous_10)
FN:164,(anonymous_11)
FN:174,(anonymous_12)
FNF:13
FNH:0
FNDA:0,(anonymous_0)
FNDA:0,(anonymous_1)
FNDA:0,(anonymous_2)
FNDA:0,(anonymous_3)
FNDA:0,(anonymous_4)
FNDA:0,(anonymous_5)
FNDA:0,(anonymous_6)
FNDA:0,(anonymous_7)
FNDA:0,(anonymous_8)
FNDA:0,(anonymous_9)
FNDA:0,(anonymous_10)
FNDA:0,(anonymous_11)
FNDA:0,(anonymous_12)
DA:8,0
DA:23,0
DA:33,0
DA:35,0
DA:36,0
DA:40,0
DA:43,0
DA:44,0
DA:45,0
DA:51,0
DA:62,0
DA:63,0
DA:67,0
DA:68,0
DA:71,0
DA:81,0
DA:84,0
DA:85,0
DA:86,0
DA:87,0
DA:92,0
DA:93,0
DA:100,0
DA:103,0
DA:113,0
DA:116,0
DA:117,0
DA:120,0
DA:121,0
DA:124,0
DA:125,0
DA:129,0
DA:130,0
DA:132,0
DA:142,0
DA:143,0
DA:145,0
DA:146,0
DA:148,0
DA:150,0
DA:160,0
DA:161,0
DA:163,0
DA:164,0
DA:166,0
DA:168,0
DA:178,0
DA:179,0
DA:180,0
DA:183,0
LF:50
LH:0
BRDA:35,0,0,0
BRDA:62,1,0,0
BRDA:62,2,0,0
BRDA:62,2,1,0
BRDA:84,3,0,0
BRDA:87,4,0,0
BRDA:92,5,0,0
BRDA:92,6,0,0
BRDA:92,6,1,0
BRDA:92,6,2,0
BRDA:124,7,0,0
BRDA:150,8,0,0
BRDA:150,8,1,0
BRDA:168,9,0,0
BRDA:168,9,1,0
BRF:15
BRH:0
end_of_record
TN:
SF:src/core/services/memory/retrieval/ContextualRetrieval.ts
FN:30,(anonymous_0)
FN:39,(anonymous_1)
FN:52,(anonymous_2)
FN:97,(anonymous_3)
FN:102,(anonymous_4)
FN:112,(anonymous_5)
FN:117,(anonymous_6)
FN:118,(anonymous_7)
FN:129,(anonymous_8)
FN:142,(anonymous_9)
FN:158,(anonymous_10)
FN:165,(anonymous_11)
FN:174,(anonymous_12)
FN:175,(anonymous_13)
FNF:14
FNH:0
FNDA:0,(anonymous_0)
FNDA:0,(anonymous_1)
FNDA:0,(anonymous_2)
FNDA:0,(anonymous_3)
FNDA:0,(anonymous_4)
FNDA:0,(anonymous_5)
FNDA:0,(anonymous_6)
FNDA:0,(anonymous_7)
FNDA:0,(anonymous_8)
FNDA:0,(anonymous_9)
FNDA:0,(anonymous_10)
FNDA:0,(anonymous_11)
FNDA:0,(anonymous_12)
FNDA:0,(anonymous_13)
DA:8,0
DA:26,0
DA:36,0
DA:39,0
DA:46,0
DA:53,0
DA:54,0
DA:57,0
DA:58,0
DA:59,0
DA:60,0
DA:64,0
DA:65,0
DA:66,0
DA:67,0
DA:71,0
DA:72,0
DA:76,0
DA:77,0
DA:81,0
DA:82,0
DA:86,0
DA:87,0
DA:91,0
DA:101,0
DA:102,0
DA:104,0
DA:106,0
DA:116,0
DA:117,0
DA:118,0
DA:121,0
DA:123,0
DA:133,0
DA:134,0
DA:136,0
DA:146,0
DA:147,0
DA:148,0
DA:152,0
DA:162,0
DA:164,0
DA:165,0
DA:166,0
DA:168,0
DA:169,0
DA:173,0
DA:174,0
DA:175,0
DA:177,0
DA:178,0
DA:182,0
DA:183,0
DA:186,0
LF:54
LH:0
BRDA:57,0,0,0
BRDA:57,1,0,0
BRDA:57,1,1,0
BRDA:64,2,0,0
BRDA:64,3,0,0
BRDA:64,3,1,0
BRDA:71,4,0,0
BRDA:81,5,0,0
BRDA:91,6,0,0
BRDA:91,6,1,0
BRDA:104,7,0,0
BRDA:104,8,0,0
BRDA:104,8,1,0
BRDA:121,9,0,0
BRDA:121,10,0,0
BRDA:121,10,1,0
BRDA:164,11,0,0
BRDA:164,12,0,0
BRDA:164,12,1,0
BRDA:168,13,0,0
BRDA:173,14,0,0
BRDA:173,15,0,0
BRDA:173,15,1,0
BRDA:177,16,0,0
BRDA:182,17,0,0
BRDA:186,18,0,0
BRDA:186,18,1,0
BRF:27
BRH:0
end_of_record
TN:
SF:src/core/services/memory/retrieval/EmotionalRetrieval.ts
FN:29,(anonymous_0)
FN:38,(anonymous_1)
FN:50,(anonymous_2)
FN:91,(anonymous_3)
FN:109,(anonymous_4)
FN:130,(anonymous_5)
FN:138,(anonymous_6)
FN:147,(anonymous_7)
FN:161,(anonymous_8)
FNF:9
FNH:0
FNDA:0,(anonymous_0)
FNDA:0,(anonymous_1)
FNDA:0,(anonymous_2)
FNDA:0,(anonymous_3)
FNDA:0,(anonymous_4)
FNDA:0,(anonymous_5)
FNDA:0,(anonymous_6)
FNDA:0,(anonymous_7)
FNDA:0,(anonymous_8)
DA:7,0
DA:13,0
DA:25,0
DA:35,0
DA:38,0
DA:44,0
DA:51,0
DA:53,0
DA:54,0
DA:57,0
DA:58,0
DA:63,0
DA:64,0
DA:68,0
DA:69,0
DA:73,0
DA:74,0
DA:78,0
DA:79,0
DA:81,0
DA:82,0
DA:85,0
DA:96,0
DA:98,0
DA:101,0
DA:103,0
DA:107,0
DA:108,0
DA:109,0
DA:111,0
DA:112,0
DA:117,0
DA:118,0
DA:121,0
DA:124,0
DA:134,0
DA:137,0
DA:138,0
DA:141,0
DA:151,0
DA:153,0
DA:154,0
DA:155,0
DA:156,0
DA:158,0
DA:160,0
DA:161,0
DA:163,0
DA:167,0
DA:169,0
DA:172,0
LF:51
LH:0
BRDA:51,0,0,0
BRDA:57,1,0,0
BRDA:68,2,0,0
BRDA:78,3,0,0
BRDA:85,4,0,0
BRDA:85,4,1,0
BRDA:96,5,0,0
BRDA:101,6,0,0
BRDA:107,7,0,0
BRDA:111,8,0,0
BRDA:117,9,0,0
BRDA:141,10,0,0
BRDA:141,10,1,0
BRDA:153,11,0,0
BRDA:154,12,0,0
BRDA:154,12,1,0
BRDA:156,13,0,0
BRDA:160,14,0,0
BRDA:167,15,0,0
BRDA:167,16,0,0
BRDA:167,16,1,0
BRDA:172,17,0,0
BRDA:172,17,1,0
BRF:23
BRH:0
end_of_record
TN:
SF:src/core/services/memory/retrieval/QueryRetrieval.ts
FN:65,(anonymous_0)
FN:100,(anonymous_1)
FN:112,(anonymous_2)
FN:121,(anonymous_3)
FN:124,(anonymous_4)
FN:133,(anonymous_5)
FN:162,(anonymous_6)
FNF:7
FNH:0
FNDA:0,(anonymous_0)
FNDA:0,(anonymous_1)
FNDA:0,(anonymous_2)
FNDA:0,(anonymous_3)
FNDA:0,(anonymous_4)
FNDA:0,(anonymous_5)
FNDA:0,(anonymous_6)
DA:8,0
DA:61,0
DA:71,0
DA:73,0
DA:74,0
DA:78,0
DA:92,0
DA:95,0
DA:96,0
DA:100,0
DA:106,0
DA:115,0
DA:122,0
DA:124,0
DA:125,0
DA:126,0
DA:134,0
DA:136,0
DA:137,0
DA:140,0
DA:141,0
DA:144,0
DA:145,0
DA:148,0
DA:149,0
DA:152,0
DA:153,0
DA:156,0
DA:163,0
LF:29
LH:0
BRDA:73,0,0,0
BRDA:95,1,0,0
BRDA:136,2,0,0
BRDA:140,3,0,0
BRDA:140,4,0,0
BRDA:140,4,1,0
BRDA:144,5,0,0
BRDA:144,6,0,0
BRDA:144,6,1,0
BRDA:148,7,0,0
BRDA:152,8,0,0
BRDA:156,9,0,0
BRDA:156,9,1,0
BRF:13
BRH:0
end_of_record
TN:
[...]
FN:410,(anonymous_28)
FN:418,(anonymous_29)
FN:419,(anonymous_30)
FN:427,(anonymous_31)
FN:437,(anonymous_32)
FNF:33
FNH:25
FNDA:29,(anonymous_0)
FNDA:27,(anonymous_1)
FNDA:14,(anonymous_2)
FNDA:1,(anonymous_3)
FNDA:8,(anonymous_4)
FNDA:10,(anonymous_5)
FNDA:1,(anonymous_6)
FNDA:3,(anonymous_7)
FNDA:0,(anonymous_8)
FNDA:1,(anonymous_9)
FNDA:4,(anonymous_10)
FNDA:0,(anonymous_11)
FNDA:0,(anonymous_12)
FNDA:2,(anonymous_13)
FNDA:0,(anonymous_14)
FNDA:0,(anonymous_15)
FNDA:2,(anonymous_16)
FNDA:0,(anonymous_17)
FNDA:0,(anonymous_18)
FNDA:4,(anonymous_19)
FNDA:2,(anonymous_20)
FNDA:4,(anonymous_21)
FNDA:4,(anonymous_22)
FNDA:0,(anonymous_23)
FNDA:2,(anonymous_24)
FNDA:6,(anonymous_25)
FNDA:1,(anonymous_26)
FNDA:26,(anonymous_27)
FNDA:1,(anonymous_28)
FNDA:2,(anonymous_29)
FNDA:3,(anonymous_30)
FNDA:1,(anonymous_31)
FNDA:16,(anonymous_32)
DA:8,2
DA:30,2
DA:31,29
DA:32,29
DA:58,27
DA:59,14
DA:62,27
DA:63,1
DA:66,26
DA:67,26
DA:68,26
DA:70,26
DA:80,1
DA:90,8
DA:91,10
DA:102,3
DA:103,1
DA:113,1
DA:114,4
DA:125,0
DA:126,0
DA:127,0
DA:130,0
DA:131,0
DA:134,0
DA:135,0
DA:138,0
DA:139,0
DA:142,0
DA:152,0
DA:153,0
DA:154,0
DA:157,0
DA:158,0
DA:175,2
DA:176,2
DA:178,2
DA:179,4
DA:180,2
DA:181,2
DA:184,2
DA:185,1
DA:199,2
DA:201,1
DA:216,2
DA:236,0
DA:237,0
DA:238,0
DA:240,0
DA:242,0
DA:244,0
DA:246,0
DA:247,0
DA:248,0
DA:249,0
DA:252,0
DA:278,2
DA:279,0
DA:282,2
DA:283,2
DA:285,2
DA:286,4
DA:287,4
DA:291,2
DA:292,2
DA:294,2
DA:295,4
DA:296,4
DA:297,4
DA:298,4
DA:301,2
DA:304,2
DA:305,4
DA:306,2
DA:308,4
DA:311,4
DA:312,2
DA:313,0
DA:316,2
DA:317,2
DA:318,1
DA:319,1
DA:320,1
DA:321,0
DA:324,2
DA:356,2
DA:357,2
DA:358,0
DA:361,2
DA:362,0
DA:366,6
DA:369,2
DA:371,2
DA:373,2
DA:374,1
DA:375,1
DA:376,1
DA:377,1
DA:378,0
DA:379,0
DA:380,1
DA:381,0
DA:382,0
DA:385,2
DA:395,1
DA:396,1
DA:398,1
DA:409,26
DA:410,26
DA:419,3
DA:428,1
DA:429,1
DA:430,1
DA:438,16
LF:114
LH:79
BRDA:62,0,0,1
BRDA:89,1,0,2
BRDA:91,2,0,5
BRDA:91,2,1,3
BRDA:101,3,0,1
BRDA:103,4,0,0
BRDA:103,4,1,1
BRDA:112,5,0,1
BRDA:126,6,0,0
BRDA:130,7,0,0
BRDA:134,8,0,0
BRDA:138,9,0,0
BRDA:153,10,0,0
BRDA:184,11,0,1
BRDA:184,12,0,2
BRDA:184,12,1,1
BRDA:199,13,0,1
BRDA:199,14,0,2
BRDA:199,14,1,1
BRDA:199,14,2,1
BRDA:240,15,0,0
BRDA:240,15,1,0
BRDA:242,16,0,0
BRDA:242,16,1,0
BRDA:244,17,0,0
BRDA:244,17,1,0
BRDA:248,18,0,0
BRDA:278,19,0,0
BRDA:278,19,1,2
BRDA:295,20,0,4
BRDA:295,20,1,0
BRDA:301,21,0,2
BRDA:301,21,1,0
BRDA:305,22,0,4
BRDA:305,22,1,0
BRDA:311,23,0,4
BRDA:311,23,1,0
BRDA:311,24,0,4
BRDA:311,24,1,0
BRDA:312,25,0,0
BRDA:317,26,0,1
BRDA:317,26,1,1
BRDA:320,27,0,0
BRDA:357,28,0,0
BRDA:361,29,0,0
BRDA:373,30,0,1
BRDA:373,30,1,1
BRDA:377,31,0,0
BRDA:377,31,1,1
BRDA:380,32,0,0
BRDA:395,33,0,1
BRDA:409,34,0,26
BRDA:409,34,1,25
BRF:53
BRH:28
end_of_record
TN:
SF:src/core/services/values/models/Assessment.ts
FN:33,(anonymous_0)
FN:53,(anonymous_1)
FN:57,(anonymous_2)
FN:67,(anonymous_3)
FN:71,(anonymous_4)
FN:75,(anonymous_5)
FN:79,(anonymous_6)
FN:83,(anonymous_7)
FN:102,(anonymous_8)
FN:103,(anonymous_9)
FN:115,(anonymous_10)
FN:121,(anonymous_11)
FN:131,(anonymous_12)
FN:142,(anonymous_13)
FN:153,(anonymous_14)
FN:162,(anonymous_15)
FN:174,(anonymous_16)
FN:178,(anonymous_17)
FN:182,(anonymous_18)
FNF:19
FNH:0
FNDA:0,(anonymous_0)
FNDA:0,(anonymous_1)
FNDA:0,(anonymous_2)
FNDA:0,(anonymous_3)
FNDA:0,(anonymous_4)
FNDA:0,(anonymous_5)
FNDA:0,(anonymous_6)
FNDA:0,(anonymous_7)
FNDA:0,(anonymous_8)
FNDA:0,(anonymous_9)
FNDA:0,(anonymous_10)
FNDA:0,(anonymous_11)
FNDA:0,(anonymous_12)
FNDA:0,(anonymous_13)
FNDA:0,(anonymous_14)
FNDA:0,(anonymous_15)
FNDA:0,(anonymous_16)
FNDA:0,(anonymous_17)
FNDA:0,(anonymous_18)
DA:30,0
DA:34,0
DA:50,0
DA:54,0
DA:58,0
DA:59,0
DA:62,0
DA:63,0
DA:68,0
DA:72,0
DA:76,0
DA:80,0
DA:84,0
DA:103,0
DA:104,0
DA:105,0
DA:106,0
DA:116,0
DA:117,0
DA:118,0
DA:121,0
DA:122,0
DA:123,0
DA:132,0
DA:133,0
DA:143,0
DA:144,0
DA:154,0
DA:163,0
DA:164,0
DA:175,0
DA:179,0
DA:183,0
LF:33
LH:0
BRDA:35,0,0,0
BRDA:35,0,1,0
BRDA:38,1,0,0
BRDA:38,1,1,0
BRDA:39,2,0,0
BRDA:39,2,1,0
BRDA:40,3,0,0
BRDA:40,3,1,0
BRDA:41,4,0,0
BRDA:41,4,1,0
BRDA:42,5,0,0
BRDA:42,5,1,0
BRDA:43,6,0,0
BRDA:43,6,1,0
BRDA:44,7,0,0
BRDA:44,7,1,0
BRDA:45,8,0,0
BRDA:45,8,1,0
BRDA:46,9,0,0
BRDA:46,9,1,0
BRDA:47,10,0,0
BRDA:47,10,1,0
BRDA:58,11,0,0
BRDA:58,12,0,0
BRDA:58,12,1,0
BRDA:62,13,0,0
BRDA:62,14,0,0
BRDA:62,14,1,0
BRDA:104,15,0,0
BRDA:116,16,0,0
BRDA:132,17,0,0
BRDA:143,18,0,0
BRDA:163,19,0,0
BRDA:186,20,0,0
BRDA:186,20,1,0
BRF:35
BRH:0
end_of_record
TN:
SF:src/core/services/values/models/Commitment.ts
FN:32,(anonymous_0)
FN:52,(anonymous_1)
FN:56,(anonymous_2)
FN:62,(anonymous_3)
FN:66,(anonymous_4)
FN:70,(anonymous_5)
FN:74,(anonymous_6)
FN:89,(anonymous_7)
FN:109,(anonymous_8)
FN:111,(anonymous_9)
FN:141,(anonymous_10)
FN:145,(anonymous_11)
FN:158,(anonymous_12)
FN:161,(anonymous_13)
FN:168,(anonymous_14)
FN:176,(anonymous_15)
FN:186,(anonymous_16)
FN:190,(anonymous_17)
FN:194,(anonymous_18)
FN:199,(anonymous_19)
FNF:20
FNH:0
FNDA:0,(anonymous_0)
FNDA:0,(anonymous_1)
FNDA:0,(anonymous_2)
FNDA:0,(anonymous_3)
FNDA:0,(anonymous_4)
FNDA:0,(anonymous_5)
FNDA:0,(anonymous_6)
FNDA:0,(anonymous_7)
FNDA:0,(anonymous_8)
FNDA:0,(anonymous_9)
FNDA:0,(anonymous_10)
FNDA:0,(anonymous_11)
FNDA:0,(anonymous_12)
FNDA:0,(anonymous_13)
FNDA:0,(anonymous_14)
FNDA:0,(anonymous_15)
FNDA:0,(anonymous_16)
FNDA:0,(anonymous_17)
FNDA:0,(anonymous_18)
FNDA:0,(anonymous_19)
DA:29,1
DA:33,0
DA:49,0
DA:53,0
DA:57,0
DA:58,0
DA:63,0
DA:67,0
DA:71,0
DA:75,0
DA:90,0
DA:95,0
DA:110,0
DA:111,0
DA:113,0
DA:114,0
DA:115,0
DA:116,0
DA:118,0
DA:119,0
DA:120,0
DA:121,0
DA:122,0
DA:124,0
DA:125,0
DA:127,0
DA:129,0
DA:130,0
DA:131,0
DA:135,0
DA:137,0
DA:141,0
DA:146,0
DA:147,0
DA:148,0
DA:149,0
DA:150,0
DA:159,0
DA:161,0
DA:162,0
DA:169,0
DA:170,0
DA:177,0
DA:178,0
DA:187,0
DA:191,0
DA:195,0
DA:199,0
LF:48
LH:1
BRDA:34,0,0,0
BRDA:34,0,1,0
BRDA:35,1,0,0
BRDA:35,1,1,0
BRDA:37,2,0,0
BRDA:37,2,1,0
BRDA:39,3,0,0
BRDA:39,3,1,0
BRDA:40,4,0,0
BRDA:40,4,1,0
BRDA:41,5,0,0
BRDA:41,5,1,0
BRDA:42,6,0,0
BRDA:42,6,1,0
BRDA:43,7,0,0
BRDA:43,7,1,0
BRDA:44,8,0,0
BRDA:44,8,1,0
BRDA:45,9,0,0
BRDA:45,9,1,0
BRDA:46,10,0,0
BRDA:46,10,1,0
BRDA:57,11,0,0
BRDA:57,12,0,0
BRDA:57,12,1,0
BRDA:89,13,0,0
BRDA:119,14,0,0
BRDA:119,14,1,0
BRDA:120,15,0,0
BRDA:120,15,1,0
BRDA:120,16,0,0
BRDA:120,16,1,0
BRDA:122,17,0,0
BRDA:131,18,0,0
BRDA:140,19,0,0
BRDA:140,19,1,0
BRDA:159,20,0,0
BRDA:198,21,0,0
BRDA:198,21,1,0
BRF:39
BRH:0
end_of_record
TN:
SF:src/core/services/values/models/Decision.ts
FN:44,(anonymous_0)
FN:66,(anonymous_1)
FN:70,(anonymous_2)
FN:80,(anonymous_3)
FN:84,(anonymous_4)
FN:88,(anonymous_5)
FN:111,(anonymous_6)
FN:112,(anonymous_7)
FN:124,(anonymous_8)
FN:125,(anonymous_9)
FN:142,(anonymous_10)
FN:143,(anonymous_11)
FN:175,(anonymous_12)
FN:185,(anonymous_13)
FN:197,(anonymous_14)
FN:199,(anonymous_15)
FN:207,(anonymous_16)
FN:210,(anonymous_17)
FN:219,(anonymous_18)
FN:222,(anonymous_19)
FN:232,(anonymous_20)
FN:241,(anonymous_21)
FN:250,(anonymous_22)
FN:262,(anonymous_23)
FN:267,(anonymous_24)
FN:271,(anonymous_25)
FNF:26
FNH:0
FNDA:0,(anonymous_0)
FNDA:0,(anonymous_1)
FNDA:0,(anonymous_2)
FNDA:0,(anonymous_3)
FNDA:0,(anonymous_4)
FNDA:0,(anonymous_5)
FNDA:0,(anonymous_6)
FNDA:0,(anonymous_7)
FNDA:0,(anonymous_8)
FNDA:0,(anonymous_9)
FNDA:0,(anonymous_10)
FNDA:0,(anonymous_11)
FNDA:0,(anonymous_12)
FNDA:0,(anonymous_13)
FNDA:0,(anonymous_14)
FNDA:0,(anonymous_15)
FNDA:0,(anonymous_16)
FNDA:0,(anonymous_17)
FNDA:0,(anonymous_18)
FNDA:0,(anonymous_19)
FNDA:0,(anonymous_20)
FNDA:0,(anonymous_21)
FNDA:0,(anonymous_22)
FNDA:0,(anonymous_23)
FNDA:0,(anonymous_24)
FNDA:0,(anonymous_25)
DA:7,1
DA:41,1
DA:45,0
DA:63,0
DA:67,0
DA:71,0
DA:72,0
DA:75,0
DA:76,0
DA:81,0
DA:85,0
DA:89,0
DA:112,0
DA:113,0
DA:114,0
DA:115,0
DA:125,0
DA:126,0
DA:143,0
DA:144,0
DA:145,0
DA:148,0
DA:149,0
DA:152,0
DA:153,0
DA:154,0
DA:155,0
DA:156,0
DA:176,0
DA:177,0
DA:186,0
DA:187,0
DA:188,0
DA:198,0
DA:199,0
DA:208,0
DA:210,0
DA:211,0
DA:220,0
DA:222,0
DA:223,0
DA:233,0
DA:242,0
DA:251,0
DA:252,0
DA:253,0
DA:263,0
DA:264,0
DA:268,0
DA:272,0
LF:50
LH:2
BRDA:46,0,0,0
BRDA:46,0,1,0
BRDA:48,1,0,0
BRDA:48,1,1,0
BRDA:49,2,0,0
BRDA:49,2,1,0
BRDA:50,3,0,0
BRDA:50,3,1,0
BRDA:51,4,0,0
BRDA:51,4,1,0
BRDA:52,5,0,0
BRDA:52,5,1,0
BRDA:53,6,0,0
BRDA:53,6,1,0
BRDA:54,7,0,0
BRDA:54,7,1,0
BRDA:55,8,0,0
BRDA:55,8,1,0
BRDA:56,9,0,0
BRDA:56,9,1,0
BRDA:57,10,0,0
BRDA:57,10,1,0
BRDA:58,11,0,0
BRDA:58,11,1,0
BRDA:59,12,0,0
BRDA:59,12,1,0
BRDA:60,13,0,0
BRDA:60,13,1,0
BRDA:71,14,0,0
BRDA:71,15,0,0
BRDA:71,15,1,0
BRDA:75,16,0,0
BRDA:75,17,0,0
BRDA:75,17,1,0
BRDA:113,18,0,0
BRDA:144,19,0,0
BRDA:148,20,0,0
BRDA:148,21,0,0
BRDA:148,21,1,0
BRDA:186,22,0,0
BRDA:198,23,0,0
BRDA:199,24,0,0
BRDA:199,24,1,0
BRDA:208,25,0,0
BRDA:220,26,0,0
BRDA:223,27,0,0
BRDA:223,27,1,0
BRDA:251,28,0,0
BRDA:274,29,0,0
BRDA:274,29,1,0
BRDA:275,30,0,0
BRDA:275,30,1,0
BRF:52
BRH:0
end_of_record
TN:
SF:src/core/services/values/models/Goal.ts
FN:52,(anonymous_0)
FN:81,(anonymous_1)
FN:85,(anonymous_2)
FN:99,(anonymous_3)
FN:103,(anonymous_4)
FN:107,(anonymous_5)
FN:111,(anonymous_6)
FN:115,(anonymous_7)
FN:119,(anonymous_8)
FN:123,(anonymous_9)
FN:138,(anonymous_10)
FN:159,(anonymous_11)
FN:176,(anonymous_12)
FN:188,(anonymous_13)
FN:198,(anonymous_14)
FN:216,(anonymous_15)
FN:228,(anonymous_16)
FN:241,(anonymous_17)
FN:253,(anonymous_18)
FN:275,(anonymous_19)
FN:276,(anonymous_20)
FN:288,(anonymous_21)
FN:289,(anonymous_22)
FN:299,(anonymous_23)
FN:300,(anonymous_24)
FN:309,(anonymous_25)
FN:310,(anonymous_26)
FN:318,(anonymous_27)
FN:330,(anonymous_28)
FN:342,(anonymous_29)
FN:354,(anonymous_30)
FN:365,(anonymous_31)
FN:378,(anonymous_32)
FN:389,(anonymous_33)
FN:409,(anonymous_34)
FN:426,(anonymous_35)
FN:440,(anonymous_36)
FN:450,(anonymous_37)
FN:462,(anonymous_38)
FN:472,(anonymous_39)
FN:482,(anonymous_40)
FNF:41
FNH:0
FNDA:0,(anonymous_0)
FNDA:0,(anonymous_1)
FNDA:0,(anonymous_2)
FNDA:0,(anonymous_3)
FNDA:0,(anonymous_4)
FNDA:0,(anonymous_5)
FNDA:0,(anonymous_6)
FNDA:0,(anonymous_7)
FNDA:0,(anonymous_8)
FNDA:0,(anonymous_9)
FNDA:0,(anonymous_10)
FNDA:0,(anonymous_11)
FNDA:0,(anonymous_12)
FNDA:0,(anonymous_13)
FNDA:0,(anonymous_14)
FNDA:0,(anonymous_15)
FNDA:0,(anonymous_16)
FNDA:0,(anonymous_17)
FNDA:0,(anonymous_18)
FNDA:0,(anonymous_19)
FNDA:0,(anonymous_20)
FNDA:0,(anonymous_21)
FNDA:0,(anonymous_22)
FNDA:0,(anonymous_23)
FNDA:0,(anonymous_24)
FNDA:0,(anonymous_25)
FNDA:0,(anonymous_26)
FNDA:0,(anonymous_27)
FNDA:0,(anonymous_28)
FNDA:0,(anonymous_29)
FNDA:0,(anonymous_30)
FNDA:0,(anonymous_31)
FNDA:0,(anonymous_32)
FNDA:0,(anonymous_33)
FNDA:0,(anonymous_34)
FNDA:0,(anonymous_35)
FNDA:0,(anonymous_36)
FNDA:0,(anonymous_37)
FNDA:0,(anonymous_38)
FNDA:0,(anonymous_39)
FNDA:0,(anonymous_40)
DA:7,1
DA:49,1
DA:53,0
DA:78,0
DA:82,0
DA:86,0
DA:87,0
DA:90,0
DA:91,0
DA:94,0
DA:95,0
DA:100,0
DA:104,0
DA:108,0
DA:112,0
DA:116,0
DA:120,0
DA:124,0
DA:139,0
DA:140,0
DA:143,0
DA:144,0
DA:146,0
DA:147,0
DA:160,0
DA:161,0
DA:162,0
DA:163,0
DA:177,0
DA:178,0
DA:179,0
DA:180,0
DA:189,0
DA:190,0
DA:191,0
DA:192,0
DA:199,0
DA:200,0
DA:201,0
DA:202,0
DA:217,0
DA:218,0
DA:219,0
DA:229,0
DA:230,0
DA:231,0
DA:232,0
DA:242,0
DA:243,0
DA:244,0
DA:254,0
DA:255,0
DA:256,0
DA:257,0
DA:276,0
DA:277,0
DA:278,0
DA:279,0
DA:289,0
DA:290,0
DA:300,0
DA:310,0
DA:319,0
DA:320,0
DA:321,0
DA:331,0
DA:332,0
DA:333,0
DA:343,0
DA:344,0
DA:345,0
DA:355,0
DA:356,0
DA:357,0
DA:366,0
DA:368,0
DA:369,0
DA:370,0
DA:379,0
DA:380,0
DA:381,0
DA:390,0
DA:391,0
DA:393,0
DA:394,0
DA:410,0
DA:427,0
DA:428,0
DA:431,0
DA:432,0
DA:441,0
DA:442,0
DA:451,0
DA:452,0
DA:453,0
DA:463,0
DA:464,0
DA:473,0
DA:483,0
LF:99
LH:2
BRDA:54,0,0,0
BRDA:54,0,1,0
BRDA:56,1,0,0
BRDA:56,1,1,0
BRDA:58,2,0,0
BRDA:58,2,1,0
BRDA:59,3,0,0
BRDA:59,3,1,0
BRDA:60,4,0,0
BRDA:60,4,1,0
BRDA:61,5,0,0
BRDA:61,5,1,0
BRDA:62,6,0,0
BRDA:62,6,1,0
BRDA:63,7,0,0
BRDA:63,7,1,0
BRDA:64,8,0,0
BRDA:64,8,1,0
BRDA:65,9,0,0
BRDA:65,9,1,0
BRDA:66,10,0,0
BRDA:66,10,1,0
BRDA:67,11,0,0
BRDA:67,11,1,0
BRDA:68,12,0,0
BRDA:68,12,1,0
BRDA:69,13,0,0
BRDA:69,13,1,0
BRDA:70,14,0,0
BRDA:70,14,1,0
BRDA:71,15,0,0
BRDA:71,15,1,0
BRDA:72,16,0,0
BRDA:72,16,1,0
BRDA:73,17,0,0
BRDA:73,17,1,0
BRDA:74,18,0,0
BRDA:74,18,1,0
BRDA:75,19,0,0
BRDA:75,19,1,0
BRDA:86,20,0,0
BRDA:86,21,0,0
BRDA:86,21,1,0
BRDA:90,22,0,0
BRDA:90,23,0,0
BRDA:90,23,1,0
BRDA:94,24,0,0
BRDA:94,25,0,0
BRDA:94,25,1,0
BRDA:139,26,0,0
BRDA:139,27,0,0
BRDA:139,27,1,0
BRDA:146,28,0,0
BRDA:146,29,0,0
BRDA:146,29,1,0
BRDA:199,30,0,0
BRDA:217,31,0,0
BRDA:230,32,0,0
BRDA:242,33,0,0
BRDA:255,34,0,0
BRDA:277,35,0,0
BRDA:300,36,0,0
BRDA:300,36,1,0
BRDA:310,37,0,0
BRDA:310,37,1,0
BRDA:319,38,0,0
BRDA:331,39,0,0
BRDA:343,40,0,0
BRDA:366,41,0,0
BRDA:380,42,0,0
BRDA:391,43,0,0
BRDA:415,44,0,0
BRDA:415,44,1,0
BRDA:427,45,0,0
BRDA:427,46,0,0
BRDA:427,46,1,0
BRDA:451,47,0,0
BRDA:486,48,0,0
BRDA:486,48,1,0
BRDA:487,49,0,0
BRDA:487,49,1,0
BRF:81
BRH:0
end_of_record
TN:
SF:src/core/services/values/models/Milestone.ts
FN:27,(anonymous_0)
FN:46,(anonymous_1)
FN:50,(anonymous_2)
FN:60,(anonymous_3)
FN:64,(anonymous_4)
FN:68,(anonymous_5)
FN:72,(anonymous_6)
FN:76,(anonymous_7)
FN:80,(anonymous_8)
FN:92,(anonymous_9)
FN:107,(anonymous_10)
FN:118,(anonymous_11)
FN:127,(anonymous_12)
FN:139,(anonymous_13)
FN:151,(anonymous_14)
FN:161,(anonymous_15)
FN:170,(anonymous_16)
FN:174,(anonymous_17)
FN:178,(anonymous_18)
FNF:19
FNH:0
FNDA:0,(anonymous_0)
FNDA:0,(anonymous_1)
FNDA:0,(anonymous_2)
FNDA:0,(anonymous_3)
FNDA:0,(anonymous_4)
FNDA:0,(anonymous_5)
FNDA:0,(anonymous_6)
FNDA:0,(anonymous_7)
FNDA:0,(anonymous_8)
FNDA:0,(anonymous_9)
FNDA:0,(anonymous_10)
FNDA:0,(anonymous_11)
FNDA:0,(anonymous_12)
FNDA:0,(anonymous_13)
FNDA:0,(anonymous_14)
FNDA:0,(anonymous_15)
FNDA:0,(anonymous_16)
FNDA:0,(anonymous_17)
FNDA:0,(anonymous_18)
DA:7,1
DA:24,1
DA:28,0
DA:43,0
DA:47,0
DA:51,0
DA:52,0
DA:55,0
DA:56,0
DA:61,0
DA:65,0
DA:69,0
DA:73,0
DA:77,0
DA:81,0
DA:93,0
DA:94,0
DA:95,0
DA:108,0
DA:109,0
DA:110,0
DA:119,0
DA:120,0
DA:121,0
DA:128,0
DA:129,0
DA:130,0
DA:140,0
DA:141,0
DA:142,0
DA:152,0
DA:153,0
DA:162,0
DA:171,0
DA:175,0
DA:179,0
LF:36
LH:2
BRDA:29,0,0,0
BRDA:29,0,1,0
BRDA:32,1,0,0
BRDA:32,1,1,0
BRDA:34,2,0,0
BRDA:34,2,1,0
BRDA:35,3,0,0
BRDA:35,3,1,0
BRDA:36,4,0,0
BRDA:36,4,1,0
BRDA:37,5,0,0
BRDA:37,5,1,0
BRDA:38,6,0,0
BRDA:38,6,1,0
BRDA:39,7,0,0
BRDA:39,7,1,0
BRDA:40,8,0,0
BRDA:40,8,1,0
BRDA:51,9,0,0
BRDA:51,10,0,0
BRDA:51,10,1,0
BRDA:55,11,0,0
BRDA:93,12,0,0
BRDA:128,13,0,0
BRDA:140,14,0,0
BRDA:181,15,0,0
BRDA:181,15,1,0
BRDA:182,16,0,0
BRDA:182,16,1,0
BRF:29
BRH:0
end_of_record
TN:
SF:src/core/services/values/models/Value.ts
FN:63,(anonymous_0)
FN:89,(anonymous_1)
FN:99,(anonymous_2)
FN:118,(anonymous_3)
FN:127,(anonymous_4)
FN:136,(anonymous_5)
FN:145,(anonymous_6)
FN:154,(anonymous_7)
FN:163,(anonymous_8)
FN:180,(anonymous_9)
FN:207,(anonymous_10)
FN:222,(anonymous_11)
FN:234,(anonymous_12)
FN:252,(anonymous_13)
FN:264,(anonymous_14)
FN:282,(anonymous_15)
FN:294,(anonymous_16)
FN:308,(anonymous_17)
FN:318,(anonymous_18)
FN:327,(anonymous_19)
FN:335,(anonymous_20)
FN:343,(anonymous_21)
FN:353,(anonymous_22)
FN:368,(anonymous_23)
FN:369,(anonymous_24)
FN:399,(anonymous_25)
FN:412,(anonymous_26)
FN:413,(anonymous_27)
FN:414,(anonymous_28)
FN:418,(anonymous_29)
FN:420,(anonymous_30)
FN:432,(anonymous_31)
FN:442,(anonymous_32)
FN:447,(anonymous_33)
FNF:34
FNH:31
FNDA:46,(anonymous_0)
FNDA:44,(anonymous_1)
FNDA:46,(anonymous_2)
FNDA:50,(anonymous_3)
FNDA:27,(anonymous_4)
FNDA:1,(anonymous_5)
FNDA:12,(anonymous_6)
FNDA:19,(anonymous_7)
FNDA:31,(anonymous_8)
FNDA:3,(anonymous_9)
FNDA:0,(anonymous_10)
FNDA:4,(anonymous_11)
FNDA:1,(anonymous_12)
FNDA:2,(anonymous_13)
FNDA:1,(anonymous_14)
FNDA:2,(anonymous_15)
FNDA:1,(anonymous_16)
FNDA:6,(anonymous_17)
FNDA:3,(anonymous_18)
FNDA:0,(anonymous_19)
FNDA:2,(anonymous_20)
FNDA:1,(anonymous_21)
FNDA:14,(anonymous_22)
FNDA:2,(anonymous_23)
FNDA:1,(anonymous_24)
FNDA:7,(anonymous_25)
FNDA:10,(anonymous_26)
FNDA:35,(anonymous_27)
FNDA:3,(anonymous_28)
FNDA:17,(anonymous_29)
FNDA:3,(anonymous_30)
FNDA:5,(anonymous_31)
FNDA:2,(anonymous_32)
FNDA:0,(anonymous_33)
DA:7,3
DA:60,3
DA:64,46
DA:80,46
DA:90,44
DA:100,46
DA:101,1
DA:104,45
DA:105,1
DA:108,44
DA:109,0
DA:119,50
DA:128,27
DA:137,1
DA:146,12
DA:155,19
DA:164,31
DA:181,3
DA:182,1
DA:185,2
DA:186,1
DA:192,1
DA:193,1
DA:208,0
DA:209,0
DA:223,4
DA:224,3
DA:225,3
DA:235,1
DA:236,1
DA:237,1
DA:238,1
DA:253,2
DA:254,2
DA:255,2
DA:265,1
DA:266,1
DA:267,1
DA:268,1
DA:283,2
DA:284,2
DA:285,2
DA:295,1
DA:296,1
DA:297,1
DA:298,1
DA:309,6
DA:319,3
DA:328,0
DA:329,0
DA:336,2
DA:337,2
DA:344,1
DA:345,1
DA:354,14
DA:369,2
DA:375,2
DA:381,2
DA:400,7
DA:401,7
DA:402,7
DA:404,7
DA:407,7
DA:408,2
DA:412,10
DA:413,35
DA:414,7
DA:415,7
DA:418,7
DA:419,17
DA:420,3
DA:422,7
DA:424,7
DA:433,5
DA:443,2
DA:447,0
LF:76
LH:70
BRDA:65,0,0,46
BRDA:65,0,1,44
BRDA:67,1,0,46
BRDA:67,1,1,44
BRDA:69,2,0,19
BRDA:69,2,1,27
BRDA:70,3,0,46
BRDA:70,3,1,41
BRDA:71,4,0,46
BRDA:71,4,1,44
BRDA:72,5,0,46
BRDA:72,5,1,44
BRDA:73,6,0,46
BRDA:73,6,1,44
BRDA:74,7,0,46
BRDA:74,7,1,44
BRDA:75,8,0,46
BRDA:75,8,1,44
BRDA:77,9,0,2
BRDA:77,9,1,44
BRDA:100,10,0,1
BRDA:100,11,0,46
BRDA:100,11,1,45
BRDA:104,12,0,1
BRDA:104,13,0,45
BRDA:104,13,1,45
BRDA:108,14,0,0
BRDA:181,15,0,1
BRDA:181,16,0,3
BRDA:181,16,1,3
BRDA:185,17,0,1
BRDA:223,18,0,3
BRDA:236,19,0,1
BRDA:253,20,0,2
BRDA:266,21,0,1
BRDA:283,22,0,2
BRDA:296,23,0,1
BRDA:407,24,0,2
BRDA:419,25,0,17
BRDA:419,25,1,5
BRF:40
BRH:39
end_of_record
TN:
SF:src/core/services/values/tracking/PatternAnalyzer.ts
FN:8,(anonymous_0)
FN:11,(anonymous_1)
FN:15,(anonymous_2)
FN:16,(anonymous_3)
FN:19,(anonymous_4)
FN:21,(anonymous_5)
FN:46,(anonymous_6)
FNF:7
FNH:1
FNDA:13,(anonymous_0)
FNDA:0,(anonymous_1)
FNDA:0,(anonymous_2)
FNDA:0,(anonymous_3)
FNDA:0,(anonymous_4)
FNDA:0,(anonymous_5)
FNDA:0,(anonymous_6)
DA:8,1
DA:9,13
DA:12,0
DA:16,0
DA:20,0
DA:21,0
DA:23,0
DA:24,0
DA:25,0
DA:29,0
DA:30,0
DA:31,0
DA:32,0
DA:43,0
DA:47,0
LF:15
LH:2
BRDA:16,0,0,0
BRDA:16,0,1,0
BRDA:25,1,0,0
BRDA:25,1,1,0
BRDA:31,2,0,0
BRF:5
BRH:0
end_of_record
TN:
SF:src/core/services/values/tracking/ProgressTracker.ts
FN:11,(anonymous_0)
FN:14,(anonymous_1)
FN:27,(anonymous_2)
FN:31,(anonymous_3)
FN:41,(anonymous_4)
FN:56,(anonymous_5)
FN:61,(anonymous_6)
FN:77,(anonymous_7)
FNF:8
FNH:1
FNDA:13,(anonymous_0)
FNDA:0,(anonymous_1)
FNDA:0,(anonymous_2)
FNDA:0,(anonymous_3)
FNDA:0,(anonymous_4)
FNDA:0,(anonymous_5)
FNDA:0,(anonymous_6)
FNDA:0,(anonymous_7)
DA:11,1
DA:12,13
DA:15,0
DA:16,0
DA:19,0
DA:28,0
DA:35,0
DA:36,0
DA:37,0
DA:40,0
DA:41,0
DA:43,0
DA:44,0
DA:47,0
DA:48,0
DA:49,0
DA:51,0
DA:53,0
DA:57,0
DA:58,0
DA:60,0
DA:61,0
DA:62,0
DA:63,0
DA:64,0
DA:65,0
DA:68,0
DA:70,0
DA:71,0
DA:72,0
DA:74,0
DA:78,0
LF:32
LH:2
BRDA:15,0,0,0
BRDA:28,1,0,0
BRDA:28,1,1,0
BRDA:31,2,0,0
BRDA:36,3,0,0
BRDA:43,4,0,0
BRDA:51,5,0,0
BRDA:51,5,1,0
BRDA:51,6,0,0
BRDA:51,6,1,0
BRDA:58,7,0,0
BRDA:62,8,0,0
BRDA:68,9,0,0
BRF:13
BRH:0
end_of_record
TN:
SF:src/core/services/values/tracking/StreakTracker.ts
FN:8,(anonymous_0)
FN:12,(anonymous_1)
FN:17,(anonymous_2)
FN:21,(anonymous_3)
FN:37,(anonymous_4)
FN:44,(anonymous_5)
FN:48,(anonymous_6)
FNF:7
FNH:1
FNDA:13,(anonymous_0)
FNDA:0,(anonymous_1)
FNDA:0,(anonymous_2)
FNDA:0,(anonymous_3)
FNDA:0,(anonymous_4)
FNDA:0,(anonymous_5)
FNDA:0,(anonymous_6)
DA:8,1
DA:9,13
DA:10,13
DA:13,0
DA:14,0
DA:18,0
DA:22,0
DA:23,0
DA:24,0
DA:25,0
DA:38,0
DA:39,0
DA:41,0
DA:45,0
DA:49,0
DA:50,0
LF:16
LH:3
BRDA:24,0,0,0
BRDA:38,1,0,0
BRDA:45,2,0,0
BRDA:45,2,1,0
BRF:4
BRH:0
end_of_record
TN:
SF:src/core/services/values/tracking/SuccessMetrics.ts
FN:6,(anonymous_0)
FN:9,(anonymous_1)
FN:17,(anonymous_2)
FN:21,(anonymous_3)
FN:28,(anonymous_4)
FN:31,(anonymous_5)
FN:34,(anonymous_6)
FNF:7
FNH:1
FNDA:13,(anonymous_0)
FNDA:0,(anonymous_1)
FNDA:0,(anonymous_2)
FNDA:0,(anonymous_3)
FNDA:0,(anonymous_4)
FNDA:0,(anonymous_5)
FNDA:0,(anonymous_6)
DA:6,1
DA:7,13
DA:10,0
DA:11,0
DA:12,0
DA:14,0
DA:18,0
DA:22,0
DA:23,0
DA:25,0
DA:26,0
DA:27,0
DA:28,0
DA:31,0
DA:35,0
LF:15
LH:2
BRDA:11,0,0,0
BRDA:18,1,0,0
BRDA:18,1,1,0
BRDA:23,2,0,0
BRDA:26,3,0,0
BRF:5
BRH:0
end_of_record
