TN:
SF:src/core/memory/MemoryService.ts
FN:51,(anonymous_1)
FN:74,(anonymous_2)
FN:106,(anonymous_3)
FN:120,(anonymous_4)
FN:149,(anonymous_5)
FN:163,(anonymous_6)
FN:189,(anonymous_7)
FN:190,(anonymous_8)
FN:205,(anonymous_9)
FN:241,(anonymous_10)
FN:276,(anonymous_11)
FN:311,(anonymous_12)
FN:347,(anonymous_13)
FN:379,(anonymous_14)
FN:386,(anonymous_15)
FN:411,(anonymous_16)
FN:436,(anonymous_17)
FN:446,(anonymous_18)
FN:484,(anonymous_19)
FN:506,(anonymous_20)
FN:518,(anonymous_21)
FN:531,(anonymous_22)
FN:543,(anonymous_23)
FN:545,(anonymous_24)
FN:549,(anonymous_25)
FN:556,(anonymous_26)
FN:563,(anonymous_27)
FN:565,(anonymous_28)
FN:573,(anonymous_29)
FN:584,(anonymous_30)
FN:597,(anonymous_31)
FN:600,(anonymous_32)
FNF:32
FNH:27
FNDA:32,(anonymous_1)
FNDA:161,(anonymous_2)
FNDA:12,(anonymous_3)
FNDA:101,(anonymous_4)
FNDA:122,(anonymous_5)
FNDA:110,(anonymous_6)
FNDA:1,(anonymous_7)
FNDA:1,(anonymous_8)
FNDA:11,(anonymous_9)
FNDA:138,(anonymous_10)
FNDA:7,(anonymous_11)
FNDA:5,(anonymous_12)
FNDA:21,(anonymous_13)
FNDA:7,(anonymous_14)
FNDA:28,(anonymous_15)
FNDA:2,(anonymous_16)
FNDA:0,(anonymous_17)
FNDA:0,(anonymous_18)
FNDA:0,(anonymous_19)
FNDA:0,(anonymous_20)
FNDA:5,(anonymous_21)
FNDA:2,(anonymous_22)
FNDA:11,(anonymous_23)
FNDA:1,(anonymous_24)
FNDA:1,(anonymous_25)
FNDA:161,(anonymous_26)
FNDA:32,(anonymous_27)
FNDA:0,(anonymous_28)
FNDA:32,(anonymous_29)
FNDA:3,(anonymous_30)
FNDA:2,(anonymous_31)
FNDA:2,(anonymous_32)
DA:6,1
DA:20,1
DA:21,1
DA:22,1
DA:38,1
DA:39,32
DA:40,32
DA:41,32
DA:45,32
DA:52,32
DA:59,32
DA:60,32
DA:62,32
DA:63,30
DA:66,32
DA:75,161
DA:77,161
DA:84,161
DA:85,161
DA:88,161
DA:89,0
DA:92,161
DA:94,161
DA:95,0
DA:98,161
DA:107,12
DA:108,12
DA:109,12
DA:111,12
DA:112,122
DA:113,122
DA:114,109
DA:115,109
DA:120,12
DA:121,101
DA:125,12
DA:126,12
DA:127,12
DA:129,12
DA:131,12
DA:132,0
DA:135,12
DA:150,122
DA:153,122
DA:154,4
DA:155,2
DA:157,2
DA:161,120
DA:162,109
DA:163,109
DA:164,110
DA:166,109
DA:170,120
DA:171,4
DA:172,4
DA:173,4
DA:175,4
DA:176,4
DA:181,120
DA:182,4
DA:183,2
DA:188,120
DA:189,1
DA:190,1
DA:191,1
DA:193,1
DA:196,120
DA:210,11
DA:232,11
DA:246,138
DA:267,138
DA:281,7
DA:302,7
DA:316,5
DA:337,5
DA:353,21
DA:354,21
DA:355,1
DA:358,20
DA:366,20
DA:368,20
DA:369,20
DA:370,20
DA:383,7
DA:384,7
DA:386,7
DA:387,28
DA:388,2
DA:391,26
DA:392,26
DA:394,26
DA:395,22
DA:396,22
DA:397,21
DA:398,21
DA:403,7
DA:404,7
DA:412,2
DA:413,2
DA:420,2
DA:421,2
DA:422,2
DA:424,2
DA:425,2
DA:426,2
DA:427,2
DA:428,2
DA:431,2
DA:436,0
DA:447,0
DA:448,0
DA:451,0
DA:452,0
DA:453,0
DA:456,0
DA:457,0
DA:458,0
DA:463,0
DA:464,0
DA:474,0
DA:475,0
DA:485,0
DA:488,0
DA:489,0
DA:493,0
DA:496,0
DA:497,0
DA:498,0
DA:499,0
DA:500,0
DA:504,0
DA:505,0
DA:506,0
DA:507,0
DA:508,0
DA:510,0
DA:519,5
DA:520,5
DA:522,5
DA:523,1
DA:524,0
DA:532,2
DA:533,2
DA:534,2
DA:536,2
DA:544,11
DA:545,1
DA:547,11
DA:549,1
DA:557,161
DA:564,32
DA:565,0
DA:574,32
DA:575,32
DA:576,32
DA:585,3
DA:590,3
DA:598,2
DA:600,2
DA:602,2
DA:603,2
DA:604,2
DA:607,2
LF:163
LH:130
BRDA:51,0,0,2
BRDA:53,1,0,32
BRDA:53,1,1,32
BRDA:54,2,0,32
BRDA:54,2,1,2
BRDA:62,3,0,30
BRDA:81,4,0,161
BRDA:81,4,1,0
BRDA:88,5,0,0
BRDA:94,6,0,0
BRDA:113,7,0,109
BRDA:121,8,0,101
BRDA:121,8,1,0
BRDA:121,9,0,101
BRDA:121,9,1,0
BRDA:125,10,0,12
BRDA:125,10,1,12
BRDA:126,11,0,12
BRDA:126,11,1,9
BRDA:131,12,0,0
BRDA:153,13,0,4
BRDA:153,14,0,122
BRDA:153,14,1,4
BRDA:154,15,0,2
BRDA:161,16,0,109
BRDA:161,17,0,120
BRDA:161,17,1,109
BRDA:170,18,0,4
BRDA:175,19,0,4
BRDA:175,20,0,4
BRDA:175,20,1,4
BRDA:181,21,0,4
BRDA:182,22,0,2
BRDA:188,23,0,1
BRDA:188,24,0,120
BRDA:188,24,1,1
BRDA:208,25,0,10
BRDA:244,26,0,137
BRDA:251,27,0,137
BRDA:251,27,1,1
BRDA:279,28,0,7
BRDA:314,29,0,5
BRDA:351,30,0,0
BRDA:354,31,0,1
BRDA:368,32,0,20
BRDA:368,32,1,11
BRDA:381,33,0,2
BRDA:387,34,0,2
BRDA:387,35,0,28
BRDA:387,35,1,26
BRDA:392,36,0,26
BRDA:392,36,1,13
BRDA:396,37,0,21
BRDA:396,38,0,22
BRDA:396,38,1,22
BRDA:427,39,0,1
BRDA:428,40,0,2
BRDA:437,41,0,2
BRDA:437,41,1,0
BRDA:447,42,0,0
BRDA:463,43,0,0
BRDA:488,44,0,0
BRDA:497,45,0,0
BRDA:497,45,1,0
BRDA:499,46,0,0
BRDA:522,47,0,4
BRDA:523,48,0,1
BRDA:547,49,0,10
BRDA:574,50,0,32
BRF:69
BRH:55
end_of_record
TN:
SF:src/core/memory/storage/compression.ts
FN:15,(anonymous_1)
FN:41,(anonymous_2)
FN:60,(anonymous_3)
FN:71,(anonymous_4)
FN:100,(anonymous_5)
FN:129,(anonymous_6)
FN:148,(anonymous_7)
FNF:7
FNH:7
FNDA:2,(anonymous_1)
FNDA:6,(anonymous_2)
FNDA:4,(anonymous_3)
FNDA:5,(anonymous_4)
FNDA:3,(anonymous_5)
FNDA:3,(anonymous_6)
FNDA:3,(anonymous_7)
DA:6,2
DA:7,2
DA:9,2
DA:10,2
DA:15,2
DA:16,2
DA:17,2
DA:18,2
DA:35,2
DA:42,6
DA:43,6
DA:44,6
DA:46,6
DA:61,4
DA:62,4
DA:63,4
DA:72,5
DA:75,5
DA:82,5
DA:84,5
DA:105,3
DA:107,3
DA:108,1
DA:117,2
DA:118,1
DA:121,1
DA:130,3
DA:132,1
DA:134,1
DA:136,1
DA:138,0
DA:149,3
DA:150,3
DA:151,3
DA:158,2
LF:35
LH:34
BRDA:15,0,0,2
BRDA:15,0,1,2
BRDA:103,1,0,0
BRDA:107,2,0,1
BRDA:117,3,0,1
BRDA:130,4,0,1
BRDA:130,4,1,1
BRDA:130,4,2,1
BRDA:130,4,3,0
BRF:9
BRH:7
end_of_record
TN:
SF:src/core/memory/storage/encryption.ts
FN:28,(anonymous_1)
FN:35,(anonymous_2)
FN:52,(anonymous_3)
FN:62,(anonymous_4)
FN:89,(anonymous_5)
FN:113,(anonymous_6)
FN:122,(anonymous_7)
FN:132,(anonymous_8)
FNF:8
FNH:8
FNDA:48,(anonymous_1)
FNDA:31,(anonymous_2)
FNDA:12,(anonymous_3)
FNDA:7,(anonymous_4)
FNDA:5,(anonymous_5)
FNDA:4,(anonymous_6)
FNDA:8,(anonymous_7)
FNDA:2,(anonymous_8)
DA:6,2
DA:8,2
DA:9,2
DA:10,2
DA:11,2
DA:12,2
DA:13,2
DA:28,2
DA:29,48
DA:36,31
DA:37,31
DA:53,12
DA:63,7
DA:64,7
DA:65,7
DA:67,7
DA:69,7
DA:70,7
DA:72,7
DA:74,7
DA:90,5
DA:91,5
DA:92,5
DA:93,5
DA:94,5
DA:96,5
DA:97,5
DA:99,5
DA:100,5
DA:102,4
DA:104,1
DA:114,4
DA:123,8
DA:133,2
DA:140,2
LF:35
LH:35
BRDA:113,0,0,3
BRF:1
BRH:1
end_of_record
TN:
SF:src/core/memory/types/index.ts
FN:9,(anonymous_0)
FN:19,(anonymous_1)
FN:29,(anonymous_2)
FN:40,(anonymous_3)
FN:64,(anonymous_4)
FN:274,(anonymous_5)
FNF:6
FNH:6
FNDA:1,(anonymous_0)
FNDA:1,(anonymous_1)
FNDA:1,(anonymous_2)
FNDA:1,(anonymous_3)
FNDA:1,(anonymous_4)
FNDA:1,(anonymous_5)
DA:9,1
DA:10,1
DA:11,1
DA:12,1
DA:13,1
DA:19,1
DA:20,1
DA:21,1
DA:22,1
DA:23,1
DA:29,1
DA:30,1
DA:31,1
DA:32,1
DA:33,1
DA:34,1
DA:40,1
DA:41,1
DA:42,1
DA:43,1
DA:44,1
DA:45,1
DA:46,1
DA:47,1
DA:48,1
DA:49,1
DA:50,1
DA:51,1
DA:52,1
DA:53,1
DA:54,1
DA:55,1
DA:56,1
DA:57,1
DA:58,1
DA:64,1
DA:65,1
DA:66,1
DA:67,1
DA:68,1
DA:69,1
DA:274,1
DA:275,1
DA:276,1
DA:277,1
DA:278,1
LF:46
LH:46
BRDA:9,0,0,1
BRDA:9,0,1,1
BRDA:19,1,0,1
BRDA:19,1,1,1
BRDA:29,2,0,1
BRDA:29,2,1,1
BRDA:40,3,0,1
BRDA:40,3,1,1
BRDA:64,4,0,1
BRDA:64,4,1,1
BRDA:274,5,0,1
BRDA:274,5,1,1
BRF:12
BRH:12
end_of_record
